[2026-02-11T15:13:21.210+0000] {taskinstance.py:1956} INFO - Dependencies all met for dep_context=non-requeueable deps ti=<TaskInstance: arabe_T.evaluate_model manual__2026-02-11T15:09:25.960302+00:00 [queued]>
[2026-02-11T15:13:21.221+0000] {taskinstance.py:1956} INFO - Dependencies all met for dep_context=requeueable deps ti=<TaskInstance: arabe_T.evaluate_model manual__2026-02-11T15:09:25.960302+00:00 [queued]>
[2026-02-11T15:13:21.221+0000] {taskinstance.py:2170} INFO - Starting attempt 1 of 1
[2026-02-11T15:13:21.271+0000] {taskinstance.py:2191} INFO - Executing <Task(PythonOperator): evaluate_model> on 2026-02-11 15:09:25.960302+00:00
[2026-02-11T15:13:21.286+0000] {standard_task_runner.py:60} INFO - Started process 1757 to run task
[2026-02-11T15:13:21.289+0000] {standard_task_runner.py:87} INFO - Running: ['***', 'tasks', 'run', 'arabe_T', 'evaluate_model', 'manual__2026-02-11T15:09:25.960302+00:00', '--job-id', '241', '--raw', '--subdir', 'DAGS_FOLDER/arabet.py', '--cfg-path', '/tmp/tmpo_uxlj4c']
[2026-02-11T15:13:21.291+0000] {standard_task_runner.py:88} INFO - Job 241: Subtask evaluate_model
[2026-02-11T15:13:21.337+0000] {task_command.py:423} INFO - Running <TaskInstance: arabe_T.evaluate_model manual__2026-02-11T15:09:25.960302+00:00 [running]> on host 9a12c51d6c6d
[2026-02-11T15:13:21.415+0000] {taskinstance.py:2480} INFO - Exporting env vars: AIRFLOW_CTX_DAG_OWNER='***' AIRFLOW_CTX_DAG_ID='arabe_T' AIRFLOW_CTX_TASK_ID='evaluate_model' AIRFLOW_CTX_EXECUTION_DATE='2026-02-11T15:09:25.960302+00:00' AIRFLOW_CTX_TRY_NUMBER='1' AIRFLOW_CTX_DAG_RUN_ID='manual__2026-02-11T15:09:25.960302+00:00'
[2026-02-11T15:13:21.469+0000] {logging_mixin.py:188} INFO - Benchmark Accuracy: 0.0
[2026-02-11T15:13:21.477+0000] {logging_mixin.py:188} WARNING - /home/***/.local/lib/python3.9/site-packages/sklearn/metrics/_classification.py:1565 UndefinedMetricWarning: Precision is ill-defined and being set to 0.0 in labels with no predicted samples. Use `zero_division` parameter to control this behavior.
[2026-02-11T15:13:21.480+0000] {logging_mixin.py:188} WARNING - /home/***/.local/lib/python3.9/site-packages/sklearn/metrics/_classification.py:1565 UndefinedMetricWarning: Recall is ill-defined and being set to 0.0 in labels with no true samples. Use `zero_division` parameter to control this behavior.
[2026-02-11T15:13:21.482+0000] {logging_mixin.py:188} INFO - Benchmark Accuracy: 0.0000
[2026-02-11T15:13:21.483+0000] {logging_mixin.py:188} INFO - Precision (weighted): 0.0000
[2026-02-11T15:13:21.483+0000] {logging_mixin.py:188} INFO - Recall (weighted): 0.0000
[2026-02-11T15:13:21.483+0000] {logging_mixin.py:188} INFO - F1-score (weighted): 0.0000
[2026-02-11T15:13:21.483+0000] {python.py:201} INFO - Done. Returned value was: None
[2026-02-11T15:13:21.491+0000] {taskinstance.py:1138} INFO - Marking task as SUCCESS. dag_id=arabe_T, task_id=evaluate_model, execution_date=20260211T150925, start_date=20260211T151321, end_date=20260211T151321
[2026-02-11T15:13:21.581+0000] {local_task_job_runner.py:234} INFO - Task exited with return code 0
[2026-02-11T15:13:21.598+0000] {taskinstance.py:3280} INFO - 0 downstream tasks scheduled from follow-on schedule check
