[2026-02-12T11:06:53.282+0000] {taskinstance.py:1956} INFO - Dependencies all met for dep_context=non-requeueable deps ti=<TaskInstance: tunisia.load_data manual__2026-02-12T11:06:46.877359+00:00 [queued]>
[2026-02-12T11:06:53.303+0000] {taskinstance.py:1956} INFO - Dependencies all met for dep_context=requeueable deps ti=<TaskInstance: tunisia.load_data manual__2026-02-12T11:06:46.877359+00:00 [queued]>
[2026-02-12T11:06:53.303+0000] {taskinstance.py:2170} INFO - Starting attempt 1 of 1
[2026-02-12T11:06:53.335+0000] {taskinstance.py:2191} INFO - Executing <Task(PythonOperator): load_data> on 2026-02-12 11:06:46.877359+00:00
[2026-02-12T11:06:53.346+0000] {standard_task_runner.py:60} INFO - Started process 2012 to run task
[2026-02-12T11:06:53.374+0000] {standard_task_runner.py:87} INFO - Running: ['***', 'tasks', 'run', 'tunisia', 'load_data', 'manual__2026-02-12T11:06:46.877359+00:00', '--job-id', '352', '--raw', '--subdir', 'DAGS_FOLDER/tunisia.py', '--cfg-path', '/tmp/tmp_83oscss']
[2026-02-12T11:06:53.376+0000] {standard_task_runner.py:88} INFO - Job 352: Subtask load_data
[2026-02-12T11:06:53.689+0000] {task_command.py:423} INFO - Running <TaskInstance: tunisia.load_data manual__2026-02-12T11:06:46.877359+00:00 [running]> on host a38ab41c63b5
[2026-02-12T11:06:54.156+0000] {taskinstance.py:2480} INFO - Exporting env vars: AIRFLOW_CTX_DAG_OWNER='***' AIRFLOW_CTX_DAG_ID='tunisia' AIRFLOW_CTX_TASK_ID='load_data' AIRFLOW_CTX_EXECUTION_DATE='2026-02-12T11:06:46.877359+00:00' AIRFLOW_CTX_TRY_NUMBER='1' AIRFLOW_CTX_DAG_RUN_ID='manual__2026-02-12T11:06:46.877359+00:00'
[2026-02-12T11:06:54.405+0000] {logging_mixin.py:188} INFO - --- Data Loading Report ---
[2026-02-12T11:06:54.405+0000] {logging_mixin.py:188} INFO - Original rows: 196
[2026-02-12T11:06:54.405+0000] {logging_mixin.py:188} INFO - Rows after dropping invalid labels: 1
[2026-02-12T11:06:54.428+0000] {logging_mixin.py:188} INFO - Label distribution:
sentiment
positive    1
Name: count, dtype: int64
[2026-02-12T11:06:54.429+0000] {logging_mixin.py:188} INFO - ---------------------------
[2026-02-12T11:06:54.618+0000] {python.py:201} INFO - Done. Returned value was: None
[2026-02-12T11:06:54.626+0000] {taskinstance.py:1138} INFO - Marking task as SUCCESS. dag_id=tunisia, task_id=load_data, execution_date=20260212T110646, start_date=20260212T110653, end_date=20260212T110654
[2026-02-12T11:06:54.763+0000] {local_task_job_runner.py:234} INFO - Task exited with return code 0
[2026-02-12T11:06:54.795+0000] {taskinstance.py:3280} INFO - 1 downstream tasks scheduled from follow-on schedule check
