[2026-02-11T18:25:12.823+0000] {taskinstance.py:1956} INFO - Dependencies all met for dep_context=non-requeueable deps ti=<TaskInstance: tunisia.evaluate_model manual__2026-02-11T18:19:29.706158+00:00 [queued]>
[2026-02-11T18:25:12.835+0000] {taskinstance.py:1956} INFO - Dependencies all met for dep_context=requeueable deps ti=<TaskInstance: tunisia.evaluate_model manual__2026-02-11T18:19:29.706158+00:00 [queued]>
[2026-02-11T18:25:12.836+0000] {taskinstance.py:2170} INFO - Starting attempt 1 of 1
[2026-02-11T18:25:12.859+0000] {taskinstance.py:2191} INFO - Executing <Task(PythonOperator): evaluate_model> on 2026-02-11 18:19:29.706158+00:00
[2026-02-11T18:25:12.874+0000] {standard_task_runner.py:60} INFO - Started process 1468 to run task
[2026-02-11T18:25:12.877+0000] {standard_task_runner.py:87} INFO - Running: ['***', 'tasks', 'run', 'tunisia', 'evaluate_model', 'manual__2026-02-11T18:19:29.706158+00:00', '--job-id', '303', '--raw', '--subdir', 'DAGS_FOLDER/tunisia.py', '--cfg-path', '/tmp/tmpt9py5y8l']
[2026-02-11T18:25:12.879+0000] {standard_task_runner.py:88} INFO - Job 303: Subtask evaluate_model
[2026-02-11T18:25:12.932+0000] {task_command.py:423} INFO - Running <TaskInstance: tunisia.evaluate_model manual__2026-02-11T18:19:29.706158+00:00 [running]> on host 7e3b5184f595
[2026-02-11T18:25:13.058+0000] {taskinstance.py:2480} INFO - Exporting env vars: AIRFLOW_CTX_DAG_OWNER='***' AIRFLOW_CTX_DAG_ID='tunisia' AIRFLOW_CTX_TASK_ID='evaluate_model' AIRFLOW_CTX_EXECUTION_DATE='2026-02-11T18:19:29.706158+00:00' AIRFLOW_CTX_TRY_NUMBER='1' AIRFLOW_CTX_DAG_RUN_ID='manual__2026-02-11T18:19:29.706158+00:00'
[2026-02-11T18:25:13.100+0000] {logging_mixin.py:188} WARNING - /home/***/.local/lib/python3.9/site-packages/sklearn/utils/_array_api.py:399 RuntimeWarning: invalid value encountered in cast
[2026-02-11T18:25:13.137+0000] {taskinstance.py:2698} ERROR - Task failed with exception
Traceback (most recent call last):
  File "/home/airflow/.local/lib/python3.9/site-packages/airflow/models/taskinstance.py", line 433, in _execute_task
    result = execute_callable(context=context, **execute_callable_kwargs)
  File "/home/airflow/.local/lib/python3.9/site-packages/airflow/operators/python.py", line 199, in execute
    return_value = self.execute_callable()
  File "/home/airflow/.local/lib/python3.9/site-packages/airflow/operators/python.py", line 216, in execute_callable
    return self.python_callable(*self.op_args, **self.op_kwargs)
  File "/opt/airflow/dags/tunisia.py", line 70, in evaluate
    acc = accuracy_score(y_true, y_pred)
  File "/home/airflow/.local/lib/python3.9/site-packages/sklearn/utils/_param_validation.py", line 216, in wrapper
    return func(*args, **kwargs)
  File "/home/airflow/.local/lib/python3.9/site-packages/sklearn/metrics/_classification.py", line 227, in accuracy_score
    y_type, y_true, y_pred = _check_targets(y_true, y_pred)
  File "/home/airflow/.local/lib/python3.9/site-packages/sklearn/metrics/_classification.py", line 99, in _check_targets
    type_true = type_of_target(y_true, input_name="y_true")
  File "/home/airflow/.local/lib/python3.9/site-packages/sklearn/utils/multiclass.py", line 417, in type_of_target
    _assert_all_finite(data, input_name=input_name)
  File "/home/airflow/.local/lib/python3.9/site-packages/sklearn/utils/validation.py", line 120, in _assert_all_finite
    _assert_all_finite_element_wise(
  File "/home/airflow/.local/lib/python3.9/site-packages/sklearn/utils/validation.py", line 169, in _assert_all_finite_element_wise
    raise ValueError(msg_err)
ValueError: Input y_true contains NaN.
[2026-02-11T18:25:13.260+0000] {taskinstance.py:1138} INFO - Marking task as FAILED. dag_id=tunisia, task_id=evaluate_model, execution_date=20260211T181929, start_date=20260211T182512, end_date=20260211T182513
[2026-02-11T18:25:13.427+0000] {standard_task_runner.py:107} ERROR - Failed to execute job 303 for task evaluate_model (Input y_true contains NaN.; 1468)
[2026-02-11T18:25:13.450+0000] {local_task_job_runner.py:234} INFO - Task exited with return code 1
[2026-02-11T18:25:13.468+0000] {taskinstance.py:3280} INFO - 0 downstream tasks scheduled from follow-on schedule check
