[2026-02-11T17:49:31.767+0000] {taskinstance.py:1956} INFO - Dependencies all met for dep_context=non-requeueable deps ti=<TaskInstance: arabe_T.load_data manual__2026-02-11T12:13:12.878685+00:00 [queued]>
[2026-02-11T17:49:31.777+0000] {taskinstance.py:1956} INFO - Dependencies all met for dep_context=requeueable deps ti=<TaskInstance: arabe_T.load_data manual__2026-02-11T12:13:12.878685+00:00 [queued]>
[2026-02-11T17:49:31.777+0000] {taskinstance.py:2170} INFO - Starting attempt 2 of 2
[2026-02-11T17:49:31.820+0000] {taskinstance.py:2191} INFO - Executing <Task(PythonOperator): load_data> on 2026-02-11 12:13:12.878685+00:00
[2026-02-11T17:49:31.831+0000] {standard_task_runner.py:60} INFO - Started process 2819 to run task
[2026-02-11T17:49:31.834+0000] {standard_task_runner.py:87} INFO - Running: ['***', 'tasks', 'run', 'arabe_T', 'load_data', 'manual__2026-02-11T12:13:12.878685+00:00', '--job-id', '280', '--raw', '--subdir', 'DAGS_FOLDER/arabet.py', '--cfg-path', '/tmp/tmp4_c4i3tp']
[2026-02-11T17:49:31.836+0000] {standard_task_runner.py:88} INFO - Job 280: Subtask load_data
[2026-02-11T17:49:31.908+0000] {task_command.py:423} INFO - Running <TaskInstance: arabe_T.load_data manual__2026-02-11T12:13:12.878685+00:00 [running]> on host 37f5064af6fa
[2026-02-11T17:49:32.052+0000] {taskinstance.py:2480} INFO - Exporting env vars: AIRFLOW_CTX_DAG_OWNER='***' AIRFLOW_CTX_DAG_ID='arabe_T' AIRFLOW_CTX_TASK_ID='load_data' AIRFLOW_CTX_EXECUTION_DATE='2026-02-11T12:13:12.878685+00:00' AIRFLOW_CTX_TRY_NUMBER='2' AIRFLOW_CTX_DAG_RUN_ID='manual__2026-02-11T12:13:12.878685+00:00'
[2026-02-11T17:49:32.102+0000] {logging_mixin.py:188} INFO - Columns: Index(['label', 'text'], dtype='object')
[2026-02-11T17:49:32.287+0000] {logging_mixin.py:188} INFO -                                                label      text
0  "تخيّل روحك تكون تصور في تحرك ضد الشركة الصهيو...  negative
1  فماش تهم أخرى مقنعة أكثر بالله ؟؟ شنو نعملوا ب...  negative
2            هذا اللي صار لأختنا Esmahen Ghanmi  !!   positive
3  متهمة بقضية ""جمع معلومات شخصية على الأمنيين""...  negative
4  بالمناسبة نعاودوا نذكروا الي قضيتنا راهي عادلة...   neutral
[2026-02-11T17:49:32.387+0000] {python.py:201} INFO - Done. Returned value was: None
[2026-02-11T17:49:32.397+0000] {taskinstance.py:1138} INFO - Marking task as SUCCESS. dag_id=arabe_T, task_id=load_data, execution_date=20260211T121312, start_date=20260211T174931, end_date=20260211T174932
[2026-02-11T17:49:32.448+0000] {local_task_job_runner.py:234} INFO - Task exited with return code 0
[2026-02-11T17:49:32.476+0000] {taskinstance.py:3280} INFO - 1 downstream tasks scheduled from follow-on schedule check
