[2026-02-11T21:35:30.562+0000] {taskinstance.py:1956} INFO - Dependencies all met for dep_context=non-requeueable deps ti=<TaskInstance: tunisia.evaluate_model manual__2026-02-11T21:29:45.345318+00:00 [queued]>
[2026-02-11T21:35:30.572+0000] {taskinstance.py:1956} INFO - Dependencies all met for dep_context=requeueable deps ti=<TaskInstance: tunisia.evaluate_model manual__2026-02-11T21:29:45.345318+00:00 [queued]>
[2026-02-11T21:35:30.573+0000] {taskinstance.py:2170} INFO - Starting attempt 1 of 1
[2026-02-11T21:35:30.607+0000] {taskinstance.py:2191} INFO - Executing <Task(PythonOperator): evaluate_model> on 2026-02-11 21:29:45.345318+00:00
[2026-02-11T21:35:30.628+0000] {standard_task_runner.py:60} INFO - Started process 1611 to run task
[2026-02-11T21:35:30.631+0000] {standard_task_runner.py:87} INFO - Running: ['***', 'tasks', 'run', 'tunisia', 'evaluate_model', 'manual__2026-02-11T21:29:45.345318+00:00', '--job-id', '322', '--raw', '--subdir', 'DAGS_FOLDER/tunisia.py', '--cfg-path', '/tmp/tmpwwvuy1jp']
[2026-02-11T21:35:30.633+0000] {standard_task_runner.py:88} INFO - Job 322: Subtask evaluate_model
[2026-02-11T21:35:30.684+0000] {task_command.py:423} INFO - Running <TaskInstance: tunisia.evaluate_model manual__2026-02-11T21:29:45.345318+00:00 [running]> on host aa3cc7570681
[2026-02-11T21:35:30.849+0000] {taskinstance.py:2480} INFO - Exporting env vars: AIRFLOW_CTX_DAG_OWNER='***' AIRFLOW_CTX_DAG_ID='tunisia' AIRFLOW_CTX_TASK_ID='evaluate_model' AIRFLOW_CTX_EXECUTION_DATE='2026-02-11T21:29:45.345318+00:00' AIRFLOW_CTX_TRY_NUMBER='1' AIRFLOW_CTX_DAG_RUN_ID='manual__2026-02-11T21:29:45.345318+00:00'
[2026-02-11T21:35:30.964+0000] {logging_mixin.py:188} WARNING - /home/***/.local/lib/python3.9/site-packages/numpy/lib/function_base.py:518 RuntimeWarning: Mean of empty slice.
[2026-02-11T21:35:30.965+0000] {logging_mixin.py:188} WARNING - /home/***/.local/lib/python3.9/site-packages/numpy/core/_methods.py:192 RuntimeWarning: invalid value encountered in scalar divide
[2026-02-11T21:35:30.966+0000] {logging_mixin.py:188} INFO - Benchmark Accuracy: nan
[2026-02-11T21:35:30.968+0000] {logging_mixin.py:188} WARNING - /home/***/.local/lib/python3.9/site-packages/numpy/lib/function_base.py:518 RuntimeWarning: Mean of empty slice.
[2026-02-11T21:35:30.969+0000] {logging_mixin.py:188} WARNING - /home/***/.local/lib/python3.9/site-packages/numpy/core/_methods.py:192 RuntimeWarning: invalid value encountered in scalar divide
[2026-02-11T21:35:30.990+0000] {logging_mixin.py:188} INFO - Benchmark Accuracy: nan
[2026-02-11T21:35:30.990+0000] {logging_mixin.py:188} INFO - Precision (weighted): nan
[2026-02-11T21:35:30.990+0000] {logging_mixin.py:188} INFO - Recall (weighted): nan
[2026-02-11T21:35:30.990+0000] {logging_mixin.py:188} INFO - F1-score (weighted): nan
[2026-02-11T21:35:30.991+0000] {python.py:201} INFO - Done. Returned value was: None
[2026-02-11T21:35:30.998+0000] {taskinstance.py:1138} INFO - Marking task as SUCCESS. dag_id=tunisia, task_id=evaluate_model, execution_date=20260211T212945, start_date=20260211T213530, end_date=20260211T213530
[2026-02-11T21:35:31.084+0000] {local_task_job_runner.py:234} INFO - Task exited with return code 0
[2026-02-11T21:35:31.097+0000] {taskinstance.py:3280} INFO - 0 downstream tasks scheduled from follow-on schedule check
