[2026-02-04T15:39:23.318+0000] {taskinstance.py:1956} INFO - Dependencies all met for dep_context=non-requeueable deps ti=<TaskInstance: anglais.evaluate_model manual__2026-02-04T15:32:40.599987+00:00 [queued]>
[2026-02-04T15:39:23.329+0000] {taskinstance.py:1956} INFO - Dependencies all met for dep_context=requeueable deps ti=<TaskInstance: anglais.evaluate_model manual__2026-02-04T15:32:40.599987+00:00 [queued]>
[2026-02-04T15:39:23.329+0000] {taskinstance.py:2170} INFO - Starting attempt 1 of 1
[2026-02-04T15:39:23.418+0000] {taskinstance.py:2191} INFO - Executing <Task(PythonOperator): evaluate_model> on 2026-02-04 15:32:40.599987+00:00
[2026-02-04T15:39:23.440+0000] {standard_task_runner.py:60} INFO - Started process 801 to run task
[2026-02-04T15:39:23.443+0000] {standard_task_runner.py:87} INFO - Running: ['***', 'tasks', 'run', 'anglais', 'evaluate_model', 'manual__2026-02-04T15:32:40.599987+00:00', '--job-id', '6', '--raw', '--subdir', 'DAGS_FOLDER/anglais.py', '--cfg-path', '/tmp/tmp4fb9on9t']
[2026-02-04T15:39:23.445+0000] {standard_task_runner.py:88} INFO - Job 6: Subtask evaluate_model
[2026-02-04T15:39:23.539+0000] {task_command.py:423} INFO - Running <TaskInstance: anglais.evaluate_model manual__2026-02-04T15:32:40.599987+00:00 [running]> on host 294e2965c7a4
[2026-02-04T15:39:23.773+0000] {taskinstance.py:2480} INFO - Exporting env vars: AIRFLOW_CTX_DAG_OWNER='***' AIRFLOW_CTX_DAG_ID='anglais' AIRFLOW_CTX_TASK_ID='evaluate_model' AIRFLOW_CTX_EXECUTION_DATE='2026-02-04T15:32:40.599987+00:00' AIRFLOW_CTX_TRY_NUMBER='1' AIRFLOW_CTX_DAG_RUN_ID='manual__2026-02-04T15:32:40.599987+00:00'
[2026-02-04T15:39:23.827+0000] {logging_mixin.py:188} INFO - Benchmark Accuracy: 0.0
[2026-02-04T15:39:23.840+0000] {logging_mixin.py:188} WARNING - /home/***/.local/lib/python3.9/site-packages/sklearn/metrics/_classification.py:1565 UndefinedMetricWarning: Precision is ill-defined and being set to 0.0 in labels with no predicted samples. Use `zero_division` parameter to control this behavior.
[2026-02-04T15:39:23.845+0000] {logging_mixin.py:188} WARNING - /home/***/.local/lib/python3.9/site-packages/sklearn/metrics/_classification.py:1565 UndefinedMetricWarning: Recall is ill-defined and being set to 0.0 in labels with no true samples. Use `zero_division` parameter to control this behavior.
[2026-02-04T15:39:23.865+0000] {logging_mixin.py:188} INFO - Benchmark Accuracy: 0.0000
[2026-02-04T15:39:23.865+0000] {logging_mixin.py:188} INFO - Precision (weighted): 0.0000
[2026-02-04T15:39:23.866+0000] {logging_mixin.py:188} INFO - Recall (weighted): 0.0000
[2026-02-04T15:39:23.866+0000] {logging_mixin.py:188} INFO - F1-score (weighted): 0.0000
[2026-02-04T15:39:23.866+0000] {python.py:201} INFO - Done. Returned value was: None
[2026-02-04T15:39:23.876+0000] {taskinstance.py:1138} INFO - Marking task as SUCCESS. dag_id=anglais, task_id=evaluate_model, execution_date=20260204T153240, start_date=20260204T153923, end_date=20260204T153923
[2026-02-04T15:39:23.977+0000] {local_task_job_runner.py:234} INFO - Task exited with return code 0
[2026-02-04T15:39:23.990+0000] {taskinstance.py:3280} INFO - 0 downstream tasks scheduled from follow-on schedule check
