[2026-02-18T15:01:47.661+0000] {taskinstance.py:1956} INFO - Dependencies all met for dep_context=non-requeueable deps ti=<TaskInstance: one.evaluate_model_5 manual__2026-02-18T14:50:27.318117+00:00 [queued]>
[2026-02-18T15:01:47.686+0000] {taskinstance.py:1956} INFO - Dependencies all met for dep_context=requeueable deps ti=<TaskInstance: one.evaluate_model_5 manual__2026-02-18T14:50:27.318117+00:00 [queued]>
[2026-02-18T15:01:47.687+0000] {taskinstance.py:2170} INFO - Starting attempt 1 of 1
[2026-02-18T15:01:47.722+0000] {taskinstance.py:2191} INFO - Executing <Task(PythonOperator): evaluate_model_5> on 2026-02-18 14:50:27.318117+00:00
[2026-02-18T15:01:47.752+0000] {standard_task_runner.py:60} INFO - Started process 612 to run task
[2026-02-18T15:01:47.755+0000] {standard_task_runner.py:87} INFO - Running: ['***', 'tasks', 'run', 'one', 'evaluate_model_5', 'manual__2026-02-18T14:50:27.318117+00:00', '--job-id', '585', '--raw', '--subdir', 'DAGS_FOLDER/one.py', '--cfg-path', '/tmp/tmpxhbo86rw']
[2026-02-18T15:01:47.762+0000] {standard_task_runner.py:88} INFO - Job 585: Subtask evaluate_model_5
[2026-02-18T15:01:47.894+0000] {task_command.py:423} INFO - Running <TaskInstance: one.evaluate_model_5 manual__2026-02-18T14:50:27.318117+00:00 [running]> on host 13e6883cc7c9
[2026-02-18T15:01:48.277+0000] {taskinstance.py:2480} INFO - Exporting env vars: AIRFLOW_CTX_DAG_OWNER='***' AIRFLOW_CTX_DAG_ID='one' AIRFLOW_CTX_TASK_ID='evaluate_model_5' AIRFLOW_CTX_EXECUTION_DATE='2026-02-18T14:50:27.318117+00:00' AIRFLOW_CTX_TRY_NUMBER='1' AIRFLOW_CTX_DAG_RUN_ID='manual__2026-02-18T14:50:27.318117+00:00'
[2026-02-18T15:01:48.312+0000] {taskinstance.py:2698} ERROR - Task failed with exception
Traceback (most recent call last):
  File "/home/airflow/.local/lib/python3.9/site-packages/airflow/models/taskinstance.py", line 433, in _execute_task
    result = execute_callable(context=context, **execute_callable_kwargs)
  File "/home/airflow/.local/lib/python3.9/site-packages/airflow/operators/python.py", line 199, in execute
    return_value = self.execute_callable()
  File "/home/airflow/.local/lib/python3.9/site-packages/airflow/operators/python.py", line 216, in execute_callable
    return self.python_callable(*self.op_args, **self.op_kwargs)
  File "/opt/airflow/dags/one.py", line 71, in evaluate
    acc = accuracy_score(y_true, y_pred)
  File "/home/airflow/.local/lib/python3.9/site-packages/sklearn/utils/_param_validation.py", line 206, in wrapper
    validate_parameter_constraints(
  File "/home/airflow/.local/lib/python3.9/site-packages/sklearn/utils/_param_validation.py", line 98, in validate_parameter_constraints
    raise InvalidParameterError(
sklearn.utils._param_validation.InvalidParameterError: The 'y_pred' parameter of accuracy_score must be an array-like or a sparse matrix. Got None instead.
[2026-02-18T15:01:48.326+0000] {taskinstance.py:1138} INFO - Marking task as FAILED. dag_id=one, task_id=evaluate_model_5, execution_date=20260218T145027, start_date=20260218T150147, end_date=20260218T150148
[2026-02-18T15:01:48.379+0000] {standard_task_runner.py:107} ERROR - Failed to execute job 585 for task evaluate_model_5 (The 'y_pred' parameter of accuracy_score must be an array-like or a sparse matrix. Got None instead.; 612)
[2026-02-18T15:01:48.418+0000] {local_task_job_runner.py:234} INFO - Task exited with return code 1
[2026-02-18T15:01:48.439+0000] {taskinstance.py:3280} INFO - 0 downstream tasks scheduled from follow-on schedule check
