[2026-02-06T21:01:35.230+0000] {taskinstance.py:1956} INFO - Dependencies all met for dep_context=non-requeueable deps ti=<TaskInstance: francais.load_data manual__2026-02-06T21:01:31.125339+00:00 [queued]>
[2026-02-06T21:01:35.239+0000] {taskinstance.py:1956} INFO - Dependencies all met for dep_context=requeueable deps ti=<TaskInstance: francais.load_data manual__2026-02-06T21:01:31.125339+00:00 [queued]>
[2026-02-06T21:01:35.239+0000] {taskinstance.py:2170} INFO - Starting attempt 1 of 1
[2026-02-06T21:01:35.276+0000] {taskinstance.py:2191} INFO - Executing <Task(PythonOperator): load_data> on 2026-02-06 21:01:31.125339+00:00
[2026-02-06T21:01:35.286+0000] {standard_task_runner.py:60} INFO - Started process 289 to run task
[2026-02-06T21:01:35.289+0000] {standard_task_runner.py:87} INFO - Running: ['***', 'tasks', 'run', 'francais', 'load_data', 'manual__2026-02-06T21:01:31.125339+00:00', '--job-id', '106', '--raw', '--subdir', 'DAGS_FOLDER/fr.py', '--cfg-path', '/tmp/tmp51pwn5rs']
[2026-02-06T21:01:35.291+0000] {standard_task_runner.py:88} INFO - Job 106: Subtask load_data
[2026-02-06T21:01:35.339+0000] {task_command.py:423} INFO - Running <TaskInstance: francais.load_data manual__2026-02-06T21:01:31.125339+00:00 [running]> on host 0ca7ce3c77cb
[2026-02-06T21:01:35.521+0000] {taskinstance.py:2480} INFO - Exporting env vars: AIRFLOW_CTX_DAG_OWNER='***' AIRFLOW_CTX_DAG_ID='francais' AIRFLOW_CTX_TASK_ID='load_data' AIRFLOW_CTX_EXECUTION_DATE='2026-02-06T21:01:31.125339+00:00' AIRFLOW_CTX_TRY_NUMBER='1' AIRFLOW_CTX_DAG_RUN_ID='manual__2026-02-06T21:01:31.125339+00:00'
[2026-02-06T21:01:35.665+0000] {logging_mixin.py:188} INFO -       label                                             \ttext
0  negative  \t- Awww, c'est un bummer. Tu devrais avoir da...
1  negative  \tEst contrarié qu'il ne puisse pas mettre à j...
2  negative  \tJ'ai plongé plusieurs fois pour la balle. A ...
3  negative  \tTout mon corps a des démangeaisons et comme ...
4  negative  \tNon, il ne se comporte pas du tout. je suis ...
[2026-02-06T21:01:35.666+0000] {taskinstance.py:2698} ERROR - Task failed with exception
Traceback (most recent call last):
  File "/home/airflow/.local/lib/python3.9/site-packages/airflow/models/taskinstance.py", line 433, in _execute_task
    result = execute_callable(context=context, **execute_callable_kwargs)
  File "/home/airflow/.local/lib/python3.9/site-packages/airflow/operators/python.py", line 199, in execute
    return_value = self.execute_callable()
  File "/home/airflow/.local/lib/python3.9/site-packages/airflow/operators/python.py", line 216, in execute_callable
    return self.python_callable(*self.op_args, **self.op_kwargs)
  File "/opt/airflow/dags/fr.py", line 20, in load_data
    label_map = {negative: "negative", positive: "positive",neutral: "neutral"}
NameError: name 'negative' is not defined
[2026-02-06T21:01:35.684+0000] {taskinstance.py:1138} INFO - Marking task as FAILED. dag_id=francais, task_id=load_data, execution_date=20260206T210131, start_date=20260206T210135, end_date=20260206T210135
[2026-02-06T21:01:35.765+0000] {standard_task_runner.py:107} ERROR - Failed to execute job 106 for task load_data (name 'negative' is not defined; 289)
[2026-02-06T21:01:35.782+0000] {local_task_job_runner.py:234} INFO - Task exited with return code 1
[2026-02-06T21:01:35.808+0000] {taskinstance.py:3280} INFO - 0 downstream tasks scheduled from follow-on schedule check
