[2026-02-18T15:45:55.807+0000] {taskinstance.py:1956} INFO - Dependencies all met for dep_context=non-requeueable deps ti=<TaskInstance: one.evaluate_model_3 manual__2026-02-18T15:41:22.514264+00:00 [queued]>
[2026-02-18T15:45:55.820+0000] {taskinstance.py:1956} INFO - Dependencies all met for dep_context=requeueable deps ti=<TaskInstance: one.evaluate_model_3 manual__2026-02-18T15:41:22.514264+00:00 [queued]>
[2026-02-18T15:45:55.821+0000] {taskinstance.py:2170} INFO - Starting attempt 1 of 1
[2026-02-18T15:45:55.848+0000] {taskinstance.py:2191} INFO - Executing <Task(PythonOperator): evaluate_model_3> on 2026-02-18 15:41:22.514264+00:00
[2026-02-18T15:45:55.858+0000] {standard_task_runner.py:60} INFO - Started process 929 to run task
[2026-02-18T15:45:55.861+0000] {standard_task_runner.py:87} INFO - Running: ['***', 'tasks', 'run', 'one', 'evaluate_model_3', 'manual__2026-02-18T15:41:22.514264+00:00', '--job-id', '616', '--raw', '--subdir', 'DAGS_FOLDER/one.py', '--cfg-path', '/tmp/tmpc1zc_1ou']
[2026-02-18T15:45:55.864+0000] {standard_task_runner.py:88} INFO - Job 616: Subtask evaluate_model_3
[2026-02-18T15:45:55.932+0000] {task_command.py:423} INFO - Running <TaskInstance: one.evaluate_model_3 manual__2026-02-18T15:41:22.514264+00:00 [running]> on host d22353a1a02a
[2026-02-18T15:45:56.106+0000] {taskinstance.py:2480} INFO - Exporting env vars: AIRFLOW_CTX_DAG_OWNER='***' AIRFLOW_CTX_DAG_ID='one' AIRFLOW_CTX_TASK_ID='evaluate_model_3' AIRFLOW_CTX_EXECUTION_DATE='2026-02-18T15:41:22.514264+00:00' AIRFLOW_CTX_TRY_NUMBER='1' AIRFLOW_CTX_DAG_RUN_ID='manual__2026-02-18T15:41:22.514264+00:00'
[2026-02-18T15:45:56.142+0000] {logging_mixin.py:188} INFO - 
--- RESULTS FOR RUN 3 ---
[2026-02-18T15:45:56.143+0000] {taskinstance.py:2698} ERROR - Task failed with exception
Traceback (most recent call last):
  File "/home/airflow/.local/lib/python3.9/site-packages/airflow/models/taskinstance.py", line 433, in _execute_task
    result = execute_callable(context=context, **execute_callable_kwargs)
  File "/home/airflow/.local/lib/python3.9/site-packages/airflow/operators/python.py", line 199, in execute
    return_value = self.execute_callable()
  File "/home/airflow/.local/lib/python3.9/site-packages/airflow/operators/python.py", line 216, in execute_callable
    return self.python_callable(*self.op_args, **self.op_kwargs)
  File "/opt/airflow/dags/one.py", line 81, in evaluate
    print(f"Accuracy:  {acc:.4f}")
NameError: name 'acc' is not defined
[2026-02-18T15:45:56.168+0000] {taskinstance.py:1138} INFO - Marking task as FAILED. dag_id=one, task_id=evaluate_model_3, execution_date=20260218T154122, start_date=20260218T154555, end_date=20260218T154556
[2026-02-18T15:45:56.406+0000] {standard_task_runner.py:107} ERROR - Failed to execute job 616 for task evaluate_model_3 (name 'acc' is not defined; 929)
[2026-02-18T15:45:56.447+0000] {local_task_job_runner.py:234} INFO - Task exited with return code 1
[2026-02-18T15:45:56.467+0000] {taskinstance.py:3280} INFO - 0 downstream tasks scheduled from follow-on schedule check
