[2026-02-11T16:59:11.770+0000] {taskinstance.py:1956} INFO - Dependencies all met for dep_context=non-requeueable deps ti=<TaskInstance: arabe_T.evaluate_model manual__2026-02-11T16:55:46.661256+00:00 [queued]>
[2026-02-11T16:59:11.777+0000] {taskinstance.py:1956} INFO - Dependencies all met for dep_context=requeueable deps ti=<TaskInstance: arabe_T.evaluate_model manual__2026-02-11T16:55:46.661256+00:00 [queued]>
[2026-02-11T16:59:11.777+0000] {taskinstance.py:2170} INFO - Starting attempt 1 of 1
[2026-02-11T16:59:11.830+0000] {taskinstance.py:2191} INFO - Executing <Task(PythonOperator): evaluate_model> on 2026-02-11 16:55:46.661256+00:00
[2026-02-11T16:59:11.840+0000] {standard_task_runner.py:60} INFO - Started process 983 to run task
[2026-02-11T16:59:11.842+0000] {standard_task_runner.py:87} INFO - Running: ['***', 'tasks', 'run', 'arabe_T', 'evaluate_model', 'manual__2026-02-11T16:55:46.661256+00:00', '--job-id', '270', '--raw', '--subdir', 'DAGS_FOLDER/arabet.py', '--cfg-path', '/tmp/tmp0olut7iz']
[2026-02-11T16:59:11.844+0000] {standard_task_runner.py:88} INFO - Job 270: Subtask evaluate_model
[2026-02-11T16:59:11.898+0000] {task_command.py:423} INFO - Running <TaskInstance: arabe_T.evaluate_model manual__2026-02-11T16:55:46.661256+00:00 [running]> on host 6b1cd4ba800b
[2026-02-11T16:59:11.987+0000] {taskinstance.py:2480} INFO - Exporting env vars: AIRFLOW_CTX_DAG_OWNER='***' AIRFLOW_CTX_DAG_ID='arabe_T' AIRFLOW_CTX_TASK_ID='evaluate_model' AIRFLOW_CTX_EXECUTION_DATE='2026-02-11T16:55:46.661256+00:00' AIRFLOW_CTX_TRY_NUMBER='1' AIRFLOW_CTX_DAG_RUN_ID='manual__2026-02-11T16:55:46.661256+00:00'
[2026-02-11T16:59:12.031+0000] {logging_mixin.py:188} INFO - Benchmark Accuracy: 0.0
[2026-02-11T16:59:12.071+0000] {logging_mixin.py:188} WARNING - /home/***/.local/lib/python3.9/site-packages/sklearn/metrics/_classification.py:1565 UndefinedMetricWarning: Precision is ill-defined and being set to 0.0 in labels with no predicted samples. Use `zero_division` parameter to control this behavior.
[2026-02-11T16:59:12.111+0000] {logging_mixin.py:188} WARNING - /home/***/.local/lib/python3.9/site-packages/sklearn/metrics/_classification.py:1565 UndefinedMetricWarning: Recall is ill-defined and being set to 0.0 in labels with no true samples. Use `zero_division` parameter to control this behavior.
[2026-02-11T16:59:12.151+0000] {logging_mixin.py:188} INFO - Benchmark Accuracy: 0.0000
[2026-02-11T16:59:12.151+0000] {logging_mixin.py:188} INFO - Precision (weighted): 0.0000
[2026-02-11T16:59:12.152+0000] {logging_mixin.py:188} INFO - Recall (weighted): 0.0000
[2026-02-11T16:59:12.152+0000] {logging_mixin.py:188} INFO - F1-score (weighted): 0.0000
[2026-02-11T16:59:12.152+0000] {python.py:201} INFO - Done. Returned value was: None
[2026-02-11T16:59:12.159+0000] {taskinstance.py:1138} INFO - Marking task as SUCCESS. dag_id=arabe_T, task_id=evaluate_model, execution_date=20260211T165546, start_date=20260211T165911, end_date=20260211T165912
[2026-02-11T16:59:12.215+0000] {local_task_job_runner.py:234} INFO - Task exited with return code 0
[2026-02-11T16:59:12.229+0000] {taskinstance.py:3280} INFO - 0 downstream tasks scheduled from follow-on schedule check
