[2026-02-05T11:50:09.865+0000] {taskinstance.py:1956} INFO - Dependencies all met for dep_context=non-requeueable deps ti=<TaskInstance: francais.load_data manual__2026-02-05T11:50:05.934629+00:00 [queued]>
[2026-02-05T11:50:09.873+0000] {taskinstance.py:1956} INFO - Dependencies all met for dep_context=requeueable deps ti=<TaskInstance: francais.load_data manual__2026-02-05T11:50:05.934629+00:00 [queued]>
[2026-02-05T11:50:09.873+0000] {taskinstance.py:2170} INFO - Starting attempt 1 of 1
[2026-02-05T11:50:09.906+0000] {taskinstance.py:2191} INFO - Executing <Task(PythonOperator): load_data> on 2026-02-05 11:50:05.934629+00:00
[2026-02-05T11:50:09.921+0000] {standard_task_runner.py:60} INFO - Started process 342 to run task
[2026-02-05T11:50:09.926+0000] {standard_task_runner.py:87} INFO - Running: ['***', 'tasks', 'run', 'francais', 'load_data', 'manual__2026-02-05T11:50:05.934629+00:00', '--job-id', '62', '--raw', '--subdir', 'DAGS_FOLDER/fr.py', '--cfg-path', '/tmp/tmpcy_f9bnd']
[2026-02-05T11:50:09.928+0000] {standard_task_runner.py:88} INFO - Job 62: Subtask load_data
[2026-02-05T11:50:09.989+0000] {task_command.py:423} INFO - Running <TaskInstance: francais.load_data manual__2026-02-05T11:50:05.934629+00:00 [running]> on host d417f501f4c8
[2026-02-05T11:50:10.088+0000] {taskinstance.py:2480} INFO - Exporting env vars: AIRFLOW_CTX_DAG_OWNER='***' AIRFLOW_CTX_DAG_ID='francais' AIRFLOW_CTX_TASK_ID='load_data' AIRFLOW_CTX_EXECUTION_DATE='2026-02-05T11:50:05.934629+00:00' AIRFLOW_CTX_TRY_NUMBER='1' AIRFLOW_CTX_DAG_RUN_ID='manual__2026-02-05T11:50:05.934629+00:00'
[2026-02-05T11:50:10.092+0000] {taskinstance.py:2698} ERROR - Task failed with exception
Traceback (most recent call last):
  File "/home/airflow/.local/lib/python3.9/site-packages/airflow/models/taskinstance.py", line 433, in _execute_task
    result = execute_callable(context=context, **execute_callable_kwargs)
  File "/home/airflow/.local/lib/python3.9/site-packages/airflow/operators/python.py", line 199, in execute
    return_value = self.execute_callable()
  File "/home/airflow/.local/lib/python3.9/site-packages/airflow/operators/python.py", line 216, in execute_callable
    return self.python_callable(*self.op_args, **self.op_kwargs)
  File "/opt/airflow/dags/fr.py", line 12, in load_data
    df = pd.read_csv("/opt/airflow/data/fr.csv", sep=",", names=["label", "text"], engine="python")
  File "/home/airflow/.local/lib/python3.9/site-packages/pandas/io/parsers/readers.py", line 948, in read_csv
    return _read(filepath_or_buffer, kwds)
  File "/home/airflow/.local/lib/python3.9/site-packages/pandas/io/parsers/readers.py", line 617, in _read
    return parser.read(nrows)
  File "/home/airflow/.local/lib/python3.9/site-packages/pandas/io/parsers/readers.py", line 1748, in read
    ) = self._engine.read(  # type: ignore[attr-defined]
  File "/home/airflow/.local/lib/python3.9/site-packages/pandas/io/parsers/python_parser.py", line 286, in read
    alldata = self._rows_to_cols(content)
  File "/home/airflow/.local/lib/python3.9/site-packages/pandas/io/parsers/python_parser.py", line 1058, in _rows_to_cols
    self._alert_malformed(msg, row_num + 1)
  File "/home/airflow/.local/lib/python3.9/site-packages/pandas/io/parsers/python_parser.py", line 779, in _alert_malformed
    raise ParserError(msg)
pandas.errors.ParserError: Expected 2 fields in line 2, saw 3
[2026-02-05T11:50:10.102+0000] {taskinstance.py:1138} INFO - Marking task as FAILED. dag_id=francais, task_id=load_data, execution_date=20260205T115005, start_date=20260205T115009, end_date=20260205T115010
[2026-02-05T11:50:10.119+0000] {standard_task_runner.py:107} ERROR - Failed to execute job 62 for task load_data (Expected 2 fields in line 2, saw 3; 342)
[2026-02-05T11:50:10.141+0000] {local_task_job_runner.py:234} INFO - Task exited with return code 1
[2026-02-05T11:50:10.168+0000] {taskinstance.py:3280} INFO - 0 downstream tasks scheduled from follow-on schedule check
