[2026-02-18T16:29:32.426+0000] {taskinstance.py:1956} INFO - Dependencies all met for dep_context=non-requeueable deps ti=<TaskInstance: one.run_predictions_19 manual__2026-02-18T16:25:58.480206+00:00 [queued]>
[2026-02-18T16:29:32.436+0000] {taskinstance.py:1956} INFO - Dependencies all met for dep_context=requeueable deps ti=<TaskInstance: one.run_predictions_19 manual__2026-02-18T16:25:58.480206+00:00 [queued]>
[2026-02-18T16:29:32.436+0000] {taskinstance.py:2170} INFO - Starting attempt 1 of 1
[2026-02-18T16:29:36.152+0000] {taskinstance.py:2191} INFO - Executing <Task(PythonOperator): run_predictions_19> on 2026-02-18 16:25:58.480206+00:00
[2026-02-18T16:29:36.350+0000] {standard_task_runner.py:60} INFO - Started process 535 to run task
[2026-02-18T16:29:36.354+0000] {standard_task_runner.py:87} INFO - Running: ['***', 'tasks', 'run', 'one', 'run_predictions_19', 'manual__2026-02-18T16:25:58.480206+00:00', '--job-id', '647', '--raw', '--subdir', 'DAGS_FOLDER/one.py', '--cfg-path', '/tmp/tmpj0i7p00d']
[2026-02-18T16:29:36.356+0000] {standard_task_runner.py:88} INFO - Job 647: Subtask run_predictions_19
[2026-02-18T16:29:37.284+0000] {task_command.py:423} INFO - Running <TaskInstance: one.run_predictions_19 manual__2026-02-18T16:25:58.480206+00:00 [running]> on host 7b29760038e2
[2026-02-18T16:29:38.828+0000] {taskinstance.py:2480} INFO - Exporting env vars: AIRFLOW_CTX_DAG_OWNER='***' AIRFLOW_CTX_DAG_ID='one' AIRFLOW_CTX_TASK_ID='run_predictions_19' AIRFLOW_CTX_EXECUTION_DATE='2026-02-18T16:25:58.480206+00:00' AIRFLOW_CTX_TRY_NUMBER='1' AIRFLOW_CTX_DAG_RUN_ID='manual__2026-02-18T16:25:58.480206+00:00'
[2026-02-18T16:32:49.071+0000] {job.py:213} ERROR - Job heartbeat got an exception
Traceback (most recent call last):
  File "/home/airflow/.local/lib/python3.9/site-packages/sqlalchemy/engine/base.py", line 3371, in _wrap_pool_connect
    return fn()
  File "/home/airflow/.local/lib/python3.9/site-packages/sqlalchemy/pool/base.py", line 327, in connect
    return _ConnectionFairy._checkout(self)
  File "/home/airflow/.local/lib/python3.9/site-packages/sqlalchemy/pool/base.py", line 894, in _checkout
    fairy = _ConnectionRecord.checkout(pool)
  File "/home/airflow/.local/lib/python3.9/site-packages/sqlalchemy/pool/base.py", line 493, in checkout
    rec = pool._do_get()
  File "/home/airflow/.local/lib/python3.9/site-packages/sqlalchemy/pool/impl.py", line 256, in _do_get
    return self._create_connection()
  File "/home/airflow/.local/lib/python3.9/site-packages/sqlalchemy/pool/base.py", line 273, in _create_connection
    return _ConnectionRecord(self)
  File "/home/airflow/.local/lib/python3.9/site-packages/sqlalchemy/pool/base.py", line 388, in __init__
    self.__connect()
  File "/home/airflow/.local/lib/python3.9/site-packages/sqlalchemy/pool/base.py", line 691, in __connect
    pool.logger.debug("Error on connect(): %s", e)
  File "/home/airflow/.local/lib/python3.9/site-packages/sqlalchemy/util/langhelpers.py", line 70, in __exit__
    compat.raise_(
  File "/home/airflow/.local/lib/python3.9/site-packages/sqlalchemy/util/compat.py", line 211, in raise_
    raise exception
  File "/home/airflow/.local/lib/python3.9/site-packages/sqlalchemy/pool/base.py", line 686, in __connect
    self.dbapi_connection = connection = pool._invoke_creator(self)
  File "/home/airflow/.local/lib/python3.9/site-packages/sqlalchemy/engine/create.py", line 574, in connect
    return dialect.connect(*cargs, **cparams)
  File "/home/airflow/.local/lib/python3.9/site-packages/sqlalchemy/engine/default.py", line 598, in connect
    return self.dbapi.connect(*cargs, **cparams)
  File "/home/airflow/.local/lib/python3.9/site-packages/psycopg2/__init__.py", line 122, in connect
    conn = _connect(dsn, connection_factory=connection_factory, **kwasync)
psycopg2.OperationalError: could not translate host name "postgres" to address: Temporary failure in name resolution


The above exception was the direct cause of the following exception:

Traceback (most recent call last):
  File "/home/airflow/.local/lib/python3.9/site-packages/airflow/jobs/job.py", line 208, in heartbeat
    heartbeat_callback(session)
  File "/home/airflow/.local/lib/python3.9/site-packages/airflow/utils/session.py", line 76, in wrapper
    return func(*args, **kwargs)
  File "/home/airflow/.local/lib/python3.9/site-packages/airflow/jobs/local_task_job_runner.py", line 252, in heartbeat_callback
    self.task_instance.refresh_from_db()
  File "/home/airflow/.local/lib/python3.9/site-packages/airflow/utils/session.py", line 79, in wrapper
    return func(*args, session=session, **kwargs)
  File "/home/airflow/.local/lib/python3.9/site-packages/airflow/models/taskinstance.py", line 1725, in refresh_from_db
    _refresh_from_db(task_instance=self, session=session, lock_for_update=lock_for_update)
  File "/home/airflow/.local/lib/python3.9/site-packages/airflow/models/taskinstance.py", line 464, in _refresh_from_db
    ti = TaskInstance.get_task_instance(
  File "/home/airflow/.local/lib/python3.9/site-packages/airflow/api_internal/internal_api_call.py", line 114, in wrapper
    return func(*args, **kwargs)
  File "/home/airflow/.local/lib/python3.9/site-packages/airflow/utils/session.py", line 76, in wrapper
    return func(*args, **kwargs)
  File "/home/airflow/.local/lib/python3.9/site-packages/airflow/models/taskinstance.py", line 1711, in get_task_instance
    return query.one_or_none()
  File "/home/airflow/.local/lib/python3.9/site-packages/sqlalchemy/orm/query.py", line 2850, in one_or_none
    return self._iter().one_or_none()
  File "/home/airflow/.local/lib/python3.9/site-packages/sqlalchemy/orm/query.py", line 2916, in _iter
    result = self.session.execute(
  File "/home/airflow/.local/lib/python3.9/site-packages/sqlalchemy/orm/session.py", line 1716, in execute
    conn = self._connection_for_bind(bind)
  File "/home/airflow/.local/lib/python3.9/site-packages/sqlalchemy/orm/session.py", line 1555, in _connection_for_bind
    return self._transaction._connection_for_bind(
  File "/home/airflow/.local/lib/python3.9/site-packages/sqlalchemy/orm/session.py", line 750, in _connection_for_bind
    conn = bind.connect()
  File "/home/airflow/.local/lib/python3.9/site-packages/sqlalchemy/future/engine.py", line 412, in connect
    return super(Engine, self).connect()
  File "/home/airflow/.local/lib/python3.9/site-packages/sqlalchemy/engine/base.py", line 3325, in connect
    return self._connection_cls(self, close_with_result=close_with_result)
  File "/home/airflow/.local/lib/python3.9/site-packages/sqlalchemy/engine/base.py", line 96, in __init__
    else engine.raw_connection()
  File "/home/airflow/.local/lib/python3.9/site-packages/sqlalchemy/engine/base.py", line 3404, in raw_connection
    return self._wrap_pool_connect(self.pool.connect, _connection)
  File "/home/airflow/.local/lib/python3.9/site-packages/sqlalchemy/engine/base.py", line 3374, in _wrap_pool_connect
    Connection._handle_dbapi_exception_noconnection(
  File "/home/airflow/.local/lib/python3.9/site-packages/sqlalchemy/engine/base.py", line 2208, in _handle_dbapi_exception_noconnection
    util.raise_(
  File "/home/airflow/.local/lib/python3.9/site-packages/sqlalchemy/util/compat.py", line 211, in raise_
    raise exception
  File "/home/airflow/.local/lib/python3.9/site-packages/sqlalchemy/engine/base.py", line 3371, in _wrap_pool_connect
    return fn()
  File "/home/airflow/.local/lib/python3.9/site-packages/sqlalchemy/pool/base.py", line 327, in connect
    return _ConnectionFairy._checkout(self)
  File "/home/airflow/.local/lib/python3.9/site-packages/sqlalchemy/pool/base.py", line 894, in _checkout
    fairy = _ConnectionRecord.checkout(pool)
  File "/home/airflow/.local/lib/python3.9/site-packages/sqlalchemy/pool/base.py", line 493, in checkout
    rec = pool._do_get()
  File "/home/airflow/.local/lib/python3.9/site-packages/sqlalchemy/pool/impl.py", line 256, in _do_get
    return self._create_connection()
  File "/home/airflow/.local/lib/python3.9/site-packages/sqlalchemy/pool/base.py", line 273, in _create_connection
    return _ConnectionRecord(self)
  File "/home/airflow/.local/lib/python3.9/site-packages/sqlalchemy/pool/base.py", line 388, in __init__
    self.__connect()
  File "/home/airflow/.local/lib/python3.9/site-packages/sqlalchemy/pool/base.py", line 691, in __connect
    pool.logger.debug("Error on connect(): %s", e)
  File "/home/airflow/.local/lib/python3.9/site-packages/sqlalchemy/util/langhelpers.py", line 70, in __exit__
    compat.raise_(
  File "/home/airflow/.local/lib/python3.9/site-packages/sqlalchemy/util/compat.py", line 211, in raise_
    raise exception
  File "/home/airflow/.local/lib/python3.9/site-packages/sqlalchemy/pool/base.py", line 686, in __connect
    self.dbapi_connection = connection = pool._invoke_creator(self)
  File "/home/airflow/.local/lib/python3.9/site-packages/sqlalchemy/engine/create.py", line 574, in connect
    return dialect.connect(*cargs, **cparams)
  File "/home/airflow/.local/lib/python3.9/site-packages/sqlalchemy/engine/default.py", line 598, in connect
    return self.dbapi.connect(*cargs, **cparams)
  File "/home/airflow/.local/lib/python3.9/site-packages/psycopg2/__init__.py", line 122, in connect
    conn = _connect(dsn, connection_factory=connection_factory, **kwasync)
sqlalchemy.exc.OperationalError: (psycopg2.OperationalError) could not translate host name "postgres" to address: Temporary failure in name resolution

(Background on this error at: https://sqlalche.me/e/14/e3q8)
[2026-02-18T16:33:16.856+0000] {job.py:221} ERROR - Job heartbeat failed with error. Scheduler is in unhealthy state
[2026-02-18T16:33:23.776+0000] {_http.py:320} WARNING - '(MaxRetryError("HTTPSConnectionPool(host='huggingface.co', port=443): Max retries exceeded with url: /CAMeL-Lab/bert-base-arabic-camelbert-mix-sentiment/resolve/main/tokenizer_config.json (Caused by NewConnectionError('<urllib3.connection.HTTPSConnection object at 0x7303dc16bd60>: Failed to establish a new connection: [Errno -3] Temporary failure in name resolution'))"), '(Request ID: 2ca4b21e-e37b-4089-b770-8c48ba62e156)')' thrown while requesting HEAD https://huggingface.co/CAMeL-Lab/bert-base-arabic-camelbert-mix-sentiment/resolve/main/tokenizer_config.json
[2026-02-18T16:33:27.434+0000] {_http.py:329} WARNING - Retrying in 1s [Retry 1/5].
[2026-02-18T16:33:44.564+0000] {job.py:221} ERROR - Job heartbeat failed with error. Scheduler is in unhealthy state
[2026-02-18T16:33:49.554+0000] {_http.py:320} WARNING - '(MaxRetryError("HTTPSConnectionPool(host='huggingface.co', port=443): Max retries exceeded with url: /CAMeL-Lab/bert-base-arabic-camelbert-mix-sentiment/resolve/main/tokenizer_config.json (Caused by NewConnectionError('<urllib3.connection.HTTPSConnection object at 0x7303dc16bd30>: Failed to establish a new connection: [Errno -3] Temporary failure in name resolution'))"), '(Request ID: 518e6848-3e83-4450-a21c-546ebab3c384)')' thrown while requesting HEAD https://huggingface.co/CAMeL-Lab/bert-base-arabic-camelbert-mix-sentiment/resolve/main/tokenizer_config.json
[2026-02-18T16:33:49.555+0000] {_http.py:329} WARNING - Retrying in 2s [Retry 2/5].
[2026-02-18T16:34:10.581+0000] {job.py:221} ERROR - Job heartbeat failed with error. Scheduler is in unhealthy state
[2026-02-18T16:34:11.579+0000] {_http.py:320} WARNING - '(MaxRetryError("HTTPSConnectionPool(host='huggingface.co', port=443): Max retries exceeded with url: /CAMeL-Lab/bert-base-arabic-camelbert-mix-sentiment/resolve/main/tokenizer_config.json (Caused by NewConnectionError('<urllib3.connection.HTTPSConnection object at 0x7303dc16be50>: Failed to establish a new connection: [Errno -3] Temporary failure in name resolution'))"), '(Request ID: 6dde466d-7a04-4894-b568-4df5258bf65b)')' thrown while requesting HEAD https://huggingface.co/CAMeL-Lab/bert-base-arabic-camelbert-mix-sentiment/resolve/main/tokenizer_config.json
[2026-02-18T16:34:11.580+0000] {_http.py:329} WARNING - Retrying in 4s [Retry 3/5].
[2026-02-18T16:34:35.603+0000] {_http.py:320} WARNING - '(MaxRetryError("HTTPSConnectionPool(host='huggingface.co', port=443): Max retries exceeded with url: /CAMeL-Lab/bert-base-arabic-camelbert-mix-sentiment/resolve/main/tokenizer_config.json (Caused by NewConnectionError('<urllib3.connection.HTTPSConnection object at 0x7303dc16bc40>: Failed to establish a new connection: [Errno -3] Temporary failure in name resolution'))"), '(Request ID: 30a99745-6d66-4e11-bdaa-d4bbaf8c570e)')' thrown while requesting HEAD https://huggingface.co/CAMeL-Lab/bert-base-arabic-camelbert-mix-sentiment/resolve/main/tokenizer_config.json
[2026-02-18T16:34:35.603+0000] {_http.py:329} WARNING - Retrying in 8s [Retry 4/5].
[2026-02-18T16:34:36.215+0000] {job.py:221} ERROR - Job heartbeat failed with error. Scheduler is in unhealthy state
