[2026-02-12T13:54:09.207+0000] {taskinstance.py:1956} INFO - Dependencies all met for dep_context=non-requeueable deps ti=<TaskInstance: tunisia_v2.evaluate_model manual__2026-02-12T13:47:36.674052+00:00 [queued]>
[2026-02-12T13:54:09.214+0000] {taskinstance.py:1956} INFO - Dependencies all met for dep_context=requeueable deps ti=<TaskInstance: tunisia_v2.evaluate_model manual__2026-02-12T13:47:36.674052+00:00 [queued]>
[2026-02-12T13:54:09.214+0000] {taskinstance.py:2170} INFO - Starting attempt 1 of 1
[2026-02-12T13:54:09.252+0000] {taskinstance.py:2191} INFO - Executing <Task(PythonOperator): evaluate_model> on 2026-02-12 13:47:36.674052+00:00
[2026-02-12T13:54:09.265+0000] {standard_task_runner.py:60} INFO - Started process 1667 to run task
[2026-02-12T13:54:09.268+0000] {standard_task_runner.py:87} INFO - Running: ['***', 'tasks', 'run', 'tunisia_v2', 'evaluate_model', 'manual__2026-02-12T13:47:36.674052+00:00', '--job-id', '405', '--raw', '--subdir', 'DAGS_FOLDER/tunisia.py', '--cfg-path', '/tmp/tmp9ery7rym']
[2026-02-12T13:54:09.270+0000] {standard_task_runner.py:88} INFO - Job 405: Subtask evaluate_model
[2026-02-12T13:54:09.316+0000] {task_command.py:423} INFO - Running <TaskInstance: tunisia_v2.evaluate_model manual__2026-02-12T13:47:36.674052+00:00 [running]> on host 6249e70297d2
[2026-02-12T13:54:09.432+0000] {taskinstance.py:2480} INFO - Exporting env vars: AIRFLOW_CTX_DAG_OWNER='***' AIRFLOW_CTX_DAG_ID='tunisia_v2' AIRFLOW_CTX_TASK_ID='evaluate_model' AIRFLOW_CTX_EXECUTION_DATE='2026-02-12T13:47:36.674052+00:00' AIRFLOW_CTX_TRY_NUMBER='1' AIRFLOW_CTX_DAG_RUN_ID='manual__2026-02-12T13:47:36.674052+00:00'
[2026-02-12T13:54:09.549+0000] {logging_mixin.py:188} WARNING - /home/***/.local/lib/python3.9/site-packages/sklearn/metrics/_classification.py:1565 UndefinedMetricWarning: Precision is ill-defined and being set to 0.0 in labels with no predicted samples. Use `zero_division` parameter to control this behavior.
[2026-02-12T13:54:09.553+0000] {logging_mixin.py:188} WARNING - /home/***/.local/lib/python3.9/site-packages/sklearn/metrics/_classification.py:1565 UndefinedMetricWarning: Precision is ill-defined and being set to 0.0 in labels with no predicted samples. Use `zero_division` parameter to control this behavior.
[2026-02-12T13:54:09.558+0000] {logging_mixin.py:188} WARNING - /home/***/.local/lib/python3.9/site-packages/sklearn/metrics/_classification.py:1565 UndefinedMetricWarning: Precision is ill-defined and being set to 0.0 in labels with no predicted samples. Use `zero_division` parameter to control this behavior.
[2026-02-12T13:54:09.561+0000] {logging_mixin.py:188} WARNING - /home/***/.local/lib/python3.9/site-packages/sklearn/metrics/_classification.py:1565 UndefinedMetricWarning: Precision is ill-defined and being set to 0.0 in labels with no predicted samples. Use `zero_division` parameter to control this behavior.
[2026-02-12T13:54:09.573+0000] {logging_mixin.py:188} INFO - ==============================
[2026-02-12T13:54:09.573+0000] {logging_mixin.py:188} INFO -  FINAL EVALUATION RESULTS 
[2026-02-12T13:54:09.573+0000] {logging_mixin.py:188} INFO - ==============================
[2026-02-12T13:54:09.573+0000] {logging_mixin.py:188} INFO - Accuracy:  0.3636
[2026-02-12T13:54:09.573+0000] {logging_mixin.py:188} INFO - Precision: 0.1322
[2026-02-12T13:54:09.573+0000] {logging_mixin.py:188} INFO - Recall:    0.3636
[2026-02-12T13:54:09.573+0000] {logging_mixin.py:188} INFO - F1-Score:  0.1939
[2026-02-12T13:54:09.574+0000] {logging_mixin.py:188} INFO - 
Detailed Classification Report:
[2026-02-12T13:54:09.574+0000] {logging_mixin.py:188} INFO -               precision    recall  f1-score   support

    negative       0.00      0.00      0.00        72
     neutral       0.36      1.00      0.53        68
    positive       0.00      0.00      0.00        47

    accuracy                           0.36       187
   macro avg       0.12      0.33      0.18       187
weighted avg       0.13      0.36      0.19       187
[2026-02-12T13:54:09.574+0000] {logging_mixin.py:188} INFO - 
Confusion Matrix:
[2026-02-12T13:54:09.574+0000] {logging_mixin.py:188} INFO - Labels: ['negative', 'neutral', 'positive']
[2026-02-12T13:54:09.574+0000] {logging_mixin.py:188} INFO - [[ 0 72  0]
 [ 0 68  0]
 [ 0 47  0]]
[2026-02-12T13:54:09.574+0000] {logging_mixin.py:188} INFO - ==============================
[2026-02-12T13:54:09.656+0000] {logging_mixin.py:188} INFO - Benchmark Accuracy: 0.36363636363636365
[2026-02-12T13:54:09.657+0000] {taskinstance.py:2698} ERROR - Task failed with exception
Traceback (most recent call last):
  File "/home/airflow/.local/lib/python3.9/site-packages/airflow/models/taskinstance.py", line 433, in _execute_task
    result = execute_callable(context=context, **execute_callable_kwargs)
  File "/home/airflow/.local/lib/python3.9/site-packages/airflow/operators/python.py", line 199, in execute
    return_value = self.execute_callable()
  File "/home/airflow/.local/lib/python3.9/site-packages/airflow/operators/python.py", line 216, in execute_callable
    return self.python_callable(*self.op_args, **self.op_kwargs)
  File "/opt/airflow/dags/tunisia.py", line 126, in evaluate
    prec = precision_score(y_true, y_pred, average="weighted")
NameError: name 'precision_score' is not defined
[2026-02-12T13:54:09.692+0000] {taskinstance.py:1138} INFO - Marking task as FAILED. dag_id=tunisia_v2, task_id=evaluate_model, execution_date=20260212T134736, start_date=20260212T135409, end_date=20260212T135409
[2026-02-12T13:54:09.943+0000] {standard_task_runner.py:107} ERROR - Failed to execute job 405 for task evaluate_model (name 'precision_score' is not defined; 1667)
[2026-02-12T13:54:09.961+0000] {local_task_job_runner.py:234} INFO - Task exited with return code 1
[2026-02-12T13:54:09.974+0000] {taskinstance.py:3280} INFO - 0 downstream tasks scheduled from follow-on schedule check
