[2026-02-05T12:03:54.591+0000] {taskinstance.py:1956} INFO - Dependencies all met for dep_context=non-requeueable deps ti=<TaskInstance: francais.load_data manual__2026-02-05T12:03:50.191543+00:00 [queued]>
[2026-02-05T12:03:54.608+0000] {taskinstance.py:1956} INFO - Dependencies all met for dep_context=requeueable deps ti=<TaskInstance: francais.load_data manual__2026-02-05T12:03:50.191543+00:00 [queued]>
[2026-02-05T12:03:54.608+0000] {taskinstance.py:2170} INFO - Starting attempt 1 of 1
[2026-02-05T12:03:54.649+0000] {taskinstance.py:2191} INFO - Executing <Task(PythonOperator): load_data> on 2026-02-05 12:03:50.191543+00:00
[2026-02-05T12:03:54.662+0000] {standard_task_runner.py:60} INFO - Started process 283 to run task
[2026-02-05T12:03:54.664+0000] {standard_task_runner.py:87} INFO - Running: ['***', 'tasks', 'run', 'francais', 'load_data', 'manual__2026-02-05T12:03:50.191543+00:00', '--job-id', '64', '--raw', '--subdir', 'DAGS_FOLDER/fr.py', '--cfg-path', '/tmp/tmprhvkoyg0']
[2026-02-05T12:03:54.666+0000] {standard_task_runner.py:88} INFO - Job 64: Subtask load_data
[2026-02-05T12:03:54.719+0000] {task_command.py:423} INFO - Running <TaskInstance: francais.load_data manual__2026-02-05T12:03:50.191543+00:00 [running]> on host b6a7489a94bd
[2026-02-05T12:03:54.910+0000] {taskinstance.py:2480} INFO - Exporting env vars: AIRFLOW_CTX_DAG_OWNER='***' AIRFLOW_CTX_DAG_ID='francais' AIRFLOW_CTX_TASK_ID='load_data' AIRFLOW_CTX_EXECUTION_DATE='2026-02-05T12:03:50.191543+00:00' AIRFLOW_CTX_TRY_NUMBER='1' AIRFLOW_CTX_DAG_RUN_ID='manual__2026-02-05T12:03:50.191543+00:00'
[2026-02-05T12:03:55.154+0000] {logging_mixin.py:188} INFO -                                         label,\ttext
0  \t- Awww, c'est un bummer. Tu devrais avoir da...
0  \tEst contrarié qu'il ne puisse pas mettre à j...
0  \tJ'ai plongé plusieurs fois pour la balle. A ...
0  \tTout mon corps a des démangeaisons et comme ...
0  \tNon, il ne se comporte pas du tout. je suis ...
[2026-02-05T12:03:55.155+0000] {taskinstance.py:2698} ERROR - Task failed with exception
Traceback (most recent call last):
  File "/home/airflow/.local/lib/python3.9/site-packages/airflow/models/taskinstance.py", line 433, in _execute_task
    result = execute_callable(context=context, **execute_callable_kwargs)
  File "/home/airflow/.local/lib/python3.9/site-packages/airflow/operators/python.py", line 199, in execute
    return_value = self.execute_callable()
  File "/home/airflow/.local/lib/python3.9/site-packages/airflow/operators/python.py", line 216, in execute_callable
    return self.python_callable(*self.op_args, **self.op_kwargs)
  File "/opt/airflow/dags/fr.py", line 17, in load_data
    df.columns = ["label", "text"]
  File "/home/airflow/.local/lib/python3.9/site-packages/pandas/core/generic.py", line 6218, in __setattr__
    return object.__setattr__(self, name, value)
  File "properties.pyx", line 69, in pandas._libs.properties.AxisProperty.__set__
  File "/home/airflow/.local/lib/python3.9/site-packages/pandas/core/generic.py", line 767, in _set_axis
    self._mgr.set_axis(axis, labels)
  File "/home/airflow/.local/lib/python3.9/site-packages/pandas/core/internals/managers.py", line 227, in set_axis
    self._validate_set_axis(axis, new_labels)
  File "/home/airflow/.local/lib/python3.9/site-packages/pandas/core/internals/base.py", line 85, in _validate_set_axis
    raise ValueError(
ValueError: Length mismatch: Expected axis has 1 elements, new values have 2 elements
[2026-02-05T12:03:55.167+0000] {taskinstance.py:1138} INFO - Marking task as FAILED. dag_id=francais, task_id=load_data, execution_date=20260205T120350, start_date=20260205T120354, end_date=20260205T120355
[2026-02-05T12:03:55.372+0000] {standard_task_runner.py:107} ERROR - Failed to execute job 64 for task load_data (Length mismatch: Expected axis has 1 elements, new values have 2 elements; 283)
[2026-02-05T12:03:55.398+0000] {local_task_job_runner.py:234} INFO - Task exited with return code 1
[2026-02-05T12:03:55.427+0000] {taskinstance.py:3280} INFO - 0 downstream tasks scheduled from follow-on schedule check
