[2026-02-11T16:33:44.256+0000] {taskinstance.py:1956} INFO - Dependencies all met for dep_context=non-requeueable deps ti=<TaskInstance: arabe_T.load_data manual__2026-02-11T16:33:38.880435+00:00 [queued]>
[2026-02-11T16:33:44.266+0000] {taskinstance.py:1956} INFO - Dependencies all met for dep_context=requeueable deps ti=<TaskInstance: arabe_T.load_data manual__2026-02-11T16:33:38.880435+00:00 [queued]>
[2026-02-11T16:33:44.266+0000] {taskinstance.py:2170} INFO - Starting attempt 1 of 1
[2026-02-11T16:33:44.303+0000] {taskinstance.py:2191} INFO - Executing <Task(PythonOperator): load_data> on 2026-02-11 16:33:38.880435+00:00
[2026-02-11T16:33:44.317+0000] {standard_task_runner.py:60} INFO - Started process 336 to run task
[2026-02-11T16:33:44.319+0000] {standard_task_runner.py:87} INFO - Running: ['***', 'tasks', 'run', 'arabe_T', 'load_data', 'manual__2026-02-11T16:33:38.880435+00:00', '--job-id', '257', '--raw', '--subdir', 'DAGS_FOLDER/arabet.py', '--cfg-path', '/tmp/tmpg45hmiil']
[2026-02-11T16:33:44.321+0000] {standard_task_runner.py:88} INFO - Job 257: Subtask load_data
[2026-02-11T16:33:44.368+0000] {task_command.py:423} INFO - Running <TaskInstance: arabe_T.load_data manual__2026-02-11T16:33:38.880435+00:00 [running]> on host 8f815bf36b8d
[2026-02-11T16:33:44.459+0000] {taskinstance.py:2480} INFO - Exporting env vars: AIRFLOW_CTX_DAG_OWNER='***' AIRFLOW_CTX_DAG_ID='arabe_T' AIRFLOW_CTX_TASK_ID='load_data' AIRFLOW_CTX_EXECUTION_DATE='2026-02-11T16:33:38.880435+00:00' AIRFLOW_CTX_TRY_NUMBER='1' AIRFLOW_CTX_DAG_RUN_ID='manual__2026-02-11T16:33:38.880435+00:00'
[2026-02-11T16:33:44.466+0000] {logging_mixin.py:188} INFO - Columns: Index(['label,text'], dtype='object')
[2026-02-11T16:33:44.475+0000] {logging_mixin.py:188} INFO -                                           label,text
0   negative,\tحتى الايتونز خربتوه مو صاحين انتو؟؟ 😭
1  negative,\tواحد تبع النظام السوري يقول أن المخ...
2  negative,\tالى متى التعامل السئ للخادمات وعدم ...
3       negative,\tرايح جاي ي طحلبي 🐸 #الهلال_الاهلي
4                      negative,\tتتمغط ومعها سداع 😫
[2026-02-11T16:33:44.477+0000] {taskinstance.py:2698} ERROR - Task failed with exception
Traceback (most recent call last):
  File "/home/airflow/.local/lib/python3.9/site-packages/pandas/core/indexes/base.py", line 3791, in get_loc
    return self._engine.get_loc(casted_key)
  File "index.pyx", line 152, in pandas._libs.index.IndexEngine.get_loc
  File "index.pyx", line 181, in pandas._libs.index.IndexEngine.get_loc
  File "pandas/_libs/hashtable_class_helper.pxi", line 7080, in pandas._libs.hashtable.PyObjectHashTable.get_item
  File "pandas/_libs/hashtable_class_helper.pxi", line 7088, in pandas._libs.hashtable.PyObjectHashTable.get_item
KeyError: 'label'

The above exception was the direct cause of the following exception:

Traceback (most recent call last):
  File "/home/airflow/.local/lib/python3.9/site-packages/airflow/models/taskinstance.py", line 433, in _execute_task
    result = execute_callable(context=context, **execute_callable_kwargs)
  File "/home/airflow/.local/lib/python3.9/site-packages/airflow/operators/python.py", line 199, in execute
    return_value = self.execute_callable()
  File "/home/airflow/.local/lib/python3.9/site-packages/airflow/operators/python.py", line 216, in execute_callable
    return self.python_callable(*self.op_args, **self.op_kwargs)
  File "/opt/airflow/dags/arabet.py", line 27, in load_data
    df["label"] = df["label"].str.strip().str.replace ('"', '')
  File "/home/airflow/.local/lib/python3.9/site-packages/pandas/core/frame.py", line 3893, in __getitem__
    indexer = self.columns.get_loc(key)
  File "/home/airflow/.local/lib/python3.9/site-packages/pandas/core/indexes/base.py", line 3798, in get_loc
    raise KeyError(key) from err
KeyError: 'label'
[2026-02-11T16:33:44.488+0000] {taskinstance.py:1138} INFO - Marking task as FAILED. dag_id=arabe_T, task_id=load_data, execution_date=20260211T163338, start_date=20260211T163344, end_date=20260211T163344
[2026-02-11T16:33:44.504+0000] {standard_task_runner.py:107} ERROR - Failed to execute job 257 for task load_data ('label'; 336)
[2026-02-11T16:33:44.532+0000] {local_task_job_runner.py:234} INFO - Task exited with return code 1
[2026-02-11T16:33:44.557+0000] {taskinstance.py:3280} INFO - 0 downstream tasks scheduled from follow-on schedule check
