[2026-02-11T21:14:09.449+0000] {taskinstance.py:1956} INFO - Dependencies all met for dep_context=non-requeueable deps ti=<TaskInstance: tunisia.evaluate_model manual__2026-02-11T21:03:36.455304+00:00 [queued]>
[2026-02-11T21:14:09.460+0000] {taskinstance.py:1956} INFO - Dependencies all met for dep_context=requeueable deps ti=<TaskInstance: tunisia.evaluate_model manual__2026-02-11T21:03:36.455304+00:00 [queued]>
[2026-02-11T21:14:09.461+0000] {taskinstance.py:2170} INFO - Starting attempt 1 of 1
[2026-02-11T21:14:09.496+0000] {taskinstance.py:2191} INFO - Executing <Task(PythonOperator): evaluate_model> on 2026-02-11 21:03:36.455304+00:00
[2026-02-11T21:14:09.508+0000] {standard_task_runner.py:60} INFO - Started process 2423 to run task
[2026-02-11T21:14:09.511+0000] {standard_task_runner.py:87} INFO - Running: ['***', 'tasks', 'run', 'tunisia', 'evaluate_model', 'manual__2026-02-11T21:03:36.455304+00:00', '--job-id', '313', '--raw', '--subdir', 'DAGS_FOLDER/tunisia.py', '--cfg-path', '/tmp/tmpj086ucyu']
[2026-02-11T21:14:09.513+0000] {standard_task_runner.py:88} INFO - Job 313: Subtask evaluate_model
[2026-02-11T21:14:09.563+0000] {task_command.py:423} INFO - Running <TaskInstance: tunisia.evaluate_model manual__2026-02-11T21:03:36.455304+00:00 [running]> on host c09b562b2b31
[2026-02-11T21:14:09.652+0000] {taskinstance.py:2480} INFO - Exporting env vars: AIRFLOW_CTX_DAG_OWNER='***' AIRFLOW_CTX_DAG_ID='tunisia' AIRFLOW_CTX_TASK_ID='evaluate_model' AIRFLOW_CTX_EXECUTION_DATE='2026-02-11T21:03:36.455304+00:00' AIRFLOW_CTX_TRY_NUMBER='1' AIRFLOW_CTX_DAG_RUN_ID='manual__2026-02-11T21:03:36.455304+00:00'
[2026-02-11T21:14:09.714+0000] {logging_mixin.py:188} WARNING - /home/***/.local/lib/python3.9/site-packages/numpy/lib/function_base.py:518 RuntimeWarning: Mean of empty slice.
[2026-02-11T21:14:09.715+0000] {logging_mixin.py:188} WARNING - /home/***/.local/lib/python3.9/site-packages/numpy/core/_methods.py:192 RuntimeWarning: invalid value encountered in scalar divide
[2026-02-11T21:14:09.715+0000] {logging_mixin.py:188} INFO - Benchmark Accuracy: nan
[2026-02-11T21:14:09.716+0000] {logging_mixin.py:188} WARNING - /home/***/.local/lib/python3.9/site-packages/numpy/lib/function_base.py:518 RuntimeWarning: Mean of empty slice.
[2026-02-11T21:14:09.717+0000] {logging_mixin.py:188} WARNING - /home/***/.local/lib/python3.9/site-packages/numpy/core/_methods.py:192 RuntimeWarning: invalid value encountered in scalar divide
[2026-02-11T21:14:09.723+0000] {logging_mixin.py:188} INFO - Benchmark Accuracy: nan
[2026-02-11T21:14:09.723+0000] {logging_mixin.py:188} INFO - Precision (weighted): nan
[2026-02-11T21:14:09.724+0000] {logging_mixin.py:188} INFO - Recall (weighted): nan
[2026-02-11T21:14:09.724+0000] {logging_mixin.py:188} INFO - F1-score (weighted): nan
[2026-02-11T21:14:09.724+0000] {python.py:201} INFO - Done. Returned value was: None
[2026-02-11T21:14:09.731+0000] {taskinstance.py:1138} INFO - Marking task as SUCCESS. dag_id=tunisia, task_id=evaluate_model, execution_date=20260211T210336, start_date=20260211T211409, end_date=20260211T211409
[2026-02-11T21:14:09.804+0000] {local_task_job_runner.py:234} INFO - Task exited with return code 0
[2026-02-11T21:14:09.820+0000] {taskinstance.py:3280} INFO - 0 downstream tasks scheduled from follow-on schedule check
