[2026-02-11T21:26:59.910+0000] {taskinstance.py:1956} INFO - Dependencies all met for dep_context=non-requeueable deps ti=<TaskInstance: tunisia.run_predictions manual__2026-02-11T21:26:33.526460+00:00 [queued]>
[2026-02-11T21:26:59.923+0000] {taskinstance.py:1956} INFO - Dependencies all met for dep_context=requeueable deps ti=<TaskInstance: tunisia.run_predictions manual__2026-02-11T21:26:33.526460+00:00 [queued]>
[2026-02-11T21:26:59.924+0000] {taskinstance.py:2170} INFO - Starting attempt 1 of 1
[2026-02-11T21:27:00.049+0000] {taskinstance.py:2191} INFO - Executing <Task(PythonOperator): run_predictions> on 2026-02-11 21:26:33.526460+00:00
[2026-02-11T21:27:00.070+0000] {standard_task_runner.py:60} INFO - Started process 678 to run task
[2026-02-11T21:27:00.077+0000] {standard_task_runner.py:87} INFO - Running: ['***', 'tasks', 'run', 'tunisia', 'run_predictions', 'manual__2026-02-11T21:26:33.526460+00:00', '--job-id', '317', '--raw', '--subdir', 'DAGS_FOLDER/tunisia.py', '--cfg-path', '/tmp/tmpp3235pm8']
[2026-02-11T21:27:00.079+0000] {standard_task_runner.py:88} INFO - Job 317: Subtask run_predictions
[2026-02-11T21:27:00.179+0000] {task_command.py:423} INFO - Running <TaskInstance: tunisia.run_predictions manual__2026-02-11T21:26:33.526460+00:00 [running]> on host bd080bc5a8ab
[2026-02-11T21:27:00.304+0000] {taskinstance.py:2480} INFO - Exporting env vars: AIRFLOW_CTX_DAG_OWNER='***' AIRFLOW_CTX_DAG_ID='tunisia' AIRFLOW_CTX_TASK_ID='run_predictions' AIRFLOW_CTX_EXECUTION_DATE='2026-02-11T21:26:33.526460+00:00' AIRFLOW_CTX_TRY_NUMBER='1' AIRFLOW_CTX_DAG_RUN_ID='manual__2026-02-11T21:26:33.526460+00:00'
[2026-02-11T21:27:01.432+0000] {local_task_job_runner.py:121} ERROR - Received SIGTERM. Terminating subprocesses
[2026-02-11T21:27:01.442+0000] {process_utils.py:131} INFO - Sending 15 to group 678. PIDs of all processes in the group: [678]
[2026-02-11T21:27:01.447+0000] {process_utils.py:86} INFO - Sending the signal 15 to group 678
[2026-02-11T21:27:01.450+0000] {taskinstance.py:2450} ERROR - Received SIGTERM. Terminating subprocesses.
[2026-02-11T21:27:01.451+0000] {taskinstance.py:2698} ERROR - Task failed with exception
Traceback (most recent call last):
  File "/home/airflow/.local/lib/python3.9/site-packages/transformers/utils/import_utils.py", line 1778, in _get_module
    return importlib.import_module("." + module_name, self.__name__)
  File "/usr/local/lib/python3.9/importlib/__init__.py", line 127, in import_module
    return _bootstrap._gcd_import(name[level:], package, level)
  File "<frozen importlib._bootstrap>", line 1030, in _gcd_import
  File "<frozen importlib._bootstrap>", line 1007, in _find_and_load
  File "<frozen importlib._bootstrap>", line 986, in _find_and_load_unlocked
  File "<frozen importlib._bootstrap>", line 680, in _load_unlocked
  File "<frozen importlib._bootstrap_external>", line 846, in exec_module
  File "<frozen importlib._bootstrap_external>", line 941, in get_code
  File "<frozen importlib._bootstrap_external>", line 1040, in get_data
  File "/home/airflow/.local/lib/python3.9/site-packages/airflow/models/taskinstance.py", line 2452, in signal_handler
    raise AirflowException("Task received SIGTERM signal")
airflow.exceptions.AirflowException: Task received SIGTERM signal

The above exception was the direct cause of the following exception:

Traceback (most recent call last):
  File "/home/airflow/.local/lib/python3.9/site-packages/airflow/models/taskinstance.py", line 433, in _execute_task
    result = execute_callable(context=context, **execute_callable_kwargs)
  File "/home/airflow/.local/lib/python3.9/site-packages/airflow/operators/python.py", line 199, in execute
    return_value = self.execute_callable()
  File "/home/airflow/.local/lib/python3.9/site-packages/airflow/operators/python.py", line 216, in execute_callable
    return self.python_callable(*self.op_args, **self.op_kwargs)
  File "/opt/airflow/dags/tunisia.py", line 47, in run_predictions
    model = pipeline("sentiment-analysis", model=model_name, device=-1)
  File "/home/airflow/.local/lib/python3.9/site-packages/transformers/pipelines/__init__.py", line 926, in pipeline
    framework, model = infer_framework_load_model(
  File "/home/airflow/.local/lib/python3.9/site-packages/transformers/pipelines/base.py", line 289, in infer_framework_load_model
    model = model_class.from_pretrained(model, **kwargs)
  File "/home/airflow/.local/lib/python3.9/site-packages/transformers/models/auto/auto_factory.py", line 543, in from_pretrained
    has_local_code = type(config) in cls._model_mapping.keys()
  File "/home/airflow/.local/lib/python3.9/site-packages/transformers/models/auto/auto_factory.py", line 780, in keys
    mapping_keys = [
  File "/home/airflow/.local/lib/python3.9/site-packages/transformers/models/auto/auto_factory.py", line 781, in <listcomp>
    self._load_attr_from_module(key, name)
  File "/home/airflow/.local/lib/python3.9/site-packages/transformers/models/auto/auto_factory.py", line 777, in _load_attr_from_module
    return getattribute_from_module(self._modules[module_name], attr)
  File "/home/airflow/.local/lib/python3.9/site-packages/transformers/models/auto/auto_factory.py", line 693, in getattribute_from_module
    if hasattr(module, attr):
  File "/home/airflow/.local/lib/python3.9/site-packages/transformers/utils/import_utils.py", line 1766, in __getattr__
    module = self._get_module(self._class_to_module[name])
  File "/home/airflow/.local/lib/python3.9/site-packages/transformers/utils/import_utils.py", line 1780, in _get_module
    raise RuntimeError(
RuntimeError: Failed to import transformers.models.funnel.configuration_funnel because of the following error (look up to see its traceback):
Task received SIGTERM signal
[2026-02-11T21:27:01.550+0000] {taskinstance.py:1138} INFO - Marking task as FAILED. dag_id=tunisia, task_id=run_predictions, execution_date=20260211T212633, start_date=20260211T212659, end_date=20260211T212701
[2026-02-11T21:27:01.715+0000] {standard_task_runner.py:107} ERROR - Failed to execute job 317 for task run_predictions (Failed to import transformers.models.funnel.configuration_funnel because of the following error (look up to see its traceback):
Task received SIGTERM signal; 678)
[2026-02-11T21:27:01.750+0000] {process_utils.py:79} INFO - Process psutil.Process(pid=678, status='terminated', exitcode=1, started='21:26:59') (678) terminated with exit code 1
[2026-02-11T21:27:01.750+0000] {local_task_job_runner.py:234} INFO - Task exited with return code 143
[2026-02-11T21:27:01.768+0000] {taskinstance.py:3280} INFO - 0 downstream tasks scheduled from follow-on schedule check
