[2026-02-11T16:55:51.736+0000] {taskinstance.py:1956} INFO - Dependencies all met for dep_context=non-requeueable deps ti=<TaskInstance: arabe_T.load_data manual__2026-02-11T16:55:46.661256+00:00 [queued]>
[2026-02-11T16:55:51.747+0000] {taskinstance.py:1956} INFO - Dependencies all met for dep_context=requeueable deps ti=<TaskInstance: arabe_T.load_data manual__2026-02-11T16:55:46.661256+00:00 [queued]>
[2026-02-11T16:55:51.747+0000] {taskinstance.py:2170} INFO - Starting attempt 1 of 1
[2026-02-11T16:55:51.771+0000] {taskinstance.py:2191} INFO - Executing <Task(PythonOperator): load_data> on 2026-02-11 16:55:46.661256+00:00
[2026-02-11T16:55:51.787+0000] {standard_task_runner.py:60} INFO - Started process 300 to run task
[2026-02-11T16:55:51.789+0000] {standard_task_runner.py:87} INFO - Running: ['***', 'tasks', 'run', 'arabe_T', 'load_data', 'manual__2026-02-11T16:55:46.661256+00:00', '--job-id', '267', '--raw', '--subdir', 'DAGS_FOLDER/arabet.py', '--cfg-path', '/tmp/tmpp07upqq6']
[2026-02-11T16:55:51.790+0000] {standard_task_runner.py:88} INFO - Job 267: Subtask load_data
[2026-02-11T16:55:51.837+0000] {task_command.py:423} INFO - Running <TaskInstance: arabe_T.load_data manual__2026-02-11T16:55:46.661256+00:00 [running]> on host 6b1cd4ba800b
[2026-02-11T16:55:51.940+0000] {taskinstance.py:2480} INFO - Exporting env vars: AIRFLOW_CTX_DAG_OWNER='***' AIRFLOW_CTX_DAG_ID='arabe_T' AIRFLOW_CTX_TASK_ID='load_data' AIRFLOW_CTX_EXECUTION_DATE='2026-02-11T16:55:46.661256+00:00' AIRFLOW_CTX_TRY_NUMBER='1' AIRFLOW_CTX_DAG_RUN_ID='manual__2026-02-11T16:55:46.661256+00:00'
[2026-02-11T16:55:51.948+0000] {logging_mixin.py:188} INFO - Columns: Index(['label', 'text'], dtype='object')
[2026-02-11T16:55:51.956+0000] {logging_mixin.py:188} INFO -                                                label      text
0  "تخيّل روحك تكون تصور في تحرك ضد الشركة الصهيو...  negative
1  فماش تهم أخرى مقنعة أكثر بالله ؟؟ شنو نعملوا ب...  negative
2            هذا اللي صار لأختنا Esmahen Ghanmi  !!   positive
3  متهمة بقضية ""جمع معلومات شخصية على الأمنيين""...  negative
4  بالمناسبة نعاودوا نذكروا الي قضيتنا راهي عادلة...   neutral
[2026-02-11T16:55:52.006+0000] {python.py:201} INFO - Done. Returned value was: None
[2026-02-11T16:55:52.015+0000] {taskinstance.py:1138} INFO - Marking task as SUCCESS. dag_id=arabe_T, task_id=load_data, execution_date=20260211T165546, start_date=20260211T165551, end_date=20260211T165552
[2026-02-11T16:55:52.042+0000] {local_task_job_runner.py:234} INFO - Task exited with return code 0
[2026-02-11T16:55:52.065+0000] {taskinstance.py:3280} INFO - 1 downstream tasks scheduled from follow-on schedule check
