[2026-02-24T13:06:12.686+0000] {processor.py:161} INFO - Started process (PID=220) to work on /opt/airflow/dags/anglais.py
[2026-02-24T13:06:12.687+0000] {processor.py:830} INFO - Processing file /opt/airflow/dags/anglais.py for tasks to queue
[2026-02-24T13:06:12.689+0000] {logging_mixin.py:188} INFO - [2026-02-24T13:06:12.688+0000] {dagbag.py:538} INFO - Filling up the DagBag from /opt/airflow/dags/anglais.py
[2026-02-24T13:06:16.319+0000] {processor.py:840} INFO - DAG(s) 'anglais' retrieved from /opt/airflow/dags/anglais.py
[2026-02-24T13:06:16.344+0000] {logging_mixin.py:188} INFO - [2026-02-24T13:06:16.344+0000] {dag.py:3036} INFO - Sync 1 DAGs
[2026-02-24T13:06:16.354+0000] {logging_mixin.py:188} INFO - [2026-02-24T13:06:16.354+0000] {dag.py:3823} INFO - Setting next_dagrun for anglais to None, run_after=None
[2026-02-24T13:06:16.446+0000] {processor.py:183} INFO - Processing /opt/airflow/dags/anglais.py took 3.763 seconds
[2026-02-24T13:07:01.028+0000] {processor.py:161} INFO - Started process (PID=333) to work on /opt/airflow/dags/anglais.py
[2026-02-24T13:07:01.029+0000] {processor.py:830} INFO - Processing file /opt/airflow/dags/anglais.py for tasks to queue
[2026-02-24T13:07:01.031+0000] {logging_mixin.py:188} INFO - [2026-02-24T13:07:01.030+0000] {dagbag.py:538} INFO - Filling up the DagBag from /opt/airflow/dags/anglais.py
[2026-02-24T13:07:04.579+0000] {processor.py:840} INFO - DAG(s) 'anglais' retrieved from /opt/airflow/dags/anglais.py
[2026-02-24T13:07:04.604+0000] {logging_mixin.py:188} INFO - [2026-02-24T13:07:04.604+0000] {dag.py:3036} INFO - Sync 1 DAGs
[2026-02-24T13:07:04.619+0000] {logging_mixin.py:188} INFO - [2026-02-24T13:07:04.619+0000] {dag.py:3823} INFO - Setting next_dagrun for anglais to None, run_after=None
[2026-02-24T13:07:04.744+0000] {processor.py:183} INFO - Processing /opt/airflow/dags/anglais.py took 3.720 seconds
[2026-02-24T13:07:43.814+0000] {processor.py:161} INFO - Started process (PID=446) to work on /opt/airflow/dags/anglais.py
[2026-02-24T13:07:43.825+0000] {processor.py:830} INFO - Processing file /opt/airflow/dags/anglais.py for tasks to queue
[2026-02-24T13:07:43.827+0000] {logging_mixin.py:188} INFO - [2026-02-24T13:07:43.826+0000] {dagbag.py:538} INFO - Filling up the DagBag from /opt/airflow/dags/anglais.py
[2026-02-24T13:07:47.065+0000] {processor.py:840} INFO - DAG(s) 'anglais' retrieved from /opt/airflow/dags/anglais.py
[2026-02-24T13:07:47.083+0000] {logging_mixin.py:188} INFO - [2026-02-24T13:07:47.083+0000] {dag.py:3036} INFO - Sync 1 DAGs
[2026-02-24T13:07:47.093+0000] {logging_mixin.py:188} INFO - [2026-02-24T13:07:47.093+0000] {dag.py:3823} INFO - Setting next_dagrun for anglais to None, run_after=None
[2026-02-24T13:07:47.135+0000] {processor.py:183} INFO - Processing /opt/airflow/dags/anglais.py took 3.323 seconds
[2026-02-24T13:08:22.448+0000] {processor.py:161} INFO - Started process (PID=559) to work on /opt/airflow/dags/anglais.py
[2026-02-24T13:08:22.459+0000] {processor.py:830} INFO - Processing file /opt/airflow/dags/anglais.py for tasks to queue
[2026-02-24T13:08:22.460+0000] {logging_mixin.py:188} INFO - [2026-02-24T13:08:22.459+0000] {dagbag.py:538} INFO - Filling up the DagBag from /opt/airflow/dags/anglais.py
[2026-02-24T13:08:25.748+0000] {processor.py:840} INFO - DAG(s) 'anglais' retrieved from /opt/airflow/dags/anglais.py
[2026-02-24T13:08:25.769+0000] {logging_mixin.py:188} INFO - [2026-02-24T13:08:25.768+0000] {dag.py:3036} INFO - Sync 1 DAGs
[2026-02-24T13:08:25.783+0000] {logging_mixin.py:188} INFO - [2026-02-24T13:08:25.783+0000] {dag.py:3823} INFO - Setting next_dagrun for anglais to None, run_after=None
[2026-02-24T13:08:25.856+0000] {processor.py:183} INFO - Processing /opt/airflow/dags/anglais.py took 3.412 seconds
[2026-02-24T13:09:02.908+0000] {processor.py:161} INFO - Started process (PID=672) to work on /opt/airflow/dags/anglais.py
[2026-02-24T13:09:02.909+0000] {processor.py:830} INFO - Processing file /opt/airflow/dags/anglais.py for tasks to queue
[2026-02-24T13:09:02.910+0000] {logging_mixin.py:188} INFO - [2026-02-24T13:09:02.910+0000] {dagbag.py:538} INFO - Filling up the DagBag from /opt/airflow/dags/anglais.py
[2026-02-24T13:09:06.210+0000] {processor.py:840} INFO - DAG(s) 'anglais' retrieved from /opt/airflow/dags/anglais.py
[2026-02-24T13:09:06.229+0000] {logging_mixin.py:188} INFO - [2026-02-24T13:09:06.229+0000] {dag.py:3036} INFO - Sync 1 DAGs
[2026-02-24T13:09:06.238+0000] {logging_mixin.py:188} INFO - [2026-02-24T13:09:06.238+0000] {dag.py:3823} INFO - Setting next_dagrun for anglais to None, run_after=None
[2026-02-24T13:09:06.329+0000] {processor.py:183} INFO - Processing /opt/airflow/dags/anglais.py took 3.424 seconds
[2026-02-24T13:09:42.159+0000] {processor.py:161} INFO - Started process (PID=785) to work on /opt/airflow/dags/anglais.py
[2026-02-24T13:09:42.185+0000] {processor.py:830} INFO - Processing file /opt/airflow/dags/anglais.py for tasks to queue
[2026-02-24T13:09:42.186+0000] {logging_mixin.py:188} INFO - [2026-02-24T13:09:42.186+0000] {dagbag.py:538} INFO - Filling up the DagBag from /opt/airflow/dags/anglais.py
[2026-02-24T13:09:46.172+0000] {processor.py:840} INFO - DAG(s) 'anglais' retrieved from /opt/airflow/dags/anglais.py
[2026-02-24T13:09:46.195+0000] {logging_mixin.py:188} INFO - [2026-02-24T13:09:46.195+0000] {dag.py:3036} INFO - Sync 1 DAGs
[2026-02-24T13:09:46.206+0000] {logging_mixin.py:188} INFO - [2026-02-24T13:09:46.206+0000] {dag.py:3823} INFO - Setting next_dagrun for anglais to None, run_after=None
[2026-02-24T13:09:46.257+0000] {processor.py:183} INFO - Processing /opt/airflow/dags/anglais.py took 4.101 seconds
[2026-02-24T13:10:25.394+0000] {processor.py:161} INFO - Started process (PID=898) to work on /opt/airflow/dags/anglais.py
[2026-02-24T13:10:25.403+0000] {processor.py:830} INFO - Processing file /opt/airflow/dags/anglais.py for tasks to queue
[2026-02-24T13:10:25.404+0000] {logging_mixin.py:188} INFO - [2026-02-24T13:10:25.404+0000] {dagbag.py:538} INFO - Filling up the DagBag from /opt/airflow/dags/anglais.py
[2026-02-24T13:10:28.640+0000] {processor.py:840} INFO - DAG(s) 'anglais' retrieved from /opt/airflow/dags/anglais.py
[2026-02-24T13:10:28.659+0000] {logging_mixin.py:188} INFO - [2026-02-24T13:10:28.659+0000] {dag.py:3036} INFO - Sync 1 DAGs
[2026-02-24T13:10:28.672+0000] {logging_mixin.py:188} INFO - [2026-02-24T13:10:28.672+0000] {dag.py:3823} INFO - Setting next_dagrun for anglais to None, run_after=None
[2026-02-24T13:10:28.726+0000] {processor.py:183} INFO - Processing /opt/airflow/dags/anglais.py took 3.337 seconds
[2026-02-24T13:11:16.056+0000] {processor.py:161} INFO - Started process (PID=1020) to work on /opt/airflow/dags/anglais.py
[2026-02-24T13:11:16.057+0000] {processor.py:830} INFO - Processing file /opt/airflow/dags/anglais.py for tasks to queue
[2026-02-24T13:11:16.058+0000] {logging_mixin.py:188} INFO - [2026-02-24T13:11:16.058+0000] {dagbag.py:538} INFO - Filling up the DagBag from /opt/airflow/dags/anglais.py
[2026-02-24T13:11:19.606+0000] {processor.py:840} INFO - DAG(s) 'anglais' retrieved from /opt/airflow/dags/anglais.py
[2026-02-24T13:11:19.630+0000] {logging_mixin.py:188} INFO - [2026-02-24T13:11:19.630+0000] {dag.py:3036} INFO - Sync 1 DAGs
[2026-02-24T13:11:19.641+0000] {logging_mixin.py:188} INFO - [2026-02-24T13:11:19.641+0000] {dag.py:3823} INFO - Setting next_dagrun for anglais to None, run_after=None
[2026-02-24T13:11:19.667+0000] {processor.py:183} INFO - Processing /opt/airflow/dags/anglais.py took 3.614 seconds
[2026-02-24T13:11:59.158+0000] {processor.py:161} INFO - Started process (PID=1133) to work on /opt/airflow/dags/anglais.py
[2026-02-24T13:11:59.164+0000] {processor.py:830} INFO - Processing file /opt/airflow/dags/anglais.py for tasks to queue
[2026-02-24T13:11:59.165+0000] {logging_mixin.py:188} INFO - [2026-02-24T13:11:59.164+0000] {dagbag.py:538} INFO - Filling up the DagBag from /opt/airflow/dags/anglais.py
[2026-02-24T13:12:02.262+0000] {processor.py:840} INFO - DAG(s) 'anglais' retrieved from /opt/airflow/dags/anglais.py
[2026-02-24T13:12:02.282+0000] {logging_mixin.py:188} INFO - [2026-02-24T13:12:02.281+0000] {dag.py:3036} INFO - Sync 1 DAGs
[2026-02-24T13:12:02.294+0000] {logging_mixin.py:188} INFO - [2026-02-24T13:12:02.294+0000] {dag.py:3823} INFO - Setting next_dagrun for anglais to None, run_after=None
[2026-02-24T13:12:02.343+0000] {processor.py:183} INFO - Processing /opt/airflow/dags/anglais.py took 3.187 seconds
[2026-02-24T13:12:39.928+0000] {processor.py:161} INFO - Started process (PID=1246) to work on /opt/airflow/dags/anglais.py
[2026-02-24T13:12:40.160+0000] {processor.py:830} INFO - Processing file /opt/airflow/dags/anglais.py for tasks to queue
[2026-02-24T13:12:40.162+0000] {logging_mixin.py:188} INFO - [2026-02-24T13:12:40.161+0000] {dagbag.py:538} INFO - Filling up the DagBag from /opt/airflow/dags/anglais.py
[2026-02-24T13:12:42.797+0000] {processor.py:840} INFO - DAG(s) 'anglais' retrieved from /opt/airflow/dags/anglais.py
[2026-02-24T13:12:42.818+0000] {logging_mixin.py:188} INFO - [2026-02-24T13:12:42.817+0000] {dag.py:3036} INFO - Sync 1 DAGs
[2026-02-24T13:12:42.830+0000] {logging_mixin.py:188} INFO - [2026-02-24T13:12:42.830+0000] {dag.py:3823} INFO - Setting next_dagrun for anglais to None, run_after=None
[2026-02-24T13:12:43.021+0000] {processor.py:183} INFO - Processing /opt/airflow/dags/anglais.py took 3.096 seconds
[2026-02-24T13:13:20.798+0000] {processor.py:161} INFO - Started process (PID=1359) to work on /opt/airflow/dags/anglais.py
[2026-02-24T13:13:21.103+0000] {processor.py:830} INFO - Processing file /opt/airflow/dags/anglais.py for tasks to queue
[2026-02-24T13:13:21.105+0000] {logging_mixin.py:188} INFO - [2026-02-24T13:13:21.104+0000] {dagbag.py:538} INFO - Filling up the DagBag from /opt/airflow/dags/anglais.py
