[2026-02-24T13:06:16.503+0000] {processor.py:161} INFO - Started process (PID=229) to work on /opt/airflow/dags/fr.py
[2026-02-24T13:06:16.504+0000] {processor.py:830} INFO - Processing file /opt/airflow/dags/fr.py for tasks to queue
[2026-02-24T13:06:16.504+0000] {logging_mixin.py:188} INFO - [2026-02-24T13:06:16.504+0000] {dagbag.py:538} INFO - Filling up the DagBag from /opt/airflow/dags/fr.py
[2026-02-24T13:06:20.699+0000] {processor.py:840} INFO - DAG(s) 'francais' retrieved from /opt/airflow/dags/fr.py
[2026-02-24T13:06:20.722+0000] {logging_mixin.py:188} INFO - [2026-02-24T13:06:20.722+0000] {dag.py:3036} INFO - Sync 1 DAGs
[2026-02-24T13:06:20.733+0000] {logging_mixin.py:188} INFO - [2026-02-24T13:06:20.733+0000] {dag.py:3823} INFO - Setting next_dagrun for francais to None, run_after=None
[2026-02-24T13:06:20.844+0000] {processor.py:183} INFO - Processing /opt/airflow/dags/fr.py took 4.343 seconds
[2026-02-24T13:07:04.811+0000] {processor.py:161} INFO - Started process (PID=342) to work on /opt/airflow/dags/fr.py
[2026-02-24T13:07:04.812+0000] {processor.py:830} INFO - Processing file /opt/airflow/dags/fr.py for tasks to queue
[2026-02-24T13:07:04.813+0000] {logging_mixin.py:188} INFO - [2026-02-24T13:07:04.812+0000] {dagbag.py:538} INFO - Filling up the DagBag from /opt/airflow/dags/fr.py
[2026-02-24T13:07:08.086+0000] {processor.py:840} INFO - DAG(s) 'francais' retrieved from /opt/airflow/dags/fr.py
[2026-02-24T13:07:08.105+0000] {logging_mixin.py:188} INFO - [2026-02-24T13:07:08.104+0000] {dag.py:3036} INFO - Sync 1 DAGs
[2026-02-24T13:07:08.119+0000] {logging_mixin.py:188} INFO - [2026-02-24T13:07:08.119+0000] {dag.py:3823} INFO - Setting next_dagrun for francais to None, run_after=None
[2026-02-24T13:07:08.216+0000] {processor.py:183} INFO - Processing /opt/airflow/dags/fr.py took 3.410 seconds
[2026-02-24T13:07:47.185+0000] {processor.py:161} INFO - Started process (PID=455) to work on /opt/airflow/dags/fr.py
[2026-02-24T13:07:47.192+0000] {processor.py:830} INFO - Processing file /opt/airflow/dags/fr.py for tasks to queue
[2026-02-24T13:07:47.192+0000] {logging_mixin.py:188} INFO - [2026-02-24T13:07:47.192+0000] {dagbag.py:538} INFO - Filling up the DagBag from /opt/airflow/dags/fr.py
[2026-02-24T13:07:50.524+0000] {processor.py:840} INFO - DAG(s) 'francais' retrieved from /opt/airflow/dags/fr.py
[2026-02-24T13:07:50.541+0000] {logging_mixin.py:188} INFO - [2026-02-24T13:07:50.541+0000] {dag.py:3036} INFO - Sync 1 DAGs
[2026-02-24T13:07:50.554+0000] {logging_mixin.py:188} INFO - [2026-02-24T13:07:50.554+0000] {dag.py:3823} INFO - Setting next_dagrun for francais to None, run_after=None
[2026-02-24T13:07:50.654+0000] {processor.py:183} INFO - Processing /opt/airflow/dags/fr.py took 3.471 seconds
[2026-02-24T13:08:25.916+0000] {processor.py:161} INFO - Started process (PID=568) to work on /opt/airflow/dags/fr.py
[2026-02-24T13:08:25.917+0000] {processor.py:830} INFO - Processing file /opt/airflow/dags/fr.py for tasks to queue
[2026-02-24T13:08:25.918+0000] {logging_mixin.py:188} INFO - [2026-02-24T13:08:25.917+0000] {dagbag.py:538} INFO - Filling up the DagBag from /opt/airflow/dags/fr.py
[2026-02-24T13:08:29.249+0000] {processor.py:840} INFO - DAG(s) 'francais' retrieved from /opt/airflow/dags/fr.py
[2026-02-24T13:08:29.274+0000] {logging_mixin.py:188} INFO - [2026-02-24T13:08:29.274+0000] {dag.py:3036} INFO - Sync 1 DAGs
[2026-02-24T13:08:29.284+0000] {logging_mixin.py:188} INFO - [2026-02-24T13:08:29.284+0000] {dag.py:3823} INFO - Setting next_dagrun for francais to None, run_after=None
[2026-02-24T13:08:29.348+0000] {processor.py:183} INFO - Processing /opt/airflow/dags/fr.py took 3.436 seconds
[2026-02-24T13:09:06.374+0000] {processor.py:161} INFO - Started process (PID=681) to work on /opt/airflow/dags/fr.py
[2026-02-24T13:09:06.375+0000] {processor.py:830} INFO - Processing file /opt/airflow/dags/fr.py for tasks to queue
[2026-02-24T13:09:06.376+0000] {logging_mixin.py:188} INFO - [2026-02-24T13:09:06.376+0000] {dagbag.py:538} INFO - Filling up the DagBag from /opt/airflow/dags/fr.py
[2026-02-24T13:09:09.672+0000] {processor.py:840} INFO - DAG(s) 'francais' retrieved from /opt/airflow/dags/fr.py
[2026-02-24T13:09:09.694+0000] {logging_mixin.py:188} INFO - [2026-02-24T13:09:09.694+0000] {dag.py:3036} INFO - Sync 1 DAGs
[2026-02-24T13:09:09.706+0000] {logging_mixin.py:188} INFO - [2026-02-24T13:09:09.706+0000] {dag.py:3823} INFO - Setting next_dagrun for francais to None, run_after=None
[2026-02-24T13:09:09.738+0000] {processor.py:183} INFO - Processing /opt/airflow/dags/fr.py took 3.366 seconds
[2026-02-24T13:09:46.308+0000] {processor.py:161} INFO - Started process (PID=794) to work on /opt/airflow/dags/fr.py
[2026-02-24T13:09:46.329+0000] {processor.py:830} INFO - Processing file /opt/airflow/dags/fr.py for tasks to queue
[2026-02-24T13:09:46.329+0000] {logging_mixin.py:188} INFO - [2026-02-24T13:09:46.329+0000] {dagbag.py:538} INFO - Filling up the DagBag from /opt/airflow/dags/fr.py
[2026-02-24T13:09:49.722+0000] {processor.py:840} INFO - DAG(s) 'francais' retrieved from /opt/airflow/dags/fr.py
[2026-02-24T13:09:49.745+0000] {logging_mixin.py:188} INFO - [2026-02-24T13:09:49.745+0000] {dag.py:3036} INFO - Sync 1 DAGs
[2026-02-24T13:09:49.755+0000] {logging_mixin.py:188} INFO - [2026-02-24T13:09:49.755+0000] {dag.py:3823} INFO - Setting next_dagrun for francais to None, run_after=None
[2026-02-24T13:09:49.824+0000] {processor.py:183} INFO - Processing /opt/airflow/dags/fr.py took 3.520 seconds
[2026-02-24T13:10:32.505+0000] {processor.py:161} INFO - Started process (PID=916) to work on /opt/airflow/dags/fr.py
[2026-02-24T13:10:32.548+0000] {processor.py:830} INFO - Processing file /opt/airflow/dags/fr.py for tasks to queue
[2026-02-24T13:10:32.549+0000] {logging_mixin.py:188} INFO - [2026-02-24T13:10:32.549+0000] {dagbag.py:538} INFO - Filling up the DagBag from /opt/airflow/dags/fr.py
[2026-02-24T13:10:36.189+0000] {processor.py:840} INFO - DAG(s) 'francais' retrieved from /opt/airflow/dags/fr.py
[2026-02-24T13:10:36.222+0000] {logging_mixin.py:188} INFO - [2026-02-24T13:10:36.222+0000] {dag.py:3036} INFO - Sync 1 DAGs
[2026-02-24T13:10:36.237+0000] {logging_mixin.py:188} INFO - [2026-02-24T13:10:36.237+0000] {dag.py:3823} INFO - Setting next_dagrun for francais to None, run_after=None
[2026-02-24T13:10:36.401+0000] {processor.py:183} INFO - Processing /opt/airflow/dags/fr.py took 3.900 seconds
[2026-02-24T13:11:19.724+0000] {processor.py:161} INFO - Started process (PID=1029) to work on /opt/airflow/dags/fr.py
[2026-02-24T13:11:19.725+0000] {processor.py:830} INFO - Processing file /opt/airflow/dags/fr.py for tasks to queue
[2026-02-24T13:11:19.726+0000] {logging_mixin.py:188} INFO - [2026-02-24T13:11:19.725+0000] {dagbag.py:538} INFO - Filling up the DagBag from /opt/airflow/dags/fr.py
[2026-02-24T13:11:23.352+0000] {processor.py:840} INFO - DAG(s) 'francais' retrieved from /opt/airflow/dags/fr.py
[2026-02-24T13:11:23.378+0000] {logging_mixin.py:188} INFO - [2026-02-24T13:11:23.378+0000] {dag.py:3036} INFO - Sync 1 DAGs
[2026-02-24T13:11:23.389+0000] {logging_mixin.py:188} INFO - [2026-02-24T13:11:23.389+0000] {dag.py:3823} INFO - Setting next_dagrun for francais to None, run_after=None
[2026-02-24T13:11:23.454+0000] {processor.py:183} INFO - Processing /opt/airflow/dags/fr.py took 3.733 seconds
[2026-02-24T13:12:02.396+0000] {processor.py:161} INFO - Started process (PID=1142) to work on /opt/airflow/dags/fr.py
[2026-02-24T13:12:02.400+0000] {processor.py:830} INFO - Processing file /opt/airflow/dags/fr.py for tasks to queue
[2026-02-24T13:12:02.401+0000] {logging_mixin.py:188} INFO - [2026-02-24T13:12:02.401+0000] {dagbag.py:538} INFO - Filling up the DagBag from /opt/airflow/dags/fr.py
[2026-02-24T13:12:05.597+0000] {processor.py:840} INFO - DAG(s) 'francais' retrieved from /opt/airflow/dags/fr.py
[2026-02-24T13:12:05.623+0000] {logging_mixin.py:188} INFO - [2026-02-24T13:12:05.622+0000] {dag.py:3036} INFO - Sync 1 DAGs
[2026-02-24T13:12:05.636+0000] {logging_mixin.py:188} INFO - [2026-02-24T13:12:05.636+0000] {dag.py:3823} INFO - Setting next_dagrun for francais to None, run_after=None
[2026-02-24T13:12:05.759+0000] {processor.py:183} INFO - Processing /opt/airflow/dags/fr.py took 3.366 seconds
[2026-02-24T13:12:43.085+0000] {processor.py:161} INFO - Started process (PID=1255) to work on /opt/airflow/dags/fr.py
[2026-02-24T13:12:43.586+0000] {processor.py:830} INFO - Processing file /opt/airflow/dags/fr.py for tasks to queue
[2026-02-24T13:12:43.588+0000] {logging_mixin.py:188} INFO - [2026-02-24T13:12:43.588+0000] {dagbag.py:538} INFO - Filling up the DagBag from /opt/airflow/dags/fr.py
[2026-02-24T13:12:46.641+0000] {processor.py:840} INFO - DAG(s) 'francais' retrieved from /opt/airflow/dags/fr.py
[2026-02-24T13:12:46.660+0000] {logging_mixin.py:188} INFO - [2026-02-24T13:12:46.659+0000] {dag.py:3036} INFO - Sync 1 DAGs
[2026-02-24T13:12:46.670+0000] {logging_mixin.py:188} INFO - [2026-02-24T13:12:46.669+0000] {dag.py:3823} INFO - Setting next_dagrun for francais to None, run_after=None
[2026-02-24T13:12:46.865+0000] {processor.py:183} INFO - Processing /opt/airflow/dags/fr.py took 3.783 seconds
