[2026-02-24T13:05:55.797+0000] {processor.py:161} INFO - Started process (PID=184) to work on /opt/airflow/dags/multim2.py
[2026-02-24T13:05:55.798+0000] {processor.py:830} INFO - Processing file /opt/airflow/dags/multim2.py for tasks to queue
[2026-02-24T13:05:55.798+0000] {logging_mixin.py:188} INFO - [2026-02-24T13:05:55.798+0000] {dagbag.py:538} INFO - Filling up the DagBag from /opt/airflow/dags/multim2.py
[2026-02-24T13:05:59.768+0000] {processor.py:840} INFO - DAG(s) 'multim2' retrieved from /opt/airflow/dags/multim2.py
[2026-02-24T13:05:59.798+0000] {logging_mixin.py:188} INFO - [2026-02-24T13:05:59.797+0000] {dag.py:3036} INFO - Sync 1 DAGs
[2026-02-24T13:05:59.813+0000] {logging_mixin.py:188} INFO - [2026-02-24T13:05:59.813+0000] {dag.py:3823} INFO - Setting next_dagrun for multim2 to None, run_after=None
[2026-02-24T13:05:59.935+0000] {processor.py:183} INFO - Processing /opt/airflow/dags/multim2.py took 4.141 seconds
[2026-02-24T13:06:45.279+0000] {processor.py:161} INFO - Started process (PID=297) to work on /opt/airflow/dags/multim2.py
[2026-02-24T13:06:45.399+0000] {processor.py:830} INFO - Processing file /opt/airflow/dags/multim2.py for tasks to queue
[2026-02-24T13:06:45.401+0000] {logging_mixin.py:188} INFO - [2026-02-24T13:06:45.401+0000] {dagbag.py:538} INFO - Filling up the DagBag from /opt/airflow/dags/multim2.py
[2026-02-24T13:06:48.748+0000] {processor.py:840} INFO - DAG(s) 'multim2' retrieved from /opt/airflow/dags/multim2.py
[2026-02-24T13:06:48.769+0000] {logging_mixin.py:188} INFO - [2026-02-24T13:06:48.769+0000] {dag.py:3036} INFO - Sync 1 DAGs
[2026-02-24T13:06:48.781+0000] {logging_mixin.py:188} INFO - [2026-02-24T13:06:48.780+0000] {dag.py:3823} INFO - Setting next_dagrun for multim2 to None, run_after=None
[2026-02-24T13:06:49.012+0000] {processor.py:183} INFO - Processing /opt/airflow/dags/multim2.py took 3.736 seconds
[2026-02-24T13:07:29.940+0000] {processor.py:161} INFO - Started process (PID=410) to work on /opt/airflow/dags/multim2.py
[2026-02-24T13:07:29.950+0000] {processor.py:830} INFO - Processing file /opt/airflow/dags/multim2.py for tasks to queue
[2026-02-24T13:07:29.951+0000] {logging_mixin.py:188} INFO - [2026-02-24T13:07:29.951+0000] {dagbag.py:538} INFO - Filling up the DagBag from /opt/airflow/dags/multim2.py
[2026-02-24T13:07:33.203+0000] {processor.py:840} INFO - DAG(s) 'multim2' retrieved from /opt/airflow/dags/multim2.py
[2026-02-24T13:07:33.231+0000] {logging_mixin.py:188} INFO - [2026-02-24T13:07:33.231+0000] {dag.py:3036} INFO - Sync 1 DAGs
[2026-02-24T13:07:33.242+0000] {logging_mixin.py:188} INFO - [2026-02-24T13:07:33.242+0000] {dag.py:3823} INFO - Setting next_dagrun for multim2 to None, run_after=None
[2026-02-24T13:07:33.267+0000] {processor.py:183} INFO - Processing /opt/airflow/dags/multim2.py took 3.330 seconds
[2026-02-24T13:08:10.253+0000] {processor.py:161} INFO - Started process (PID=523) to work on /opt/airflow/dags/multim2.py
[2026-02-24T13:08:10.254+0000] {processor.py:830} INFO - Processing file /opt/airflow/dags/multim2.py for tasks to queue
[2026-02-24T13:08:10.255+0000] {logging_mixin.py:188} INFO - [2026-02-24T13:08:10.254+0000] {dagbag.py:538} INFO - Filling up the DagBag from /opt/airflow/dags/multim2.py
[2026-02-24T13:08:13.115+0000] {processor.py:840} INFO - DAG(s) 'multim2' retrieved from /opt/airflow/dags/multim2.py
[2026-02-24T13:08:13.134+0000] {logging_mixin.py:188} INFO - [2026-02-24T13:08:13.134+0000] {dag.py:3036} INFO - Sync 1 DAGs
[2026-02-24T13:08:13.146+0000] {logging_mixin.py:188} INFO - [2026-02-24T13:08:13.145+0000] {dag.py:3823} INFO - Setting next_dagrun for multim2 to None, run_after=None
[2026-02-24T13:08:13.182+0000] {processor.py:183} INFO - Processing /opt/airflow/dags/multim2.py took 2.933 seconds
[2026-02-24T13:08:49.159+0000] {processor.py:161} INFO - Started process (PID=636) to work on /opt/airflow/dags/multim2.py
[2026-02-24T13:08:49.160+0000] {processor.py:830} INFO - Processing file /opt/airflow/dags/multim2.py for tasks to queue
[2026-02-24T13:08:49.161+0000] {logging_mixin.py:188} INFO - [2026-02-24T13:08:49.161+0000] {dagbag.py:538} INFO - Filling up the DagBag from /opt/airflow/dags/multim2.py
[2026-02-24T13:08:52.103+0000] {processor.py:840} INFO - DAG(s) 'multim2' retrieved from /opt/airflow/dags/multim2.py
[2026-02-24T13:08:52.122+0000] {logging_mixin.py:188} INFO - [2026-02-24T13:08:52.122+0000] {dag.py:3036} INFO - Sync 1 DAGs
[2026-02-24T13:08:52.134+0000] {logging_mixin.py:188} INFO - [2026-02-24T13:08:52.133+0000] {dag.py:3823} INFO - Setting next_dagrun for multim2 to None, run_after=None
[2026-02-24T13:08:52.182+0000] {processor.py:183} INFO - Processing /opt/airflow/dags/multim2.py took 3.025 seconds
[2026-02-24T13:09:28.429+0000] {processor.py:161} INFO - Started process (PID=749) to work on /opt/airflow/dags/multim2.py
[2026-02-24T13:09:28.431+0000] {processor.py:830} INFO - Processing file /opt/airflow/dags/multim2.py for tasks to queue
[2026-02-24T13:09:28.433+0000] {logging_mixin.py:188} INFO - [2026-02-24T13:09:28.432+0000] {dagbag.py:538} INFO - Filling up the DagBag from /opt/airflow/dags/multim2.py
[2026-02-24T13:09:31.872+0000] {processor.py:840} INFO - DAG(s) 'multim2' retrieved from /opt/airflow/dags/multim2.py
[2026-02-24T13:09:31.895+0000] {logging_mixin.py:188} INFO - [2026-02-24T13:09:31.894+0000] {dag.py:3036} INFO - Sync 1 DAGs
[2026-02-24T13:09:31.905+0000] {logging_mixin.py:188} INFO - [2026-02-24T13:09:31.905+0000] {dag.py:3823} INFO - Setting next_dagrun for multim2 to None, run_after=None
[2026-02-24T13:09:31.963+0000] {processor.py:183} INFO - Processing /opt/airflow/dags/multim2.py took 3.540 seconds
[2026-02-24T13:10:11.534+0000] {processor.py:161} INFO - Started process (PID=862) to work on /opt/airflow/dags/multim2.py
[2026-02-24T13:10:11.543+0000] {processor.py:830} INFO - Processing file /opt/airflow/dags/multim2.py for tasks to queue
[2026-02-24T13:10:11.543+0000] {logging_mixin.py:188} INFO - [2026-02-24T13:10:11.543+0000] {dagbag.py:538} INFO - Filling up the DagBag from /opt/airflow/dags/multim2.py
[2026-02-24T13:10:14.905+0000] {processor.py:840} INFO - DAG(s) 'multim2' retrieved from /opt/airflow/dags/multim2.py
[2026-02-24T13:10:14.931+0000] {logging_mixin.py:188} INFO - [2026-02-24T13:10:14.930+0000] {dag.py:3036} INFO - Sync 1 DAGs
[2026-02-24T13:10:14.940+0000] {logging_mixin.py:188} INFO - [2026-02-24T13:10:14.940+0000] {dag.py:3823} INFO - Setting next_dagrun for multim2 to None, run_after=None
[2026-02-24T13:10:14.966+0000] {processor.py:183} INFO - Processing /opt/airflow/dags/multim2.py took 3.435 seconds
[2026-02-24T13:10:55.766+0000] {processor.py:161} INFO - Started process (PID=975) to work on /opt/airflow/dags/multim2.py
[2026-02-24T13:10:55.790+0000] {processor.py:830} INFO - Processing file /opt/airflow/dags/multim2.py for tasks to queue
[2026-02-24T13:10:55.791+0000] {logging_mixin.py:188} INFO - [2026-02-24T13:10:55.791+0000] {dagbag.py:538} INFO - Filling up the DagBag from /opt/airflow/dags/multim2.py
[2026-02-24T13:10:59.672+0000] {processor.py:840} INFO - DAG(s) 'multim2' retrieved from /opt/airflow/dags/multim2.py
[2026-02-24T13:10:59.698+0000] {logging_mixin.py:188} INFO - [2026-02-24T13:10:59.697+0000] {dag.py:3036} INFO - Sync 1 DAGs
[2026-02-24T13:10:59.721+0000] {logging_mixin.py:188} INFO - [2026-02-24T13:10:59.721+0000] {dag.py:3823} INFO - Setting next_dagrun for multim2 to None, run_after=None
[2026-02-24T13:10:59.781+0000] {processor.py:183} INFO - Processing /opt/airflow/dags/multim2.py took 4.018 seconds
[2026-02-24T13:11:46.564+0000] {processor.py:161} INFO - Started process (PID=1097) to work on /opt/airflow/dags/multim2.py
[2026-02-24T13:11:46.582+0000] {processor.py:830} INFO - Processing file /opt/airflow/dags/multim2.py for tasks to queue
[2026-02-24T13:11:46.582+0000] {logging_mixin.py:188} INFO - [2026-02-24T13:11:46.582+0000] {dagbag.py:538} INFO - Filling up the DagBag from /opt/airflow/dags/multim2.py
[2026-02-24T13:11:49.698+0000] {processor.py:840} INFO - DAG(s) 'multim2' retrieved from /opt/airflow/dags/multim2.py
[2026-02-24T13:11:49.723+0000] {logging_mixin.py:188} INFO - [2026-02-24T13:11:49.723+0000] {dag.py:3036} INFO - Sync 1 DAGs
[2026-02-24T13:11:49.733+0000] {logging_mixin.py:188} INFO - [2026-02-24T13:11:49.732+0000] {dag.py:3823} INFO - Setting next_dagrun for multim2 to None, run_after=None
[2026-02-24T13:11:49.788+0000] {processor.py:183} INFO - Processing /opt/airflow/dags/multim2.py took 3.226 seconds
[2026-02-24T13:12:26.552+0000] {processor.py:161} INFO - Started process (PID=1210) to work on /opt/airflow/dags/multim2.py
[2026-02-24T13:12:26.556+0000] {processor.py:830} INFO - Processing file /opt/airflow/dags/multim2.py for tasks to queue
[2026-02-24T13:12:26.557+0000] {logging_mixin.py:188} INFO - [2026-02-24T13:12:26.556+0000] {dagbag.py:538} INFO - Filling up the DagBag from /opt/airflow/dags/multim2.py
[2026-02-24T13:12:29.681+0000] {processor.py:840} INFO - DAG(s) 'multim2' retrieved from /opt/airflow/dags/multim2.py
[2026-02-24T13:12:29.703+0000] {logging_mixin.py:188} INFO - [2026-02-24T13:12:29.702+0000] {dag.py:3036} INFO - Sync 1 DAGs
[2026-02-24T13:12:29.712+0000] {logging_mixin.py:188} INFO - [2026-02-24T13:12:29.712+0000] {dag.py:3823} INFO - Setting next_dagrun for multim2 to None, run_after=None
[2026-02-24T13:12:29.818+0000] {processor.py:183} INFO - Processing /opt/airflow/dags/multim2.py took 3.269 seconds
[2026-02-24T13:13:07.736+0000] {processor.py:161} INFO - Started process (PID=1323) to work on /opt/airflow/dags/multim2.py
[2026-02-24T13:13:07.867+0000] {processor.py:830} INFO - Processing file /opt/airflow/dags/multim2.py for tasks to queue
[2026-02-24T13:13:07.871+0000] {logging_mixin.py:188} INFO - [2026-02-24T13:13:07.869+0000] {dagbag.py:538} INFO - Filling up the DagBag from /opt/airflow/dags/multim2.py
[2026-02-24T13:13:10.754+0000] {processor.py:840} INFO - DAG(s) 'multim2' retrieved from /opt/airflow/dags/multim2.py
[2026-02-24T13:13:10.774+0000] {logging_mixin.py:188} INFO - [2026-02-24T13:13:10.774+0000] {dag.py:3036} INFO - Sync 1 DAGs
[2026-02-24T13:13:10.785+0000] {logging_mixin.py:188} INFO - [2026-02-24T13:13:10.785+0000] {dag.py:3823} INFO - Setting next_dagrun for multim2 to None, run_after=None
[2026-02-24T13:13:10.877+0000] {processor.py:183} INFO - Processing /opt/airflow/dags/multim2.py took 3.144 seconds
