[2026-02-24T13:06:20.912+0000] {processor.py:161} INFO - Started process (PID=238) to work on /opt/airflow/dags/multi.py
[2026-02-24T13:06:20.913+0000] {processor.py:830} INFO - Processing file /opt/airflow/dags/multi.py for tasks to queue
[2026-02-24T13:06:20.914+0000] {logging_mixin.py:188} INFO - [2026-02-24T13:06:20.914+0000] {dagbag.py:538} INFO - Filling up the DagBag from /opt/airflow/dags/multi.py
[2026-02-24T13:06:24.291+0000] {processor.py:840} INFO - DAG(s) 'multi' retrieved from /opt/airflow/dags/multi.py
[2026-02-24T13:06:24.313+0000] {logging_mixin.py:188} INFO - [2026-02-24T13:06:24.312+0000] {dag.py:3036} INFO - Sync 1 DAGs
[2026-02-24T13:06:24.324+0000] {logging_mixin.py:188} INFO - [2026-02-24T13:06:24.324+0000] {dag.py:3823} INFO - Setting next_dagrun for multi to None, run_after=None
[2026-02-24T13:06:24.393+0000] {processor.py:183} INFO - Processing /opt/airflow/dags/multi.py took 3.484 seconds
[2026-02-24T13:07:08.290+0000] {processor.py:161} INFO - Started process (PID=351) to work on /opt/airflow/dags/multi.py
[2026-02-24T13:07:08.295+0000] {processor.py:830} INFO - Processing file /opt/airflow/dags/multi.py for tasks to queue
[2026-02-24T13:07:08.296+0000] {logging_mixin.py:188} INFO - [2026-02-24T13:07:08.296+0000] {dagbag.py:538} INFO - Filling up the DagBag from /opt/airflow/dags/multi.py
[2026-02-24T13:07:11.781+0000] {processor.py:840} INFO - DAG(s) 'multi' retrieved from /opt/airflow/dags/multi.py
[2026-02-24T13:07:11.803+0000] {logging_mixin.py:188} INFO - [2026-02-24T13:07:11.803+0000] {dag.py:3036} INFO - Sync 1 DAGs
[2026-02-24T13:07:11.815+0000] {logging_mixin.py:188} INFO - [2026-02-24T13:07:11.815+0000] {dag.py:3823} INFO - Setting next_dagrun for multi to None, run_after=None
[2026-02-24T13:07:11.847+0000] {processor.py:183} INFO - Processing /opt/airflow/dags/multi.py took 3.561 seconds
[2026-02-24T13:07:53.757+0000] {processor.py:161} INFO - Started process (PID=473) to work on /opt/airflow/dags/multi.py
[2026-02-24T13:07:53.767+0000] {processor.py:830} INFO - Processing file /opt/airflow/dags/multi.py for tasks to queue
[2026-02-24T13:07:53.768+0000] {logging_mixin.py:188} INFO - [2026-02-24T13:07:53.768+0000] {dagbag.py:538} INFO - Filling up the DagBag from /opt/airflow/dags/multi.py
[2026-02-24T13:07:56.672+0000] {processor.py:840} INFO - DAG(s) 'multi' retrieved from /opt/airflow/dags/multi.py
[2026-02-24T13:07:56.694+0000] {logging_mixin.py:188} INFO - [2026-02-24T13:07:56.693+0000] {dag.py:3036} INFO - Sync 1 DAGs
[2026-02-24T13:07:56.703+0000] {logging_mixin.py:188} INFO - [2026-02-24T13:07:56.702+0000] {dag.py:3823} INFO - Setting next_dagrun for multi to None, run_after=None
[2026-02-24T13:07:56.755+0000] {processor.py:183} INFO - Processing /opt/airflow/dags/multi.py took 3.001 seconds
[2026-02-24T13:08:33.042+0000] {processor.py:161} INFO - Started process (PID=586) to work on /opt/airflow/dags/multi.py
[2026-02-24T13:08:33.044+0000] {processor.py:830} INFO - Processing file /opt/airflow/dags/multi.py for tasks to queue
[2026-02-24T13:08:33.045+0000] {logging_mixin.py:188} INFO - [2026-02-24T13:08:33.045+0000] {dagbag.py:538} INFO - Filling up the DagBag from /opt/airflow/dags/multi.py
[2026-02-24T13:08:36.103+0000] {processor.py:840} INFO - DAG(s) 'multi' retrieved from /opt/airflow/dags/multi.py
[2026-02-24T13:08:36.126+0000] {logging_mixin.py:188} INFO - [2026-02-24T13:08:36.126+0000] {dag.py:3036} INFO - Sync 1 DAGs
[2026-02-24T13:08:36.137+0000] {logging_mixin.py:188} INFO - [2026-02-24T13:08:36.137+0000] {dag.py:3823} INFO - Setting next_dagrun for multi to None, run_after=None
[2026-02-24T13:08:36.228+0000] {processor.py:183} INFO - Processing /opt/airflow/dags/multi.py took 3.188 seconds
[2026-02-24T13:09:13.120+0000] {processor.py:161} INFO - Started process (PID=699) to work on /opt/airflow/dags/multi.py
[2026-02-24T13:09:13.126+0000] {processor.py:830} INFO - Processing file /opt/airflow/dags/multi.py for tasks to queue
[2026-02-24T13:09:13.127+0000] {logging_mixin.py:188} INFO - [2026-02-24T13:09:13.127+0000] {dagbag.py:538} INFO - Filling up the DagBag from /opt/airflow/dags/multi.py
[2026-02-24T13:09:15.992+0000] {processor.py:840} INFO - DAG(s) 'multi' retrieved from /opt/airflow/dags/multi.py
[2026-02-24T13:09:16.011+0000] {logging_mixin.py:188} INFO - [2026-02-24T13:09:16.011+0000] {dag.py:3036} INFO - Sync 1 DAGs
[2026-02-24T13:09:16.020+0000] {logging_mixin.py:188} INFO - [2026-02-24T13:09:16.020+0000] {dag.py:3823} INFO - Setting next_dagrun for multi to None, run_after=None
[2026-02-24T13:09:16.109+0000] {processor.py:183} INFO - Processing /opt/airflow/dags/multi.py took 2.992 seconds
[2026-02-24T13:09:53.323+0000] {processor.py:161} INFO - Started process (PID=812) to work on /opt/airflow/dags/multi.py
[2026-02-24T13:09:53.329+0000] {processor.py:830} INFO - Processing file /opt/airflow/dags/multi.py for tasks to queue
[2026-02-24T13:09:53.330+0000] {logging_mixin.py:188} INFO - [2026-02-24T13:09:53.329+0000] {dagbag.py:538} INFO - Filling up the DagBag from /opt/airflow/dags/multi.py
[2026-02-24T13:09:57.028+0000] {processor.py:840} INFO - DAG(s) 'multi' retrieved from /opt/airflow/dags/multi.py
[2026-02-24T13:09:57.055+0000] {logging_mixin.py:188} INFO - [2026-02-24T13:09:57.054+0000] {dag.py:3036} INFO - Sync 1 DAGs
[2026-02-24T13:09:57.066+0000] {logging_mixin.py:188} INFO - [2026-02-24T13:09:57.065+0000] {dag.py:3823} INFO - Setting next_dagrun for multi to None, run_after=None
[2026-02-24T13:09:57.132+0000] {processor.py:183} INFO - Processing /opt/airflow/dags/multi.py took 3.814 seconds
[2026-02-24T13:10:36.474+0000] {processor.py:161} INFO - Started process (PID=925) to work on /opt/airflow/dags/multi.py
[2026-02-24T13:10:36.496+0000] {processor.py:830} INFO - Processing file /opt/airflow/dags/multi.py for tasks to queue
[2026-02-24T13:10:36.498+0000] {logging_mixin.py:188} INFO - [2026-02-24T13:10:36.497+0000] {dagbag.py:538} INFO - Filling up the DagBag from /opt/airflow/dags/multi.py
[2026-02-24T13:10:40.441+0000] {processor.py:840} INFO - DAG(s) 'multi' retrieved from /opt/airflow/dags/multi.py
[2026-02-24T13:10:40.475+0000] {logging_mixin.py:188} INFO - [2026-02-24T13:10:40.475+0000] {dag.py:3036} INFO - Sync 1 DAGs
[2026-02-24T13:10:40.492+0000] {logging_mixin.py:188} INFO - [2026-02-24T13:10:40.492+0000] {dag.py:3823} INFO - Setting next_dagrun for multi to None, run_after=None
[2026-02-24T13:10:40.574+0000] {processor.py:183} INFO - Processing /opt/airflow/dags/multi.py took 4.102 seconds
[2026-02-24T13:11:23.518+0000] {processor.py:161} INFO - Started process (PID=1038) to work on /opt/airflow/dags/multi.py
[2026-02-24T13:11:23.519+0000] {processor.py:830} INFO - Processing file /opt/airflow/dags/multi.py for tasks to queue
[2026-02-24T13:11:23.519+0000] {logging_mixin.py:188} INFO - [2026-02-24T13:11:23.519+0000] {dagbag.py:538} INFO - Filling up the DagBag from /opt/airflow/dags/multi.py
[2026-02-24T13:11:27.061+0000] {processor.py:840} INFO - DAG(s) 'multi' retrieved from /opt/airflow/dags/multi.py
[2026-02-24T13:11:27.103+0000] {logging_mixin.py:188} INFO - [2026-02-24T13:11:27.102+0000] {dag.py:3036} INFO - Sync 1 DAGs
[2026-02-24T13:11:27.120+0000] {logging_mixin.py:188} INFO - [2026-02-24T13:11:27.120+0000] {dag.py:3823} INFO - Setting next_dagrun for multi to None, run_after=None
[2026-02-24T13:11:27.173+0000] {processor.py:183} INFO - Processing /opt/airflow/dags/multi.py took 3.659 seconds
[2026-02-24T13:12:05.827+0000] {processor.py:161} INFO - Started process (PID=1151) to work on /opt/airflow/dags/multi.py
[2026-02-24T13:12:05.901+0000] {processor.py:830} INFO - Processing file /opt/airflow/dags/multi.py for tasks to queue
[2026-02-24T13:12:05.903+0000] {logging_mixin.py:188} INFO - [2026-02-24T13:12:05.902+0000] {dagbag.py:538} INFO - Filling up the DagBag from /opt/airflow/dags/multi.py
[2026-02-24T13:12:09.159+0000] {processor.py:840} INFO - DAG(s) 'multi' retrieved from /opt/airflow/dags/multi.py
[2026-02-24T13:12:09.187+0000] {logging_mixin.py:188} INFO - [2026-02-24T13:12:09.186+0000] {dag.py:3036} INFO - Sync 1 DAGs
[2026-02-24T13:12:09.203+0000] {logging_mixin.py:188} INFO - [2026-02-24T13:12:09.202+0000] {dag.py:3823} INFO - Setting next_dagrun for multi to None, run_after=None
[2026-02-24T13:12:09.284+0000] {processor.py:183} INFO - Processing /opt/airflow/dags/multi.py took 3.459 seconds
[2026-02-24T13:12:46.917+0000] {processor.py:161} INFO - Started process (PID=1264) to work on /opt/airflow/dags/multi.py
[2026-02-24T13:12:47.220+0000] {processor.py:830} INFO - Processing file /opt/airflow/dags/multi.py for tasks to queue
[2026-02-24T13:12:47.244+0000] {logging_mixin.py:188} INFO - [2026-02-24T13:12:47.243+0000] {dagbag.py:538} INFO - Filling up the DagBag from /opt/airflow/dags/multi.py
[2026-02-24T13:12:50.109+0000] {processor.py:840} INFO - DAG(s) 'multi' retrieved from /opt/airflow/dags/multi.py
[2026-02-24T13:12:50.127+0000] {logging_mixin.py:188} INFO - [2026-02-24T13:12:50.127+0000] {dag.py:3036} INFO - Sync 1 DAGs
[2026-02-24T13:12:50.138+0000] {logging_mixin.py:188} INFO - [2026-02-24T13:12:50.137+0000] {dag.py:3823} INFO - Setting next_dagrun for multi to None, run_after=None
[2026-02-24T13:12:50.211+0000] {processor.py:183} INFO - Processing /opt/airflow/dags/multi.py took 3.297 seconds
