[2026-02-05T22:28:46.091+0000] {taskinstance.py:1956} INFO - Dependencies all met for dep_context=non-requeueable deps ti=<TaskInstance: multi.load_data manual__2026-02-05T22:28:41.179241+00:00 [queued]>
[2026-02-05T22:28:46.098+0000] {taskinstance.py:1956} INFO - Dependencies all met for dep_context=requeueable deps ti=<TaskInstance: multi.load_data manual__2026-02-05T22:28:41.179241+00:00 [queued]>
[2026-02-05T22:28:46.098+0000] {taskinstance.py:2170} INFO - Starting attempt 1 of 1
[2026-02-05T22:28:46.129+0000] {taskinstance.py:2191} INFO - Executing <Task(PythonOperator): load_data> on 2026-02-05 22:28:41.179241+00:00
[2026-02-05T22:28:46.142+0000] {standard_task_runner.py:60} INFO - Started process 283 to run task
[2026-02-05T22:28:46.166+0000] {standard_task_runner.py:87} INFO - Running: ['***', 'tasks', 'run', 'multi', 'load_data', 'manual__2026-02-05T22:28:41.179241+00:00', '--job-id', '95', '--raw', '--subdir', 'DAGS_FOLDER/multi.py', '--cfg-path', '/tmp/tmp1w7c_hmv']
[2026-02-05T22:28:46.169+0000] {standard_task_runner.py:88} INFO - Job 95: Subtask load_data
[2026-02-05T22:28:46.247+0000] {task_command.py:423} INFO - Running <TaskInstance: multi.load_data manual__2026-02-05T22:28:41.179241+00:00 [running]> on host cacfbc7479f3
[2026-02-05T22:28:46.485+0000] {taskinstance.py:2480} INFO - Exporting env vars: AIRFLOW_CTX_DAG_OWNER='***' AIRFLOW_CTX_DAG_ID='multi' AIRFLOW_CTX_TASK_ID='load_data' AIRFLOW_CTX_EXECUTION_DATE='2026-02-05T22:28:41.179241+00:00' AIRFLOW_CTX_TRY_NUMBER='1' AIRFLOW_CTX_DAG_RUN_ID='manual__2026-02-05T22:28:41.179241+00:00'
[2026-02-05T22:28:46.794+0000] {logging_mixin.py:188} INFO -                                                label      text
0  Last session of the day  http://twitpic.com/67ezh   neutral
1  Shanghai is also really exciting (precisely --...  positive
2  Recession hit Veronique Branquinho, she has to...  negative
3                                        happy bday!  positive
4             http://twitpic.com/4w75p - I like it!!  positive
[2026-02-05T22:28:46.993+0000] {taskinstance.py:2698} ERROR - Task failed with exception
Traceback (most recent call last):
  File "/home/airflow/.local/lib/python3.9/site-packages/pandas/core/indexes/base.py", line 3791, in get_loc
    return self._engine.get_loc(casted_key)
  File "index.pyx", line 152, in pandas._libs.index.IndexEngine.get_loc
  File "index.pyx", line 181, in pandas._libs.index.IndexEngine.get_loc
  File "pandas/_libs/hashtable_class_helper.pxi", line 7080, in pandas._libs.hashtable.PyObjectHashTable.get_item
  File "pandas/_libs/hashtable_class_helper.pxi", line 7088, in pandas._libs.hashtable.PyObjectHashTable.get_item
KeyError: 'sentiment'

The above exception was the direct cause of the following exception:

Traceback (most recent call last):
  File "/home/airflow/.local/lib/python3.9/site-packages/airflow/models/taskinstance.py", line 433, in _execute_task
    result = execute_callable(context=context, **execute_callable_kwargs)
  File "/home/airflow/.local/lib/python3.9/site-packages/airflow/operators/python.py", line 199, in execute
    return_value = self.execute_callable()
  File "/home/airflow/.local/lib/python3.9/site-packages/airflow/operators/python.py", line 216, in execute_callable
    return self.python_callable(*self.op_args, **self.op_kwargs)
  File "/opt/airflow/dags/multi.py", line 16, in load_data
    kwargs["ti"].xcom_push(key="labels", value=df["sentiment"].tolist())
  File "/home/airflow/.local/lib/python3.9/site-packages/pandas/core/frame.py", line 3893, in __getitem__
    indexer = self.columns.get_loc(key)
  File "/home/airflow/.local/lib/python3.9/site-packages/pandas/core/indexes/base.py", line 3798, in get_loc
    raise KeyError(key) from err
KeyError: 'sentiment'
[2026-02-05T22:28:47.044+0000] {taskinstance.py:1138} INFO - Marking task as FAILED. dag_id=multi, task_id=load_data, execution_date=20260205T222841, start_date=20260205T222846, end_date=20260205T222847
[2026-02-05T22:28:47.171+0000] {standard_task_runner.py:107} ERROR - Failed to execute job 95 for task load_data ('sentiment'; 283)
[2026-02-05T22:28:47.200+0000] {local_task_job_runner.py:234} INFO - Task exited with return code 1
[2026-02-05T22:28:47.223+0000] {taskinstance.py:3280} INFO - 0 downstream tasks scheduled from follow-on schedule check
