[2026-02-09T12:55:31.059+0000] {taskinstance.py:1956} INFO - Dependencies all met for dep_context=non-requeueable deps ti=<TaskInstance: anglais.run_predictions manual__2026-02-09T12:55:04.105984+00:00 [queued]>
[2026-02-09T12:55:31.067+0000] {taskinstance.py:1956} INFO - Dependencies all met for dep_context=requeueable deps ti=<TaskInstance: anglais.run_predictions manual__2026-02-09T12:55:04.105984+00:00 [queued]>
[2026-02-09T12:55:31.067+0000] {taskinstance.py:2170} INFO - Starting attempt 1 of 1
[2026-02-09T12:55:31.080+0000] {taskinstance.py:2191} INFO - Executing <Task(PythonOperator): run_predictions> on 2026-02-09 12:55:04.105984+00:00
[2026-02-09T12:55:31.092+0000] {standard_task_runner.py:60} INFO - Started process 410 to run task
[2026-02-09T12:55:31.095+0000] {standard_task_runner.py:87} INFO - Running: ['***', 'tasks', 'run', 'anglais', 'run_predictions', 'manual__2026-02-09T12:55:04.105984+00:00', '--job-id', '138', '--raw', '--subdir', 'DAGS_FOLDER/anglais.py', '--cfg-path', '/tmp/tmpy04ur5pu']
[2026-02-09T12:55:31.097+0000] {standard_task_runner.py:88} INFO - Job 138: Subtask run_predictions
[2026-02-09T12:55:31.142+0000] {task_command.py:423} INFO - Running <TaskInstance: anglais.run_predictions manual__2026-02-09T12:55:04.105984+00:00 [running]> on host ec3548c0c5ec
[2026-02-09T12:55:31.225+0000] {taskinstance.py:2480} INFO - Exporting env vars: AIRFLOW_CTX_DAG_OWNER='***' AIRFLOW_CTX_DAG_ID='anglais' AIRFLOW_CTX_TASK_ID='run_predictions' AIRFLOW_CTX_EXECUTION_DATE='2026-02-09T12:55:04.105984+00:00' AIRFLOW_CTX_TRY_NUMBER='1' AIRFLOW_CTX_DAG_RUN_ID='manual__2026-02-09T12:55:04.105984+00:00'
[2026-02-09T12:55:31.246+0000] {taskinstance.py:2698} ERROR - Task failed with exception
Traceback (most recent call last):
  File "/home/airflow/.local/lib/python3.9/site-packages/airflow/models/taskinstance.py", line 433, in _execute_task
    result = execute_callable(context=context, **execute_callable_kwargs)
  File "/home/airflow/.local/lib/python3.9/site-packages/airflow/operators/python.py", line 199, in execute
    return_value = self.execute_callable()
  File "/home/airflow/.local/lib/python3.9/site-packages/airflow/operators/python.py", line 216, in execute_callable
    return self.python_callable(*self.op_args, **self.op_kwargs)
  File "/opt/airflow/dags/anglais.py", line 40, in run_predictions
    outputs = model(**inputs)
NameError: name 'model' is not defined
[2026-02-09T12:55:31.254+0000] {taskinstance.py:1138} INFO - Marking task as FAILED. dag_id=anglais, task_id=run_predictions, execution_date=20260209T125504, start_date=20260209T125531, end_date=20260209T125531
[2026-02-09T12:55:31.370+0000] {standard_task_runner.py:107} ERROR - Failed to execute job 138 for task run_predictions (name 'model' is not defined; 410)
[2026-02-09T12:55:31.389+0000] {local_task_job_runner.py:234} INFO - Task exited with return code 1
[2026-02-09T12:55:31.407+0000] {taskinstance.py:3280} INFO - 0 downstream tasks scheduled from follow-on schedule check
