[2026-02-12T11:59:57.790+0000] {taskinstance.py:1956} INFO - Dependencies all met for dep_context=non-requeueable deps ti=<TaskInstance: tunisia.evaluate_model manual__2026-02-12T11:58:54.396786+00:00 [queued]>
[2026-02-12T11:59:57.798+0000] {taskinstance.py:1956} INFO - Dependencies all met for dep_context=requeueable deps ti=<TaskInstance: tunisia.evaluate_model manual__2026-02-12T11:58:54.396786+00:00 [queued]>
[2026-02-12T11:59:57.798+0000] {taskinstance.py:2170} INFO - Starting attempt 1 of 1
[2026-02-12T11:59:57.821+0000] {taskinstance.py:2191} INFO - Executing <Task(PythonOperator): evaluate_model> on 2026-02-12 11:58:54.396786+00:00
[2026-02-12T11:59:57.832+0000] {standard_task_runner.py:60} INFO - Started process 2268 to run task
[2026-02-12T11:59:57.836+0000] {standard_task_runner.py:87} INFO - Running: ['***', 'tasks', 'run', 'tunisia', 'evaluate_model', 'manual__2026-02-12T11:58:54.396786+00:00', '--job-id', '369', '--raw', '--subdir', 'DAGS_FOLDER/tunisia.py', '--cfg-path', '/tmp/tmpsxrdaiwj']
[2026-02-12T11:59:57.837+0000] {standard_task_runner.py:88} INFO - Job 369: Subtask evaluate_model
[2026-02-12T11:59:57.886+0000] {task_command.py:423} INFO - Running <TaskInstance: tunisia.evaluate_model manual__2026-02-12T11:58:54.396786+00:00 [running]> on host b30214c2b741
[2026-02-12T11:59:58.002+0000] {taskinstance.py:2480} INFO - Exporting env vars: AIRFLOW_CTX_DAG_OWNER='***' AIRFLOW_CTX_DAG_ID='tunisia' AIRFLOW_CTX_TASK_ID='evaluate_model' AIRFLOW_CTX_EXECUTION_DATE='2026-02-12T11:58:54.396786+00:00' AIRFLOW_CTX_TRY_NUMBER='1' AIRFLOW_CTX_DAG_RUN_ID='manual__2026-02-12T11:58:54.396786+00:00'
[2026-02-12T11:59:58.023+0000] {taskinstance.py:2698} ERROR - Task failed with exception
Traceback (most recent call last):
  File "/home/airflow/.local/lib/python3.9/site-packages/airflow/models/taskinstance.py", line 433, in _execute_task
    result = execute_callable(context=context, **execute_callable_kwargs)
  File "/home/airflow/.local/lib/python3.9/site-packages/airflow/operators/python.py", line 199, in execute
    return_value = self.execute_callable()
  File "/home/airflow/.local/lib/python3.9/site-packages/airflow/operators/python.py", line 216, in execute_callable
    return self.python_callable(*self.op_args, **self.op_kwargs)
  File "/opt/airflow/dags/tunisia.py", line 88, in evaluate
    raise ValueError("Evaluation failed: Could not pull labels or predictions from XCom.")
ValueError: Evaluation failed: Could not pull labels or predictions from XCom.
[2026-02-12T11:59:58.031+0000] {taskinstance.py:1138} INFO - Marking task as FAILED. dag_id=tunisia, task_id=evaluate_model, execution_date=20260212T115854, start_date=20260212T115957, end_date=20260212T115958
[2026-02-12T11:59:58.078+0000] {standard_task_runner.py:107} ERROR - Failed to execute job 369 for task evaluate_model (Evaluation failed: Could not pull labels or predictions from XCom.; 2268)
[2026-02-12T11:59:58.128+0000] {local_task_job_runner.py:234} INFO - Task exited with return code 1
[2026-02-12T11:59:58.145+0000] {taskinstance.py:3280} INFO - 0 downstream tasks scheduled from follow-on schedule check
