[2026-02-11T13:34:08.216+0000] {taskinstance.py:1956} INFO - Dependencies all met for dep_context=non-requeueable deps ti=<TaskInstance: arabe_T.run_predictions manual__2026-02-11T13:33:42.489159+00:00 [queued]>
[2026-02-11T13:34:08.228+0000] {taskinstance.py:1956} INFO - Dependencies all met for dep_context=requeueable deps ti=<TaskInstance: arabe_T.run_predictions manual__2026-02-11T13:33:42.489159+00:00 [queued]>
[2026-02-11T13:34:08.229+0000] {taskinstance.py:2170} INFO - Starting attempt 1 of 1
[2026-02-11T13:34:08.254+0000] {taskinstance.py:2191} INFO - Executing <Task(PythonOperator): run_predictions> on 2026-02-11 13:33:42.489159+00:00
[2026-02-11T13:34:08.268+0000] {standard_task_runner.py:60} INFO - Started process 527 to run task
[2026-02-11T13:34:08.271+0000] {standard_task_runner.py:87} INFO - Running: ['***', 'tasks', 'run', 'arabe_T', 'run_predictions', 'manual__2026-02-11T13:33:42.489159+00:00', '--job-id', '216', '--raw', '--subdir', 'DAGS_FOLDER/arabet.py', '--cfg-path', '/tmp/tmph0s422jp']
[2026-02-11T13:34:08.273+0000] {standard_task_runner.py:88} INFO - Job 216: Subtask run_predictions
[2026-02-11T13:34:08.370+0000] {task_command.py:423} INFO - Running <TaskInstance: arabe_T.run_predictions manual__2026-02-11T13:33:42.489159+00:00 [running]> on host 113b58763509
[2026-02-11T13:34:08.464+0000] {taskinstance.py:2480} INFO - Exporting env vars: AIRFLOW_CTX_DAG_OWNER='***' AIRFLOW_CTX_DAG_ID='arabe_T' AIRFLOW_CTX_TASK_ID='run_predictions' AIRFLOW_CTX_EXECUTION_DATE='2026-02-11T13:33:42.489159+00:00' AIRFLOW_CTX_TRY_NUMBER='1' AIRFLOW_CTX_DAG_RUN_ID='manual__2026-02-11T13:33:42.489159+00:00'
[2026-02-11T13:37:29.364+0000] {taskinstance.py:2698} ERROR - Task failed with exception
Traceback (most recent call last):
  File "/home/airflow/.local/lib/python3.9/site-packages/airflow/models/taskinstance.py", line 433, in _execute_task
    result = execute_callable(context=context, **execute_callable_kwargs)
  File "/home/airflow/.local/lib/python3.9/site-packages/airflow/operators/python.py", line 199, in execute
    return_value = self.execute_callable()
  File "/home/airflow/.local/lib/python3.9/site-packages/airflow/operators/python.py", line 216, in execute_callable
    return self.python_callable(*self.op_args, **self.op_kwargs)
  File "/opt/airflow/dags/arabet.py", line 50, in run_predictions
    preds = model(
  File "/home/airflow/.local/lib/python3.9/site-packages/transformers/pipelines/text_classification.py", line 159, in __call__
    result = super().__call__(*inputs, **kwargs)
  File "/home/airflow/.local/lib/python3.9/site-packages/transformers/pipelines/base.py", line 1283, in __call__
    outputs = list(final_iterator)
  File "/home/airflow/.local/lib/python3.9/site-packages/transformers/pipelines/pt_utils.py", line 124, in __next__
    item = next(self.iterator)
  File "/home/airflow/.local/lib/python3.9/site-packages/transformers/pipelines/pt_utils.py", line 124, in __next__
    item = next(self.iterator)
  File "/home/airflow/.local/lib/python3.9/site-packages/torch/utils/data/dataloader.py", line 734, in __next__
    data = self._next_data()
  File "/home/airflow/.local/lib/python3.9/site-packages/torch/utils/data/dataloader.py", line 790, in _next_data
    data = self._dataset_fetcher.fetch(index)  # may raise StopIteration
  File "/home/airflow/.local/lib/python3.9/site-packages/torch/utils/data/_utils/fetch.py", line 52, in fetch
    data = [self.dataset[idx] for idx in possibly_batched_index]
  File "/home/airflow/.local/lib/python3.9/site-packages/torch/utils/data/_utils/fetch.py", line 52, in <listcomp>
    data = [self.dataset[idx] for idx in possibly_batched_index]
  File "/home/airflow/.local/lib/python3.9/site-packages/transformers/pipelines/pt_utils.py", line 19, in __getitem__
    processed = self.process(item, **self.params)
  File "/home/airflow/.local/lib/python3.9/site-packages/transformers/pipelines/text_classification.py", line 183, in preprocess
    return self.tokenizer(inputs, return_tensors=return_tensors, **tokenizer_kwargs)
  File "/home/airflow/.local/lib/python3.9/site-packages/transformers/tokenization_utils_base.py", line 3021, in __call__
    encodings = self._call_one(text=text, text_pair=text_pair, **all_kwargs)
  File "/home/airflow/.local/lib/python3.9/site-packages/transformers/tokenization_utils_base.py", line 3081, in _call_one
    raise ValueError(
ValueError: text input must be of type `str` (single example), `List[str]` (batch or single pretokenized example) or `List[List[str]]` (batch of pretokenized examples).
[2026-02-11T13:37:29.867+0000] {taskinstance.py:1138} INFO - Marking task as FAILED. dag_id=arabe_T, task_id=run_predictions, execution_date=20260211T133342, start_date=20260211T133408, end_date=20260211T133729
[2026-02-11T13:37:31.409+0000] {standard_task_runner.py:107} ERROR - Failed to execute job 216 for task run_predictions (text input must be of type `str` (single example), `List[str]` (batch or single pretokenized example) or `List[List[str]]` (batch of pretokenized examples).; 527)
[2026-02-11T13:37:31.466+0000] {local_task_job_runner.py:234} INFO - Task exited with return code 1
[2026-02-11T13:37:31.484+0000] {taskinstance.py:3280} INFO - 0 downstream tasks scheduled from follow-on schedule check
