[2026-02-11T16:48:02.310+0000] {taskinstance.py:1956} INFO - Dependencies all met for dep_context=non-requeueable deps ti=<TaskInstance: arabe_T.load_data manual__2026-02-11T16:47:57.433159+00:00 [queued]>
[2026-02-11T16:48:02.325+0000] {taskinstance.py:1956} INFO - Dependencies all met for dep_context=requeueable deps ti=<TaskInstance: arabe_T.load_data manual__2026-02-11T16:47:57.433159+00:00 [queued]>
[2026-02-11T16:48:02.326+0000] {taskinstance.py:2170} INFO - Starting attempt 1 of 1
[2026-02-11T16:48:02.349+0000] {taskinstance.py:2191} INFO - Executing <Task(PythonOperator): load_data> on 2026-02-11 16:47:57.433159+00:00
[2026-02-11T16:48:02.362+0000] {standard_task_runner.py:60} INFO - Started process 443 to run task
[2026-02-11T16:48:02.365+0000] {standard_task_runner.py:87} INFO - Running: ['***', 'tasks', 'run', 'arabe_T', 'load_data', 'manual__2026-02-11T16:47:57.433159+00:00', '--job-id', '264', '--raw', '--subdir', 'DAGS_FOLDER/arabet.py', '--cfg-path', '/tmp/tmpq3r8ov7e']
[2026-02-11T16:48:02.367+0000] {standard_task_runner.py:88} INFO - Job 264: Subtask load_data
[2026-02-11T16:48:02.419+0000] {task_command.py:423} INFO - Running <TaskInstance: arabe_T.load_data manual__2026-02-11T16:47:57.433159+00:00 [running]> on host becfbc927793
[2026-02-11T16:48:02.638+0000] {taskinstance.py:2480} INFO - Exporting env vars: AIRFLOW_CTX_DAG_OWNER='***' AIRFLOW_CTX_DAG_ID='arabe_T' AIRFLOW_CTX_TASK_ID='load_data' AIRFLOW_CTX_EXECUTION_DATE='2026-02-11T16:47:57.433159+00:00' AIRFLOW_CTX_TRY_NUMBER='1' AIRFLOW_CTX_DAG_RUN_ID='manual__2026-02-11T16:47:57.433159+00:00'
[2026-02-11T16:48:02.696+0000] {logging_mixin.py:188} INFO - Columns: Index(['text ', ' label'], dtype='object')
[2026-02-11T16:48:02.786+0000] {logging_mixin.py:188} INFO -                                                text      label
0  "تخيّل روحك تكون تصور في تحرك ضد الشركة الصهيو...  negative
1  فماش تهم أخرى مقنعة أكثر بالله ؟؟ شنو نعملوا ب...  negative
2            هذا اللي صار لأختنا Esmahen Ghanmi  !!   positive
3  متهمة بقضية ""جمع معلومات شخصية على الأمنيين""...  negative
4  بالمناسبة نعاودوا نذكروا الي قضيتنا راهي عادلة...   neutral
[2026-02-11T16:48:02.789+0000] {taskinstance.py:2698} ERROR - Task failed with exception
Traceback (most recent call last):
  File "/home/airflow/.local/lib/python3.9/site-packages/pandas/core/indexes/base.py", line 3791, in get_loc
    return self._engine.get_loc(casted_key)
  File "index.pyx", line 152, in pandas._libs.index.IndexEngine.get_loc
  File "index.pyx", line 181, in pandas._libs.index.IndexEngine.get_loc
  File "pandas/_libs/hashtable_class_helper.pxi", line 7080, in pandas._libs.hashtable.PyObjectHashTable.get_item
  File "pandas/_libs/hashtable_class_helper.pxi", line 7088, in pandas._libs.hashtable.PyObjectHashTable.get_item
KeyError: 'label'

The above exception was the direct cause of the following exception:

Traceback (most recent call last):
  File "/home/airflow/.local/lib/python3.9/site-packages/airflow/models/taskinstance.py", line 433, in _execute_task
    result = execute_callable(context=context, **execute_callable_kwargs)
  File "/home/airflow/.local/lib/python3.9/site-packages/airflow/operators/python.py", line 199, in execute
    return_value = self.execute_callable()
  File "/home/airflow/.local/lib/python3.9/site-packages/airflow/operators/python.py", line 216, in execute_callable
    return self.python_callable(*self.op_args, **self.op_kwargs)
  File "/opt/airflow/dags/arabet.py", line 27, in load_data
    df["label"] = df["label"].str.strip().str.replace ('"', '')
  File "/home/airflow/.local/lib/python3.9/site-packages/pandas/core/frame.py", line 3893, in __getitem__
    indexer = self.columns.get_loc(key)
  File "/home/airflow/.local/lib/python3.9/site-packages/pandas/core/indexes/base.py", line 3798, in get_loc
    raise KeyError(key) from err
KeyError: 'label'
[2026-02-11T16:48:02.800+0000] {taskinstance.py:1138} INFO - Marking task as FAILED. dag_id=arabe_T, task_id=load_data, execution_date=20260211T164757, start_date=20260211T164802, end_date=20260211T164802
[2026-02-11T16:48:02.950+0000] {standard_task_runner.py:107} ERROR - Failed to execute job 264 for task load_data ('label'; 443)
[2026-02-11T16:48:02.978+0000] {local_task_job_runner.py:234} INFO - Task exited with return code 1
[2026-02-11T16:48:02.999+0000] {taskinstance.py:3280} INFO - 0 downstream tasks scheduled from follow-on schedule check
