[2026-02-12T13:21:41.623+0000] {taskinstance.py:1956} INFO - Dependencies all met for dep_context=non-requeueable deps ti=<TaskInstance: tunisia.load_data manual__2026-02-12T13:21:36.618669+00:00 [queued]>
[2026-02-12T13:21:41.631+0000] {taskinstance.py:1956} INFO - Dependencies all met for dep_context=requeueable deps ti=<TaskInstance: tunisia.load_data manual__2026-02-12T13:21:36.618669+00:00 [queued]>
[2026-02-12T13:21:41.631+0000] {taskinstance.py:2170} INFO - Starting attempt 1 of 1
[2026-02-12T13:21:41.648+0000] {taskinstance.py:2191} INFO - Executing <Task(PythonOperator): load_data> on 2026-02-12 13:21:36.618669+00:00
[2026-02-12T13:21:41.659+0000] {standard_task_runner.py:60} INFO - Started process 517 to run task
[2026-02-12T13:21:41.662+0000] {standard_task_runner.py:87} INFO - Running: ['***', 'tasks', 'run', 'tunisia', 'load_data', 'manual__2026-02-12T13:21:36.618669+00:00', '--job-id', '396', '--raw', '--subdir', 'DAGS_FOLDER/tunisia.py', '--cfg-path', '/tmp/tmp5vswd26y']
[2026-02-12T13:21:41.664+0000] {standard_task_runner.py:88} INFO - Job 396: Subtask load_data
[2026-02-12T13:21:41.716+0000] {task_command.py:423} INFO - Running <TaskInstance: tunisia.load_data manual__2026-02-12T13:21:36.618669+00:00 [running]> on host a63c4609eba9
[2026-02-12T13:21:42.011+0000] {taskinstance.py:2480} INFO - Exporting env vars: AIRFLOW_CTX_DAG_OWNER='***' AIRFLOW_CTX_DAG_ID='tunisia' AIRFLOW_CTX_TASK_ID='load_data' AIRFLOW_CTX_EXECUTION_DATE='2026-02-12T13:21:36.618669+00:00' AIRFLOW_CTX_TRY_NUMBER='1' AIRFLOW_CTX_DAG_RUN_ID='manual__2026-02-12T13:21:36.618669+00:00'
[2026-02-12T13:21:42.049+0000] {logging_mixin.py:188} INFO - Before cleaning:
[2026-02-12T13:21:42.095+0000] {logging_mixin.py:188} INFO -                                                 text     label
0   تخيّل روحك تكون تصور في تحرك ضد الشركة الصهيو...  negative
1  فماش تهم أخرى مقنعة أكثر بالله ؟؟ شنو نعملوا ب...  negative
2            هذا اللي صار لأختنا Esmahen Ghanmi  !!   positive
3  متهمة بقضية   جمع معلومات شخصية على الأمنيين  ...  negative
4  بالمناسبة نعاودوا نذكروا الي قضيتنا راهي عادلة...   neutral
[2026-02-12T13:21:42.122+0000] {logging_mixin.py:188} INFO - Unique labels BEFORE filtering: ['negative' 'positive' 'neutral' 'none' 'negative ,']
[2026-02-12T13:21:42.133+0000] {logging_mixin.py:188} INFO - Unique labels AFTER filtering: ['negative' 'positive' 'neutral']
[2026-02-12T13:21:42.349+0000] {python.py:201} INFO - Done. Returned value was: None
[2026-02-12T13:21:42.356+0000] {taskinstance.py:1138} INFO - Marking task as SUCCESS. dag_id=tunisia, task_id=load_data, execution_date=20260212T132136, start_date=20260212T132141, end_date=20260212T132142
[2026-02-12T13:21:42.395+0000] {local_task_job_runner.py:234} INFO - Task exited with return code 0
[2026-02-12T13:21:42.418+0000] {taskinstance.py:3280} INFO - 1 downstream tasks scheduled from follow-on schedule check
