[2026-02-12T12:45:40.201+0000] {taskinstance.py:1956} INFO - Dependencies all met for dep_context=non-requeueable deps ti=<TaskInstance: tunisia.load_data manual__2026-02-12T12:45:35.435118+00:00 [queued]>
[2026-02-12T12:45:40.212+0000] {taskinstance.py:1956} INFO - Dependencies all met for dep_context=requeueable deps ti=<TaskInstance: tunisia.load_data manual__2026-02-12T12:45:35.435118+00:00 [queued]>
[2026-02-12T12:45:40.213+0000] {taskinstance.py:2170} INFO - Starting attempt 1 of 1
[2026-02-12T12:45:40.328+0000] {taskinstance.py:2191} INFO - Executing <Task(PythonOperator): load_data> on 2026-02-12 12:45:35.435118+00:00
[2026-02-12T12:45:40.341+0000] {standard_task_runner.py:60} INFO - Started process 398 to run task
[2026-02-12T12:45:40.345+0000] {standard_task_runner.py:87} INFO - Running: ['***', 'tasks', 'run', 'tunisia', 'load_data', 'manual__2026-02-12T12:45:35.435118+00:00', '--job-id', '391', '--raw', '--subdir', 'DAGS_FOLDER/tunisia.py', '--cfg-path', '/tmp/tmpg_bntl9s']
[2026-02-12T12:45:40.347+0000] {standard_task_runner.py:88} INFO - Job 391: Subtask load_data
[2026-02-12T12:45:40.401+0000] {task_command.py:423} INFO - Running <TaskInstance: tunisia.load_data manual__2026-02-12T12:45:35.435118+00:00 [running]> on host 2174eb5e2026
[2026-02-12T12:45:40.833+0000] {taskinstance.py:2480} INFO - Exporting env vars: AIRFLOW_CTX_DAG_OWNER='***' AIRFLOW_CTX_DAG_ID='tunisia' AIRFLOW_CTX_TASK_ID='load_data' AIRFLOW_CTX_EXECUTION_DATE='2026-02-12T12:45:35.435118+00:00' AIRFLOW_CTX_TRY_NUMBER='1' AIRFLOW_CTX_DAG_RUN_ID='manual__2026-02-12T12:45:35.435118+00:00'
[2026-02-12T12:45:40.850+0000] {logging_mixin.py:188} INFO - Before cleaning:
[2026-02-12T12:45:40.864+0000] {logging_mixin.py:188} INFO -                                                 text     label
0   تخيّل روحك تكون تصور في تحرك ضد الشركة الصهيو...  negative
1  فماش تهم أخرى مقنعة أكثر بالله ؟؟ شنو نعملوا ب...  negative
2            هذا اللي صار لأختنا Esmahen Ghanmi  !!   positive
3  متهمة بقضية   جمع معلومات شخصية على الأمنيين  ...  negative
4  بالمناسبة نعاودوا نذكروا الي قضيتنا راهي عادلة...   neutral
[2026-02-12T12:45:40.867+0000] {logging_mixin.py:188} INFO - Unique labels BEFORE filtering: ['negative' 'positive' 'neutral' 'none' 'negative ,']
[2026-02-12T12:45:40.868+0000] {logging_mixin.py:188} INFO - Unique labels AFTER filtering: ['negative' 'positive' 'neutral']
[2026-02-12T12:45:41.074+0000] {python.py:201} INFO - Done. Returned value was: None
[2026-02-12T12:45:41.084+0000] {taskinstance.py:1138} INFO - Marking task as SUCCESS. dag_id=tunisia, task_id=load_data, execution_date=20260212T124535, start_date=20260212T124540, end_date=20260212T124541
[2026-02-12T12:45:41.158+0000] {local_task_job_runner.py:234} INFO - Task exited with return code 0
[2026-02-12T12:45:41.184+0000] {taskinstance.py:3280} INFO - 1 downstream tasks scheduled from follow-on schedule check
