[2026-02-12T10:17:29.181+0000] {taskinstance.py:1956} INFO - Dependencies all met for dep_context=non-requeueable deps ti=<TaskInstance: tunisia.load_data manual__2026-02-12T10:17:23.391319+00:00 [queued]>
[2026-02-12T10:17:29.189+0000] {taskinstance.py:1956} INFO - Dependencies all met for dep_context=requeueable deps ti=<TaskInstance: tunisia.load_data manual__2026-02-12T10:17:23.391319+00:00 [queued]>
[2026-02-12T10:17:29.189+0000] {taskinstance.py:2170} INFO - Starting attempt 1 of 1
[2026-02-12T10:17:29.245+0000] {taskinstance.py:2191} INFO - Executing <Task(PythonOperator): load_data> on 2026-02-12 10:17:23.391319+00:00
[2026-02-12T10:17:29.261+0000] {standard_task_runner.py:60} INFO - Started process 413 to run task
[2026-02-12T10:17:29.283+0000] {standard_task_runner.py:87} INFO - Running: ['***', 'tasks', 'run', 'tunisia', 'load_data', 'manual__2026-02-12T10:17:23.391319+00:00', '--job-id', '340', '--raw', '--subdir', 'DAGS_FOLDER/tunisia.py', '--cfg-path', '/tmp/tmpow66hwob']
[2026-02-12T10:17:29.284+0000] {standard_task_runner.py:88} INFO - Job 340: Subtask load_data
[2026-02-12T10:17:29.346+0000] {task_command.py:423} INFO - Running <TaskInstance: tunisia.load_data manual__2026-02-12T10:17:23.391319+00:00 [running]> on host 3c7414f4470e
[2026-02-12T10:17:30.009+0000] {taskinstance.py:2480} INFO - Exporting env vars: AIRFLOW_CTX_DAG_OWNER='***' AIRFLOW_CTX_DAG_ID='tunisia' AIRFLOW_CTX_TASK_ID='load_data' AIRFLOW_CTX_EXECUTION_DATE='2026-02-12T10:17:23.391319+00:00' AIRFLOW_CTX_TRY_NUMBER='1' AIRFLOW_CTX_DAG_RUN_ID='manual__2026-02-12T10:17:23.391319+00:00'
[2026-02-12T10:17:30.095+0000] {taskinstance.py:2698} ERROR - Task failed with exception
Traceback (most recent call last):
  File "/home/airflow/.local/lib/python3.9/site-packages/airflow/models/taskinstance.py", line 433, in _execute_task
    result = execute_callable(context=context, **execute_callable_kwargs)
  File "/home/airflow/.local/lib/python3.9/site-packages/airflow/operators/python.py", line 199, in execute
    return_value = self.execute_callable()
  File "/home/airflow/.local/lib/python3.9/site-packages/airflow/operators/python.py", line 216, in execute_callable
    return self.python_callable(*self.op_args, **self.op_kwargs)
  File "/opt/airflow/dags/tunisia.py", line 24, in load_data
    raise ValueError(f"CSV Loader found {len(df.columns)} column(s). Check your separator!")
ValueError: CSV Loader found 1 column(s). Check your separator!
[2026-02-12T10:17:30.107+0000] {taskinstance.py:1138} INFO - Marking task as FAILED. dag_id=tunisia, task_id=load_data, execution_date=20260212T101723, start_date=20260212T101729, end_date=20260212T101730
[2026-02-12T10:17:30.487+0000] {standard_task_runner.py:107} ERROR - Failed to execute job 340 for task load_data (CSV Loader found 1 column(s). Check your separator!; 413)
[2026-02-12T10:17:30.521+0000] {local_task_job_runner.py:234} INFO - Task exited with return code 1
[2026-02-12T10:17:30.545+0000] {taskinstance.py:3280} INFO - 0 downstream tasks scheduled from follow-on schedule check
