[2026-02-11T17:36:55.715+0000] {taskinstance.py:1956} INFO - Dependencies all met for dep_context=non-requeueable deps ti=<TaskInstance: arabe_T.load_data manual__2026-02-11T17:36:39.482252+00:00 [queued]>
[2026-02-11T17:36:55.724+0000] {taskinstance.py:1956} INFO - Dependencies all met for dep_context=requeueable deps ti=<TaskInstance: arabe_T.load_data manual__2026-02-11T17:36:39.482252+00:00 [queued]>
[2026-02-11T17:36:55.725+0000] {taskinstance.py:2170} INFO - Starting attempt 1 of 1
[2026-02-11T17:36:55.837+0000] {taskinstance.py:2191} INFO - Executing <Task(PythonOperator): load_data> on 2026-02-11 17:36:39.482252+00:00
[2026-02-11T17:36:55.855+0000] {standard_task_runner.py:60} INFO - Started process 412 to run task
[2026-02-11T17:36:55.879+0000] {standard_task_runner.py:87} INFO - Running: ['***', 'tasks', 'run', 'arabe_T', 'load_data', 'manual__2026-02-11T17:36:39.482252+00:00', '--job-id', '276', '--raw', '--subdir', 'DAGS_FOLDER/arabet.py', '--cfg-path', '/tmp/tmpdn03v4f1']
[2026-02-11T17:36:55.883+0000] {standard_task_runner.py:88} INFO - Job 276: Subtask load_data
[2026-02-11T17:36:56.075+0000] {task_command.py:423} INFO - Running <TaskInstance: arabe_T.load_data manual__2026-02-11T17:36:39.482252+00:00 [running]> on host 37f5064af6fa
[2026-02-11T17:36:57.072+0000] {taskinstance.py:2480} INFO - Exporting env vars: AIRFLOW_CTX_DAG_OWNER='***' AIRFLOW_CTX_DAG_ID='arabe_T' AIRFLOW_CTX_TASK_ID='load_data' AIRFLOW_CTX_EXECUTION_DATE='2026-02-11T17:36:39.482252+00:00' AIRFLOW_CTX_TRY_NUMBER='1' AIRFLOW_CTX_DAG_RUN_ID='manual__2026-02-11T17:36:39.482252+00:00'
[2026-02-11T17:36:57.124+0000] {logging_mixin.py:188} INFO - Columns: Index(['label', 'text'], dtype='object')
[2026-02-11T17:36:57.170+0000] {logging_mixin.py:188} INFO -                                                label      text
0  "تخيّل روحك تكون تصور في تحرك ضد الشركة الصهيو...  negative
1  فماش تهم أخرى مقنعة أكثر بالله ؟؟ شنو نعملوا ب...  negative
2            هذا اللي صار لأختنا Esmahen Ghanmi  !!   positive
3  متهمة بقضية ""جمع معلومات شخصية على الأمنيين""...  negative
4  بالمناسبة نعاودوا نذكروا الي قضيتنا راهي عادلة...   neutral
[2026-02-11T17:36:57.765+0000] {python.py:201} INFO - Done. Returned value was: None
[2026-02-11T17:36:57.778+0000] {taskinstance.py:1138} INFO - Marking task as SUCCESS. dag_id=arabe_T, task_id=load_data, execution_date=20260211T173639, start_date=20260211T173655, end_date=20260211T173657
[2026-02-11T17:36:57.918+0000] {local_task_job_runner.py:234} INFO - Task exited with return code 0
[2026-02-11T17:36:57.942+0000] {taskinstance.py:3280} INFO - 0 downstream tasks scheduled from follow-on schedule check
