[2026-02-03T21:03:38.850+0000] {processor.py:161} INFO - Started process (PID=160) to work on /opt/airflow/dags/model2.py
[2026-02-03T21:03:38.850+0000] {processor.py:830} INFO - Processing file /opt/airflow/dags/model2.py for tasks to queue
[2026-02-03T21:03:38.851+0000] {logging_mixin.py:188} INFO - [2026-02-03T21:03:38.851+0000] {dagbag.py:538} INFO - Filling up the DagBag from /opt/airflow/dags/model2.py
[2026-02-03T21:03:44.986+0000] {processor.py:840} INFO - DAG(s) 'benchmark_model_dag' retrieved from /opt/airflow/dags/model2.py
[2026-02-03T21:03:46.394+0000] {logging_mixin.py:188} INFO - [2026-02-03T21:03:46.394+0000] {dag.py:3036} INFO - Sync 1 DAGs
[2026-02-03T21:03:46.404+0000] {logging_mixin.py:188} INFO - [2026-02-03T21:03:46.403+0000] {dag.py:3823} INFO - Setting next_dagrun for benchmark_model_dag to None, run_after=None
[2026-02-03T21:03:46.461+0000] {processor.py:183} INFO - Processing /opt/airflow/dags/model2.py took 7.614 seconds
[2026-02-03T21:04:16.626+0000] {processor.py:161} INFO - Started process (PID=183) to work on /opt/airflow/dags/model2.py
[2026-02-03T21:04:16.627+0000] {processor.py:830} INFO - Processing file /opt/airflow/dags/model2.py for tasks to queue
[2026-02-03T21:04:16.627+0000] {logging_mixin.py:188} INFO - [2026-02-03T21:04:16.627+0000] {dagbag.py:538} INFO - Filling up the DagBag from /opt/airflow/dags/model2.py
[2026-02-03T21:04:19.699+0000] {processor.py:840} INFO - DAG(s) 'benchmark_model_dag' retrieved from /opt/airflow/dags/model2.py
[2026-02-03T21:04:19.717+0000] {logging_mixin.py:188} INFO - [2026-02-03T21:04:19.717+0000] {dag.py:3036} INFO - Sync 1 DAGs
[2026-02-03T21:04:19.728+0000] {logging_mixin.py:188} INFO - [2026-02-03T21:04:19.728+0000] {dag.py:3823} INFO - Setting next_dagrun for benchmark_model_dag to None, run_after=None
[2026-02-03T21:04:19.810+0000] {processor.py:183} INFO - Processing /opt/airflow/dags/model2.py took 3.188 seconds
[2026-02-03T21:04:50.033+0000] {processor.py:161} INFO - Started process (PID=206) to work on /opt/airflow/dags/model2.py
[2026-02-03T21:04:50.034+0000] {processor.py:830} INFO - Processing file /opt/airflow/dags/model2.py for tasks to queue
[2026-02-03T21:04:50.035+0000] {logging_mixin.py:188} INFO - [2026-02-03T21:04:50.035+0000] {dagbag.py:538} INFO - Filling up the DagBag from /opt/airflow/dags/model2.py
[2026-02-03T21:04:53.007+0000] {processor.py:840} INFO - DAG(s) 'benchmark_model_dag' retrieved from /opt/airflow/dags/model2.py
[2026-02-03T21:04:53.108+0000] {logging_mixin.py:188} INFO - [2026-02-03T21:04:53.107+0000] {dag.py:3036} INFO - Sync 1 DAGs
[2026-02-03T21:04:53.118+0000] {logging_mixin.py:188} INFO - [2026-02-03T21:04:53.117+0000] {dag.py:3823} INFO - Setting next_dagrun for benchmark_model_dag to None, run_after=None
[2026-02-03T21:04:53.276+0000] {processor.py:183} INFO - Processing /opt/airflow/dags/model2.py took 3.248 seconds
[2026-02-03T21:05:24.094+0000] {processor.py:161} INFO - Started process (PID=229) to work on /opt/airflow/dags/model2.py
[2026-02-03T21:05:24.096+0000] {processor.py:830} INFO - Processing file /opt/airflow/dags/model2.py for tasks to queue
[2026-02-03T21:05:24.097+0000] {logging_mixin.py:188} INFO - [2026-02-03T21:05:24.096+0000] {dagbag.py:538} INFO - Filling up the DagBag from /opt/airflow/dags/model2.py
[2026-02-03T21:05:26.804+0000] {processor.py:840} INFO - DAG(s) 'benchmark_model_dag' retrieved from /opt/airflow/dags/model2.py
[2026-02-03T21:05:26.822+0000] {logging_mixin.py:188} INFO - [2026-02-03T21:05:26.821+0000] {dag.py:3036} INFO - Sync 1 DAGs
[2026-02-03T21:05:26.831+0000] {logging_mixin.py:188} INFO - [2026-02-03T21:05:26.830+0000] {dag.py:3823} INFO - Setting next_dagrun for benchmark_model_dag to None, run_after=None
[2026-02-03T21:05:26.885+0000] {processor.py:183} INFO - Processing /opt/airflow/dags/model2.py took 2.794 seconds
