[2026-02-12T10:50:31.272+0000] {taskinstance.py:1956} INFO - Dependencies all met for dep_context=non-requeueable deps ti=<TaskInstance: tunisia.evaluate_model manual__2026-02-12T10:45:08.335392+00:00 [queued]>
[2026-02-12T10:50:31.280+0000] {taskinstance.py:1956} INFO - Dependencies all met for dep_context=requeueable deps ti=<TaskInstance: tunisia.evaluate_model manual__2026-02-12T10:45:08.335392+00:00 [queued]>
[2026-02-12T10:50:31.280+0000] {taskinstance.py:2170} INFO - Starting attempt 1 of 1
[2026-02-12T10:50:31.317+0000] {taskinstance.py:2191} INFO - Executing <Task(PythonOperator): evaluate_model> on 2026-02-12 10:45:08.335392+00:00
[2026-02-12T10:50:31.329+0000] {standard_task_runner.py:60} INFO - Started process 1662 to run task
[2026-02-12T10:50:31.331+0000] {standard_task_runner.py:87} INFO - Running: ['***', 'tasks', 'run', 'tunisia', 'evaluate_model', 'manual__2026-02-12T10:45:08.335392+00:00', '--job-id', '350', '--raw', '--subdir', 'DAGS_FOLDER/tunisia.py', '--cfg-path', '/tmp/tmpv7q3hlb2']
[2026-02-12T10:50:31.333+0000] {standard_task_runner.py:88} INFO - Job 350: Subtask evaluate_model
[2026-02-12T10:50:31.380+0000] {task_command.py:423} INFO - Running <TaskInstance: tunisia.evaluate_model manual__2026-02-12T10:45:08.335392+00:00 [running]> on host 5646c7ded843
[2026-02-12T10:50:31.461+0000] {taskinstance.py:2480} INFO - Exporting env vars: AIRFLOW_CTX_DAG_OWNER='***' AIRFLOW_CTX_DAG_ID='tunisia' AIRFLOW_CTX_TASK_ID='evaluate_model' AIRFLOW_CTX_EXECUTION_DATE='2026-02-12T10:45:08.335392+00:00' AIRFLOW_CTX_TRY_NUMBER='1' AIRFLOW_CTX_DAG_RUN_ID='manual__2026-02-12T10:45:08.335392+00:00'
[2026-02-12T10:50:31.487+0000] {logging_mixin.py:188} WARNING - /home/***/.local/lib/python3.9/site-packages/sklearn/metrics/_classification.py:1565 UndefinedMetricWarning: Recall is ill-defined and being set to 0.0 in labels with no true samples. Use `zero_division` parameter to control this behavior.
[2026-02-12T10:50:31.491+0000] {logging_mixin.py:188} WARNING - /home/***/.local/lib/python3.9/site-packages/sklearn/metrics/_classification.py:1565 UndefinedMetricWarning: Recall is ill-defined and being set to 0.0 in labels with no true samples. Use `zero_division` parameter to control this behavior.
[2026-02-12T10:50:31.495+0000] {logging_mixin.py:188} WARNING - /home/***/.local/lib/python3.9/site-packages/sklearn/metrics/_classification.py:1565 UndefinedMetricWarning: Recall is ill-defined and being set to 0.0 in labels with no true samples. Use `zero_division` parameter to control this behavior.
[2026-02-12T10:50:31.498+0000] {logging_mixin.py:188} WARNING - /home/***/.local/lib/python3.9/site-packages/sklearn/metrics/_classification.py:1565 UndefinedMetricWarning: Recall is ill-defined and being set to 0.0 in labels with no true samples. Use `zero_division` parameter to control this behavior.
[2026-02-12T10:50:31.524+0000] {logging_mixin.py:188} WARNING - /home/***/.local/lib/python3.9/site-packages/sklearn/metrics/_classification.py:407 UserWarning: A single label was found in 'y_true' and 'y_pred'. For the confusion matrix to have the correct shape, use the 'labels' parameter to pass all known labels.
[2026-02-12T10:50:31.525+0000] {logging_mixin.py:188} INFO - ==============================
[2026-02-12T10:50:31.525+0000] {logging_mixin.py:188} INFO -  FINAL EVALUATION RESULTS 
[2026-02-12T10:50:31.525+0000] {logging_mixin.py:188} INFO - ==============================
[2026-02-12T10:50:31.525+0000] {logging_mixin.py:188} INFO - Accuracy:  0.9949
[2026-02-12T10:50:31.525+0000] {logging_mixin.py:188} INFO - Precision: 1.0000
[2026-02-12T10:50:31.525+0000] {logging_mixin.py:188} INFO - Recall:    0.9949
[2026-02-12T10:50:31.525+0000] {logging_mixin.py:188} INFO - F1-Score:  0.9974
[2026-02-12T10:50:31.526+0000] {logging_mixin.py:188} INFO - 
Detailed Classification Report:
[2026-02-12T10:50:31.526+0000] {logging_mixin.py:188} INFO -               precision    recall  f1-score   support

    negative       0.00      0.00      0.00         0
     neutral       1.00      0.99      1.00       196

    accuracy                           0.99       196
   macro avg       0.50      0.50      0.50       196
weighted avg       1.00      0.99      1.00       196
[2026-02-12T10:50:31.526+0000] {logging_mixin.py:188} INFO - 
Confusion Matrix:
[2026-02-12T10:50:31.526+0000] {logging_mixin.py:188} INFO - Labels: ['neutral']
[2026-02-12T10:50:31.526+0000] {logging_mixin.py:188} INFO - [[195]]
[2026-02-12T10:50:31.526+0000] {logging_mixin.py:188} INFO - ==============================
[2026-02-12T10:50:31.699+0000] {logging_mixin.py:188} INFO - Benchmark Accuracy: 0.9948979591836735
[2026-02-12T10:50:31.705+0000] {logging_mixin.py:188} WARNING - /home/***/.local/lib/python3.9/site-packages/sklearn/metrics/_classification.py:1565 UndefinedMetricWarning: Recall is ill-defined and being set to 0.0 in labels with no true samples. Use `zero_division` parameter to control this behavior.
[2026-02-12T10:50:31.729+0000] {logging_mixin.py:188} INFO - Benchmark Accuracy: 0.9949
[2026-02-12T10:50:31.730+0000] {logging_mixin.py:188} INFO - Precision (weighted): 1.0000
[2026-02-12T10:50:31.730+0000] {logging_mixin.py:188} INFO - Recall (weighted): 0.9949
[2026-02-12T10:50:31.730+0000] {logging_mixin.py:188} INFO - F1-score (weighted): 0.9974
[2026-02-12T10:50:31.730+0000] {python.py:201} INFO - Done. Returned value was: None
[2026-02-12T10:50:31.737+0000] {taskinstance.py:1138} INFO - Marking task as SUCCESS. dag_id=tunisia, task_id=evaluate_model, execution_date=20260212T104508, start_date=20260212T105031, end_date=20260212T105031
[2026-02-12T10:50:31.825+0000] {local_task_job_runner.py:234} INFO - Task exited with return code 0
[2026-02-12T10:50:31.842+0000] {taskinstance.py:3280} INFO - 0 downstream tasks scheduled from follow-on schedule check
