[2026-02-16T14:55:07.375+0000] {taskinstance.py:1956} INFO - Dependencies all met for dep_context=non-requeueable deps ti=<TaskInstance: tunisia.load_data manual__2026-02-11T21:46:43.703761+00:00 [queued]>
[2026-02-16T14:55:07.386+0000] {taskinstance.py:1956} INFO - Dependencies all met for dep_context=requeueable deps ti=<TaskInstance: tunisia.load_data manual__2026-02-11T21:46:43.703761+00:00 [queued]>
[2026-02-16T14:55:07.387+0000] {taskinstance.py:2170} INFO - Starting attempt 2 of 2
[2026-02-16T14:55:07.413+0000] {taskinstance.py:2191} INFO - Executing <Task(PythonOperator): load_data> on 2026-02-11 21:46:43.703761+00:00
[2026-02-16T14:55:07.426+0000] {standard_task_runner.py:60} INFO - Started process 762 to run task
[2026-02-16T14:55:07.429+0000] {standard_task_runner.py:87} INFO - Running: ['***', 'tasks', 'run', 'tunisia', 'load_data', 'manual__2026-02-11T21:46:43.703761+00:00', '--job-id', '436', '--raw', '--subdir', 'DAGS_FOLDER/tunisia.py', '--cfg-path', '/tmp/tmpjxvvtfot']
[2026-02-16T14:55:07.430+0000] {standard_task_runner.py:88} INFO - Job 436: Subtask load_data
[2026-02-16T14:55:07.493+0000] {task_command.py:423} INFO - Running <TaskInstance: tunisia.load_data manual__2026-02-11T21:46:43.703761+00:00 [running]> on host bfe1eb2b1a9c
[2026-02-16T14:55:07.661+0000] {taskinstance.py:2480} INFO - Exporting env vars: AIRFLOW_CTX_DAG_OWNER='***' AIRFLOW_CTX_DAG_ID='tunisia' AIRFLOW_CTX_TASK_ID='load_data' AIRFLOW_CTX_EXECUTION_DATE='2026-02-11T21:46:43.703761+00:00' AIRFLOW_CTX_TRY_NUMBER='2' AIRFLOW_CTX_DAG_RUN_ID='manual__2026-02-11T21:46:43.703761+00:00'
[2026-02-16T14:55:07.673+0000] {logging_mixin.py:188} INFO -                                                 text     label
0   تخيّل روحك تكون تصور في تحرك ضد الشركة الصهيو...  negative
1  فماش تهم أخرى مقنعة أكثر بالله ؟؟ شنو نعملوا ب...  negative
2            هذا اللي صار لأختنا Esmahen Ghanmi  !!   positive
3  متهمة بقضية   جمع معلومات شخصية على الأمنيين  ...  negative
4  بالمناسبة نعاودوا نذكروا الي قضيتنا راهي عادلة...   neutral
[2026-02-16T14:55:07.678+0000] {logging_mixin.py:188} INFO - label
negative    59
neutral     56
positive    45
Name: count, dtype: int64
[2026-02-16T14:55:07.725+0000] {python.py:201} INFO - Done. Returned value was: None
[2026-02-16T14:55:07.734+0000] {taskinstance.py:1138} INFO - Marking task as SUCCESS. dag_id=tunisia, task_id=load_data, execution_date=20260211T214643, start_date=20260216T145507, end_date=20260216T145507
[2026-02-16T14:55:07.801+0000] {local_task_job_runner.py:234} INFO - Task exited with return code 0
[2026-02-16T14:55:07.831+0000] {taskinstance.py:3280} INFO - 1 downstream tasks scheduled from follow-on schedule check
