[2026-02-11T17:50:29.275+0000] {taskinstance.py:1956} INFO - Dependencies all met for dep_context=non-requeueable deps ti=<TaskInstance: arabe_T.evaluate_model manual__2026-02-11T12:17:28.422807+00:00 [queued]>
[2026-02-11T17:50:29.285+0000] {taskinstance.py:1956} INFO - Dependencies all met for dep_context=requeueable deps ti=<TaskInstance: arabe_T.evaluate_model manual__2026-02-11T12:17:28.422807+00:00 [queued]>
[2026-02-11T17:50:29.285+0000] {taskinstance.py:2170} INFO - Starting attempt 1 of 1
[2026-02-11T17:50:29.302+0000] {taskinstance.py:2191} INFO - Executing <Task(PythonOperator): evaluate_model> on 2026-02-11 12:17:28.422807+00:00
[2026-02-11T17:50:29.316+0000] {standard_task_runner.py:60} INFO - Started process 3081 to run task
[2026-02-11T17:50:29.319+0000] {standard_task_runner.py:87} INFO - Running: ['***', 'tasks', 'run', 'arabe_T', 'evaluate_model', 'manual__2026-02-11T12:17:28.422807+00:00', '--job-id', '290', '--raw', '--subdir', 'DAGS_FOLDER/arabet.py', '--cfg-path', '/tmp/tmpydgtgt98']
[2026-02-11T17:50:29.321+0000] {standard_task_runner.py:88} INFO - Job 290: Subtask evaluate_model
[2026-02-11T17:50:29.368+0000] {task_command.py:423} INFO - Running <TaskInstance: arabe_T.evaluate_model manual__2026-02-11T12:17:28.422807+00:00 [running]> on host 37f5064af6fa
[2026-02-11T17:50:29.458+0000] {taskinstance.py:2480} INFO - Exporting env vars: AIRFLOW_CTX_DAG_OWNER='***' AIRFLOW_CTX_DAG_ID='arabe_T' AIRFLOW_CTX_TASK_ID='evaluate_model' AIRFLOW_CTX_EXECUTION_DATE='2026-02-11T12:17:28.422807+00:00' AIRFLOW_CTX_TRY_NUMBER='1' AIRFLOW_CTX_DAG_RUN_ID='manual__2026-02-11T12:17:28.422807+00:00'
[2026-02-11T17:50:29.514+0000] {logging_mixin.py:188} INFO - Benchmark Accuracy: 0.0
[2026-02-11T17:50:29.564+0000] {logging_mixin.py:188} WARNING - /home/***/.local/lib/python3.9/site-packages/sklearn/metrics/_classification.py:1565 UndefinedMetricWarning: Precision is ill-defined and being set to 0.0 in labels with no predicted samples. Use `zero_division` parameter to control this behavior.
[2026-02-11T17:50:29.605+0000] {logging_mixin.py:188} WARNING - /home/***/.local/lib/python3.9/site-packages/sklearn/metrics/_classification.py:1565 UndefinedMetricWarning: Recall is ill-defined and being set to 0.0 in labels with no true samples. Use `zero_division` parameter to control this behavior.
[2026-02-11T17:50:29.642+0000] {logging_mixin.py:188} INFO - Benchmark Accuracy: 0.0000
[2026-02-11T17:50:29.643+0000] {logging_mixin.py:188} INFO - Precision (weighted): 0.0000
[2026-02-11T17:50:29.643+0000] {logging_mixin.py:188} INFO - Recall (weighted): 0.0000
[2026-02-11T17:50:29.643+0000] {logging_mixin.py:188} INFO - F1-score (weighted): 0.0000
[2026-02-11T17:50:29.644+0000] {python.py:201} INFO - Done. Returned value was: None
[2026-02-11T17:50:29.654+0000] {taskinstance.py:1138} INFO - Marking task as SUCCESS. dag_id=arabe_T, task_id=evaluate_model, execution_date=20260211T121728, start_date=20260211T175029, end_date=20260211T175029
[2026-02-11T17:50:29.733+0000] {local_task_job_runner.py:234} INFO - Task exited with return code 0
[2026-02-11T17:50:29.755+0000] {taskinstance.py:3280} INFO - 0 downstream tasks scheduled from follow-on schedule check
