[2026-02-12T12:52:05.466+0000] {taskinstance.py:1956} INFO - Dependencies all met for dep_context=non-requeueable deps ti=<TaskInstance: tunisia.evaluate_model manual__2026-02-12T12:45:35.435118+00:00 [queued]>
[2026-02-12T12:52:05.477+0000] {taskinstance.py:1956} INFO - Dependencies all met for dep_context=requeueable deps ti=<TaskInstance: tunisia.evaluate_model manual__2026-02-12T12:45:35.435118+00:00 [queued]>
[2026-02-12T12:52:05.477+0000] {taskinstance.py:2170} INFO - Starting attempt 1 of 1
[2026-02-12T12:52:05.574+0000] {taskinstance.py:2191} INFO - Executing <Task(PythonOperator): evaluate_model> on 2026-02-12 12:45:35.435118+00:00
[2026-02-12T12:52:05.589+0000] {standard_task_runner.py:60} INFO - Started process 1566 to run task
[2026-02-12T12:52:05.593+0000] {standard_task_runner.py:87} INFO - Running: ['***', 'tasks', 'run', 'tunisia', 'evaluate_model', 'manual__2026-02-12T12:45:35.435118+00:00', '--job-id', '394', '--raw', '--subdir', 'DAGS_FOLDER/tunisia.py', '--cfg-path', '/tmp/tmpxypanos8']
[2026-02-12T12:52:05.595+0000] {standard_task_runner.py:88} INFO - Job 394: Subtask evaluate_model
[2026-02-12T12:52:05.675+0000] {task_command.py:423} INFO - Running <TaskInstance: tunisia.evaluate_model manual__2026-02-12T12:45:35.435118+00:00 [running]> on host 2174eb5e2026
[2026-02-12T12:52:05.778+0000] {taskinstance.py:2480} INFO - Exporting env vars: AIRFLOW_CTX_DAG_OWNER='***' AIRFLOW_CTX_DAG_ID='tunisia' AIRFLOW_CTX_TASK_ID='evaluate_model' AIRFLOW_CTX_EXECUTION_DATE='2026-02-12T12:45:35.435118+00:00' AIRFLOW_CTX_TRY_NUMBER='1' AIRFLOW_CTX_DAG_RUN_ID='manual__2026-02-12T12:45:35.435118+00:00'
[2026-02-12T12:52:05.915+0000] {logging_mixin.py:188} INFO - ==============================
[2026-02-12T12:52:05.915+0000] {logging_mixin.py:188} INFO -  FINAL EVALUATION RESULTS 
[2026-02-12T12:52:05.915+0000] {logging_mixin.py:188} INFO - ==============================
[2026-02-12T12:52:05.916+0000] {logging_mixin.py:188} INFO - Accuracy:  0.6757
[2026-02-12T12:52:05.916+0000] {logging_mixin.py:188} INFO - Precision: 0.6770
[2026-02-12T12:52:05.916+0000] {logging_mixin.py:188} INFO - Recall:    0.6757
[2026-02-12T12:52:05.916+0000] {logging_mixin.py:188} INFO - F1-Score:  0.6755
[2026-02-12T12:52:05.917+0000] {logging_mixin.py:188} INFO - 
Detailed Classification Report:
[2026-02-12T12:52:05.917+0000] {logging_mixin.py:188} INFO -               precision    recall  f1-score   support

    negative       0.67      0.72      0.69        72
     neutral       0.72      0.67      0.69        66
    positive       0.63      0.62      0.62        47

    accuracy                           0.68       185
   macro avg       0.67      0.67      0.67       185
weighted avg       0.68      0.68      0.68       185
[2026-02-12T12:52:05.917+0000] {logging_mixin.py:188} INFO - 
Confusion Matrix:
[2026-02-12T12:52:05.917+0000] {logging_mixin.py:188} INFO - Labels: ['negative', 'neutral', 'positive']
[2026-02-12T12:52:05.918+0000] {logging_mixin.py:188} INFO - [[52 10 10]
 [15 44  7]
 [11  7 29]]
[2026-02-12T12:52:05.918+0000] {logging_mixin.py:188} INFO - ==============================
[2026-02-12T12:52:05.966+0000] {logging_mixin.py:188} INFO - Benchmark Accuracy: 0.6756756756756757
[2026-02-12T12:52:05.974+0000] {logging_mixin.py:188} INFO - Benchmark Accuracy: 0.6757
[2026-02-12T12:52:05.975+0000] {logging_mixin.py:188} INFO - Precision (weighted): 0.6770
[2026-02-12T12:52:05.975+0000] {logging_mixin.py:188} INFO - Recall (weighted): 0.6757
[2026-02-12T12:52:05.975+0000] {logging_mixin.py:188} INFO - F1-score (weighted): 0.6755
[2026-02-12T12:52:05.975+0000] {python.py:201} INFO - Done. Returned value was: None
[2026-02-12T12:52:05.982+0000] {taskinstance.py:1138} INFO - Marking task as SUCCESS. dag_id=tunisia, task_id=evaluate_model, execution_date=20260212T124535, start_date=20260212T125205, end_date=20260212T125205
[2026-02-12T12:52:06.048+0000] {local_task_job_runner.py:234} INFO - Task exited with return code 0
[2026-02-12T12:52:06.064+0000] {taskinstance.py:3280} INFO - 0 downstream tasks scheduled from follow-on schedule check
