[2026-02-11T16:06:17.858+0000] {taskinstance.py:1956} INFO - Dependencies all met for dep_context=non-requeueable deps ti=<TaskInstance: arabe_T.run_predictions manual__2026-02-11T16:06:03.491236+00:00 [queued]>
[2026-02-11T16:06:17.873+0000] {taskinstance.py:1956} INFO - Dependencies all met for dep_context=requeueable deps ti=<TaskInstance: arabe_T.run_predictions manual__2026-02-11T16:06:03.491236+00:00 [queued]>
[2026-02-11T16:06:17.874+0000] {taskinstance.py:2170} INFO - Starting attempt 1 of 1
[2026-02-11T16:06:17.920+0000] {taskinstance.py:2191} INFO - Executing <Task(PythonOperator): run_predictions> on 2026-02-11 16:06:03.491236+00:00
[2026-02-11T16:06:17.934+0000] {standard_task_runner.py:60} INFO - Started process 583 to run task
[2026-02-11T16:06:17.938+0000] {standard_task_runner.py:87} INFO - Running: ['***', 'tasks', 'run', 'arabe_T', 'run_predictions', 'manual__2026-02-11T16:06:03.491236+00:00', '--job-id', '253', '--raw', '--subdir', 'DAGS_FOLDER/arabet.py', '--cfg-path', '/tmp/tmpzxfdp3cy']
[2026-02-11T16:06:17.941+0000] {standard_task_runner.py:88} INFO - Job 253: Subtask run_predictions
[2026-02-11T16:06:18.003+0000] {task_command.py:423} INFO - Running <TaskInstance: arabe_T.run_predictions manual__2026-02-11T16:06:03.491236+00:00 [running]> on host 60968cfcc5bb
[2026-02-11T16:06:18.090+0000] {taskinstance.py:2480} INFO - Exporting env vars: AIRFLOW_CTX_DAG_OWNER='***' AIRFLOW_CTX_DAG_ID='arabe_T' AIRFLOW_CTX_TASK_ID='run_predictions' AIRFLOW_CTX_EXECUTION_DATE='2026-02-11T16:06:03.491236+00:00' AIRFLOW_CTX_TRY_NUMBER='1' AIRFLOW_CTX_DAG_RUN_ID='manual__2026-02-11T16:06:03.491236+00:00'
[2026-02-11T16:09:31.539+0000] {taskinstance.py:2698} ERROR - Task failed with exception
Traceback (most recent call last):
  File "/home/airflow/.local/lib/python3.9/site-packages/airflow/models/taskinstance.py", line 433, in _execute_task
    result = execute_callable(context=context, **execute_callable_kwargs)
  File "/home/airflow/.local/lib/python3.9/site-packages/airflow/operators/python.py", line 199, in execute
    return_value = self.execute_callable()
  File "/home/airflow/.local/lib/python3.9/site-packages/airflow/operators/python.py", line 216, in execute_callable
    return self.python_callable(*self.op_args, **self.op_kwargs)
  File "/opt/airflow/dags/arabet.py", line 50, in run_predictions
    predictions = [roberta_map[p["label"]] for p in preds]
  File "/opt/airflow/dags/arabet.py", line 50, in <listcomp>
    predictions = [roberta_map[p["label"]] for p in preds]
KeyError: '1 star'
[2026-02-11T16:09:31.620+0000] {taskinstance.py:1138} INFO - Marking task as FAILED. dag_id=arabe_T, task_id=run_predictions, execution_date=20260211T160603, start_date=20260211T160617, end_date=20260211T160931
[2026-02-11T16:09:31.854+0000] {standard_task_runner.py:107} ERROR - Failed to execute job 253 for task run_predictions ('1 star'; 583)
[2026-02-11T16:09:31.925+0000] {local_task_job_runner.py:234} INFO - Task exited with return code 1
[2026-02-11T16:09:31.948+0000] {taskinstance.py:3280} INFO - 0 downstream tasks scheduled from follow-on schedule check
