[2026-02-16T18:20:43.092+0000] {taskinstance.py:1956} INFO - Dependencies all met for dep_context=non-requeueable deps ti=<TaskInstance: tunisia.load_data manual__2026-02-16T18:20:29.193779+00:00 [queued]>
[2026-02-16T18:20:43.123+0000] {taskinstance.py:1956} INFO - Dependencies all met for dep_context=requeueable deps ti=<TaskInstance: tunisia.load_data manual__2026-02-16T18:20:29.193779+00:00 [queued]>
[2026-02-16T18:20:43.123+0000] {taskinstance.py:2170} INFO - Starting attempt 1 of 1
[2026-02-16T18:20:43.184+0000] {taskinstance.py:2191} INFO - Executing <Task(PythonOperator): load_data> on 2026-02-16 18:20:29.193779+00:00
[2026-02-16T18:20:43.212+0000] {standard_task_runner.py:60} INFO - Started process 29505 to run task
[2026-02-16T18:20:43.242+0000] {standard_task_runner.py:87} INFO - Running: ['***', 'tasks', 'run', 'tunisia', 'load_data', 'manual__2026-02-16T18:20:29.193779+00:00', '--job-id', '457', '--raw', '--subdir', 'DAGS_FOLDER/tunisia.py', '--cfg-path', '/tmp/tmpyg0c7j97']
[2026-02-16T18:20:43.244+0000] {standard_task_runner.py:88} INFO - Job 457: Subtask load_data
[2026-02-16T18:20:43.332+0000] {task_command.py:423} INFO - Running <TaskInstance: tunisia.load_data manual__2026-02-16T18:20:29.193779+00:00 [running]> on host baa415497f57
[2026-02-16T18:20:44.114+0000] {taskinstance.py:2480} INFO - Exporting env vars: AIRFLOW_CTX_DAG_OWNER='***' AIRFLOW_CTX_DAG_ID='tunisia' AIRFLOW_CTX_TASK_ID='load_data' AIRFLOW_CTX_EXECUTION_DATE='2026-02-16T18:20:29.193779+00:00' AIRFLOW_CTX_TRY_NUMBER='1' AIRFLOW_CTX_DAG_RUN_ID='manual__2026-02-16T18:20:29.193779+00:00'
[2026-02-16T18:20:44.411+0000] {logging_mixin.py:188} INFO -                                                 text     label
0   تخيّل روحك تكون تصور في تحرك ضد الشركة الصهيو...  negative
1  فماش تهم أخرى مقنعة أكثر بالله ؟؟ شنو نعملوا ب...  negative
2            هذا اللي صار لأختنا Esmahen Ghanmi  !!   positive
3  متهمة بقضية   جمع معلومات شخصية على الأمنيين  ...  negative
4  بالمناسبة نعاودوا نذكروا الي قضيتنا راهي عادلة...   neutral
[2026-02-16T18:20:44.542+0000] {logging_mixin.py:188} INFO - label
negative    59
neutral     56
positive    45
Name: count, dtype: int64
[2026-02-16T18:20:44.814+0000] {python.py:201} INFO - Done. Returned value was: None
[2026-02-16T18:20:44.838+0000] {taskinstance.py:1138} INFO - Marking task as SUCCESS. dag_id=tunisia, task_id=load_data, execution_date=20260216T182029, start_date=20260216T182043, end_date=20260216T182044
[2026-02-16T18:20:44.976+0000] {local_task_job_runner.py:234} INFO - Task exited with return code 0
[2026-02-16T18:20:45.022+0000] {taskinstance.py:3280} INFO - 1 downstream tasks scheduled from follow-on schedule check
