[2026-02-12T14:24:26.260+0000] {taskinstance.py:1956} INFO - Dependencies all met for dep_context=non-requeueable deps ti=<TaskInstance: tunisia.evaluate_model manual__2026-02-12T14:17:10.534673+00:00 [queued]>
[2026-02-12T14:24:26.270+0000] {taskinstance.py:1956} INFO - Dependencies all met for dep_context=requeueable deps ti=<TaskInstance: tunisia.evaluate_model manual__2026-02-12T14:17:10.534673+00:00 [queued]>
[2026-02-12T14:24:26.270+0000] {taskinstance.py:2170} INFO - Starting attempt 1 of 1
[2026-02-12T14:24:26.305+0000] {taskinstance.py:2191} INFO - Executing <Task(PythonOperator): evaluate_model> on 2026-02-12 14:17:10.534673+00:00
[2026-02-12T14:24:26.317+0000] {standard_task_runner.py:60} INFO - Started process 1809 to run task
[2026-02-12T14:24:26.320+0000] {standard_task_runner.py:87} INFO - Running: ['***', 'tasks', 'run', 'tunisia', 'evaluate_model', 'manual__2026-02-12T14:17:10.534673+00:00', '--job-id', '415', '--raw', '--subdir', 'DAGS_FOLDER/tunisia.py', '--cfg-path', '/tmp/tmp3s_9p_f3']
[2026-02-12T14:24:26.322+0000] {standard_task_runner.py:88} INFO - Job 415: Subtask evaluate_model
[2026-02-12T14:24:26.365+0000] {task_command.py:423} INFO - Running <TaskInstance: tunisia.evaluate_model manual__2026-02-12T14:17:10.534673+00:00 [running]> on host bfe1eb2b1a9c
[2026-02-12T14:24:26.449+0000] {taskinstance.py:2480} INFO - Exporting env vars: AIRFLOW_CTX_DAG_OWNER='***' AIRFLOW_CTX_DAG_ID='tunisia' AIRFLOW_CTX_TASK_ID='evaluate_model' AIRFLOW_CTX_EXECUTION_DATE='2026-02-12T14:17:10.534673+00:00' AIRFLOW_CTX_TRY_NUMBER='1' AIRFLOW_CTX_DAG_RUN_ID='manual__2026-02-12T14:17:10.534673+00:00'
[2026-02-12T14:24:26.560+0000] {logging_mixin.py:188} INFO - ==============================
[2026-02-12T14:24:26.560+0000] {logging_mixin.py:188} INFO -  FINAL EVALUATION RESULTS 
[2026-02-12T14:24:26.561+0000] {logging_mixin.py:188} INFO - ==============================
[2026-02-12T14:24:26.561+0000] {logging_mixin.py:188} INFO - Accuracy:  0.6630
[2026-02-12T14:24:26.561+0000] {logging_mixin.py:188} INFO - Precision: 0.6647
[2026-02-12T14:24:26.561+0000] {logging_mixin.py:188} INFO - Recall:    0.6630
[2026-02-12T14:24:26.561+0000] {logging_mixin.py:188} INFO - F1-Score:  0.6624
[2026-02-12T14:24:26.561+0000] {logging_mixin.py:188} INFO - 
Detailed Classification Report:
[2026-02-12T14:24:26.561+0000] {logging_mixin.py:188} INFO -               precision    recall  f1-score   support

    negative       0.65      0.73      0.69        73
     neutral       0.70      0.62      0.66        64
    positive       0.63      0.62      0.62        47

    accuracy                           0.66       184
   macro avg       0.66      0.66      0.66       184
weighted avg       0.66      0.66      0.66       184
[2026-02-12T14:24:26.561+0000] {logging_mixin.py:188} INFO - 
Confusion Matrix:
[2026-02-12T14:24:26.562+0000] {logging_mixin.py:188} INFO - Labels: ['negative', 'neutral', 'positive']
[2026-02-12T14:24:26.562+0000] {logging_mixin.py:188} INFO - [[53 10 10]
 [17 40  7]
 [11  7 29]]
[2026-02-12T14:24:26.562+0000] {logging_mixin.py:188} INFO - ==============================
[2026-02-12T14:24:26.613+0000] {logging_mixin.py:188} INFO - Benchmark Accuracy: 0.6630434782608695
[2026-02-12T14:24:26.620+0000] {logging_mixin.py:188} INFO - Benchmark Accuracy: 0.6630
[2026-02-12T14:24:26.621+0000] {logging_mixin.py:188} INFO - Precision (weighted): 0.6647
[2026-02-12T14:24:26.621+0000] {logging_mixin.py:188} INFO - Recall (weighted): 0.6630
[2026-02-12T14:24:26.621+0000] {logging_mixin.py:188} INFO - F1-score (weighted): 0.6624
[2026-02-12T14:24:26.621+0000] {python.py:201} INFO - Done. Returned value was: None
[2026-02-12T14:24:26.628+0000] {taskinstance.py:1138} INFO - Marking task as SUCCESS. dag_id=tunisia, task_id=evaluate_model, execution_date=20260212T141710, start_date=20260212T142426, end_date=20260212T142426
[2026-02-12T14:24:26.692+0000] {local_task_job_runner.py:234} INFO - Task exited with return code 0
[2026-02-12T14:24:26.706+0000] {taskinstance.py:3280} INFO - 0 downstream tasks scheduled from follow-on schedule check
