[2026-02-12T13:28:47.919+0000] {taskinstance.py:1956} INFO - Dependencies all met for dep_context=non-requeueable deps ti=<TaskInstance: tunisia.evaluate_model manual__2026-02-12T13:21:36.618669+00:00 [queued]>
[2026-02-12T13:28:47.938+0000] {taskinstance.py:1956} INFO - Dependencies all met for dep_context=requeueable deps ti=<TaskInstance: tunisia.evaluate_model manual__2026-02-12T13:21:36.618669+00:00 [queued]>
[2026-02-12T13:28:47.943+0000] {taskinstance.py:2170} INFO - Starting attempt 1 of 1
[2026-02-12T13:28:48.108+0000] {taskinstance.py:2191} INFO - Executing <Task(PythonOperator): evaluate_model> on 2026-02-12 13:21:36.618669+00:00
[2026-02-12T13:28:48.126+0000] {standard_task_runner.py:60} INFO - Started process 1887 to run task
[2026-02-12T13:28:48.129+0000] {standard_task_runner.py:87} INFO - Running: ['***', 'tasks', 'run', 'tunisia', 'evaluate_model', 'manual__2026-02-12T13:21:36.618669+00:00', '--job-id', '399', '--raw', '--subdir', 'DAGS_FOLDER/tunisia.py', '--cfg-path', '/tmp/tmpf2ri69w4']
[2026-02-12T13:28:48.130+0000] {standard_task_runner.py:88} INFO - Job 399: Subtask evaluate_model
[2026-02-12T13:28:48.195+0000] {task_command.py:423} INFO - Running <TaskInstance: tunisia.evaluate_model manual__2026-02-12T13:21:36.618669+00:00 [running]> on host a63c4609eba9
[2026-02-12T13:28:48.286+0000] {taskinstance.py:2480} INFO - Exporting env vars: AIRFLOW_CTX_DAG_OWNER='***' AIRFLOW_CTX_DAG_ID='tunisia' AIRFLOW_CTX_TASK_ID='evaluate_model' AIRFLOW_CTX_EXECUTION_DATE='2026-02-12T13:21:36.618669+00:00' AIRFLOW_CTX_TRY_NUMBER='1' AIRFLOW_CTX_DAG_RUN_ID='manual__2026-02-12T13:21:36.618669+00:00'
[2026-02-12T13:28:48.457+0000] {logging_mixin.py:188} INFO - ==============================
[2026-02-12T13:28:48.457+0000] {logging_mixin.py:188} INFO -  FINAL EVALUATION RESULTS 
[2026-02-12T13:28:48.458+0000] {logging_mixin.py:188} INFO - ==============================
[2026-02-12T13:28:48.458+0000] {logging_mixin.py:188} INFO - Accuracy:  0.6791
[2026-02-12T13:28:48.458+0000] {logging_mixin.py:188} INFO - Precision: 0.6806
[2026-02-12T13:28:48.458+0000] {logging_mixin.py:188} INFO - Recall:    0.6791
[2026-02-12T13:28:48.458+0000] {logging_mixin.py:188} INFO - F1-Score:  0.6791
[2026-02-12T13:28:48.458+0000] {logging_mixin.py:188} INFO - 
Detailed Classification Report:
[2026-02-12T13:28:48.458+0000] {logging_mixin.py:188} INFO -               precision    recall  f1-score   support

    negative       0.67      0.72      0.69        72
     neutral       0.73      0.68      0.70        68
    positive       0.63      0.62      0.62        47

    accuracy                           0.68       187
   macro avg       0.68      0.67      0.67       187
weighted avg       0.68      0.68      0.68       187
[2026-02-12T13:28:48.458+0000] {logging_mixin.py:188} INFO - 
Confusion Matrix:
[2026-02-12T13:28:48.458+0000] {logging_mixin.py:188} INFO - Labels: ['negative', 'neutral', 'positive']
[2026-02-12T13:28:48.459+0000] {logging_mixin.py:188} INFO - [[52 10 10]
 [15 46  7]
 [11  7 29]]
[2026-02-12T13:28:48.459+0000] {logging_mixin.py:188} INFO - ==============================
[2026-02-12T13:28:48.554+0000] {logging_mixin.py:188} INFO - Benchmark Accuracy: 0.679144385026738
[2026-02-12T13:28:48.566+0000] {logging_mixin.py:188} INFO - Benchmark Accuracy: 0.6791
[2026-02-12T13:28:48.566+0000] {logging_mixin.py:188} INFO - Precision (weighted): 0.6806
[2026-02-12T13:28:48.567+0000] {logging_mixin.py:188} INFO - Recall (weighted): 0.6791
[2026-02-12T13:28:48.567+0000] {logging_mixin.py:188} INFO - F1-score (weighted): 0.6791
[2026-02-12T13:28:48.567+0000] {python.py:201} INFO - Done. Returned value was: None
[2026-02-12T13:28:48.574+0000] {taskinstance.py:1138} INFO - Marking task as SUCCESS. dag_id=tunisia, task_id=evaluate_model, execution_date=20260212T132136, start_date=20260212T132847, end_date=20260212T132848
[2026-02-12T13:28:48.622+0000] {local_task_job_runner.py:234} INFO - Task exited with return code 0
[2026-02-12T13:28:48.638+0000] {taskinstance.py:3280} INFO - 0 downstream tasks scheduled from follow-on schedule check
