[2026-02-11T17:12:10.138+0000] {taskinstance.py:1956} INFO - Dependencies all met for dep_context=non-requeueable deps ti=<TaskInstance: arabe_T.run_predictions manual__2026-02-11T17:11:55.146990+00:00 [queued]>
[2026-02-11T17:12:10.147+0000] {taskinstance.py:1956} INFO - Dependencies all met for dep_context=requeueable deps ti=<TaskInstance: arabe_T.run_predictions manual__2026-02-11T17:11:55.146990+00:00 [queued]>
[2026-02-11T17:12:10.148+0000] {taskinstance.py:2170} INFO - Starting attempt 1 of 1
[2026-02-11T17:12:10.178+0000] {taskinstance.py:2191} INFO - Executing <Task(PythonOperator): run_predictions> on 2026-02-11 17:11:55.146990+00:00
[2026-02-11T17:12:10.196+0000] {standard_task_runner.py:60} INFO - Started process 376 to run task
[2026-02-11T17:12:10.199+0000] {standard_task_runner.py:87} INFO - Running: ['***', 'tasks', 'run', 'arabe_T', 'run_predictions', 'manual__2026-02-11T17:11:55.146990+00:00', '--job-id', '274', '--raw', '--subdir', 'DAGS_FOLDER/arabet.py', '--cfg-path', '/tmp/tmp6j4o846s']
[2026-02-11T17:12:10.200+0000] {standard_task_runner.py:88} INFO - Job 274: Subtask run_predictions
[2026-02-11T17:12:10.244+0000] {task_command.py:423} INFO - Running <TaskInstance: arabe_T.run_predictions manual__2026-02-11T17:11:55.146990+00:00 [running]> on host 8b4b884f19d7
[2026-02-11T17:12:10.345+0000] {taskinstance.py:2480} INFO - Exporting env vars: AIRFLOW_CTX_DAG_OWNER='***' AIRFLOW_CTX_DAG_ID='arabe_T' AIRFLOW_CTX_TASK_ID='run_predictions' AIRFLOW_CTX_EXECUTION_DATE='2026-02-11T17:11:55.146990+00:00' AIRFLOW_CTX_TRY_NUMBER='1' AIRFLOW_CTX_DAG_RUN_ID='manual__2026-02-11T17:11:55.146990+00:00'
[2026-02-11T17:18:32.211+0000] {taskinstance.py:2698} ERROR - Task failed with exception
Traceback (most recent call last):
  File "/home/airflow/.local/lib/python3.9/site-packages/airflow/models/taskinstance.py", line 433, in _execute_task
    result = execute_callable(context=context, **execute_callable_kwargs)
  File "/home/airflow/.local/lib/python3.9/site-packages/airflow/operators/python.py", line 199, in execute
    return_value = self.execute_callable()
  File "/home/airflow/.local/lib/python3.9/site-packages/airflow/operators/python.py", line 216, in execute_callable
    return self.python_callable(*self.op_args, **self.op_kwargs)
  File "/opt/airflow/dags/arabet.py", line 63, in run_predictions
    predictions = [roberta_map[p["label"]] for p in preds]
  File "/opt/airflow/dags/arabet.py", line 63, in <listcomp>
    predictions = [roberta_map[p["label"]] for p in preds]
KeyError: 'neutral'
[2026-02-11T17:18:32.399+0000] {taskinstance.py:1138} INFO - Marking task as FAILED. dag_id=arabe_T, task_id=run_predictions, execution_date=20260211T171155, start_date=20260211T171210, end_date=20260211T171832
[2026-02-11T17:18:33.248+0000] {standard_task_runner.py:107} ERROR - Failed to execute job 274 for task run_predictions ('neutral'; 376)
[2026-02-11T17:18:33.347+0000] {local_task_job_runner.py:234} INFO - Task exited with return code 1
[2026-02-11T17:18:33.372+0000] {taskinstance.py:3280} INFO - 0 downstream tasks scheduled from follow-on schedule check
