[2026-02-12T12:27:56.354+0000] {taskinstance.py:1956} INFO - Dependencies all met for dep_context=non-requeueable deps ti=<TaskInstance: tunisia.evaluate_model manual__2026-02-12T12:21:30.658803+00:00 [queued]>
[2026-02-12T12:27:56.364+0000] {taskinstance.py:1956} INFO - Dependencies all met for dep_context=requeueable deps ti=<TaskInstance: tunisia.evaluate_model manual__2026-02-12T12:21:30.658803+00:00 [queued]>
[2026-02-12T12:27:56.364+0000] {taskinstance.py:2170} INFO - Starting attempt 1 of 1
[2026-02-12T12:27:56.414+0000] {taskinstance.py:2191} INFO - Executing <Task(PythonOperator): evaluate_model> on 2026-02-12 12:21:30.658803+00:00
[2026-02-12T12:27:56.426+0000] {standard_task_runner.py:60} INFO - Started process 1553 to run task
[2026-02-12T12:27:56.429+0000] {standard_task_runner.py:87} INFO - Running: ['***', 'tasks', 'run', 'tunisia', 'evaluate_model', 'manual__2026-02-12T12:21:30.658803+00:00', '--job-id', '389', '--raw', '--subdir', 'DAGS_FOLDER/tunisia.py', '--cfg-path', '/tmp/tmpam3hy2f3']
[2026-02-12T12:27:56.431+0000] {standard_task_runner.py:88} INFO - Job 389: Subtask evaluate_model
[2026-02-12T12:27:56.489+0000] {task_command.py:423} INFO - Running <TaskInstance: tunisia.evaluate_model manual__2026-02-12T12:21:30.658803+00:00 [running]> on host 8b934bed39a8
[2026-02-12T12:27:56.584+0000] {taskinstance.py:2480} INFO - Exporting env vars: AIRFLOW_CTX_DAG_OWNER='***' AIRFLOW_CTX_DAG_ID='tunisia' AIRFLOW_CTX_TASK_ID='evaluate_model' AIRFLOW_CTX_EXECUTION_DATE='2026-02-12T12:21:30.658803+00:00' AIRFLOW_CTX_TRY_NUMBER='1' AIRFLOW_CTX_DAG_RUN_ID='manual__2026-02-12T12:21:30.658803+00:00'
[2026-02-12T12:27:56.718+0000] {logging_mixin.py:188} INFO - ==============================
[2026-02-12T12:27:56.718+0000] {logging_mixin.py:188} INFO -  FINAL EVALUATION RESULTS 
[2026-02-12T12:27:56.718+0000] {logging_mixin.py:188} INFO - ==============================
[2026-02-12T12:27:56.718+0000] {logging_mixin.py:188} INFO - Accuracy:  0.6667
[2026-02-12T12:27:56.719+0000] {logging_mixin.py:188} INFO - Precision: 0.6673
[2026-02-12T12:27:56.719+0000] {logging_mixin.py:188} INFO - Recall:    0.6667
[2026-02-12T12:27:56.719+0000] {logging_mixin.py:188} INFO - F1-Score:  0.6664
[2026-02-12T12:27:56.719+0000] {logging_mixin.py:188} INFO - 
Detailed Classification Report:
[2026-02-12T12:27:56.720+0000] {logging_mixin.py:188} INFO -               precision    recall  f1-score   support

    negative       0.67      0.71      0.69        70
     neutral       0.71      0.67      0.69        66
    positive       0.60      0.59      0.59        41

    accuracy                           0.67       177
   macro avg       0.66      0.66      0.66       177
weighted avg       0.67      0.67      0.67       177
[2026-02-12T12:27:56.720+0000] {logging_mixin.py:188} INFO - 
Confusion Matrix:
[2026-02-12T12:27:56.720+0000] {logging_mixin.py:188} INFO - Labels: ['negative', 'neutral', 'positive']
[2026-02-12T12:27:56.721+0000] {logging_mixin.py:188} INFO - [[50 11  9]
 [15 44  7]
 [10  7 24]]
[2026-02-12T12:27:56.721+0000] {logging_mixin.py:188} INFO - ==============================
[2026-02-12T12:27:56.777+0000] {logging_mixin.py:188} INFO - Benchmark Accuracy: 0.6666666666666666
[2026-02-12T12:27:56.790+0000] {logging_mixin.py:188} INFO - Benchmark Accuracy: 0.6667
[2026-02-12T12:27:56.790+0000] {logging_mixin.py:188} INFO - Precision (weighted): 0.6673
[2026-02-12T12:27:56.790+0000] {logging_mixin.py:188} INFO - Recall (weighted): 0.6667
[2026-02-12T12:27:56.791+0000] {logging_mixin.py:188} INFO - F1-score (weighted): 0.6664
[2026-02-12T12:27:56.791+0000] {python.py:201} INFO - Done. Returned value was: None
[2026-02-12T12:27:56.801+0000] {taskinstance.py:1138} INFO - Marking task as SUCCESS. dag_id=tunisia, task_id=evaluate_model, execution_date=20260212T122130, start_date=20260212T122756, end_date=20260212T122756
[2026-02-12T12:27:56.882+0000] {local_task_job_runner.py:234} INFO - Task exited with return code 0
[2026-02-12T12:27:56.900+0000] {taskinstance.py:3280} INFO - 0 downstream tasks scheduled from follow-on schedule check
