[2026-02-05T14:59:06.874+0000] {taskinstance.py:1956} INFO - Dependencies all met for dep_context=non-requeueable deps ti=<TaskInstance: arabe.evaluate_model manual__2026-02-05T14:49:15.044899+00:00 [queued]>
[2026-02-05T14:59:06.884+0000] {taskinstance.py:1956} INFO - Dependencies all met for dep_context=requeueable deps ti=<TaskInstance: arabe.evaluate_model manual__2026-02-05T14:49:15.044899+00:00 [queued]>
[2026-02-05T14:59:06.885+0000] {taskinstance.py:2170} INFO - Starting attempt 1 of 1
[2026-02-05T14:59:06.914+0000] {taskinstance.py:2191} INFO - Executing <Task(PythonOperator): evaluate_model> on 2026-02-05 14:49:15.044899+00:00
[2026-02-05T14:59:06.925+0000] {standard_task_runner.py:60} INFO - Started process 1452 to run task
[2026-02-05T14:59:06.929+0000] {standard_task_runner.py:87} INFO - Running: ['***', 'tasks', 'run', 'arabe', 'evaluate_model', 'manual__2026-02-05T14:49:15.044899+00:00', '--job-id', '90', '--raw', '--subdir', 'DAGS_FOLDER/arabic.py', '--cfg-path', '/tmp/tmpjc1oeyju']
[2026-02-05T14:59:06.931+0000] {standard_task_runner.py:88} INFO - Job 90: Subtask evaluate_model
[2026-02-05T14:59:06.982+0000] {task_command.py:423} INFO - Running <TaskInstance: arabe.evaluate_model manual__2026-02-05T14:49:15.044899+00:00 [running]> on host a7d80b09a75f
[2026-02-05T14:59:07.057+0000] {taskinstance.py:2480} INFO - Exporting env vars: AIRFLOW_CTX_DAG_OWNER='***' AIRFLOW_CTX_DAG_ID='arabe' AIRFLOW_CTX_TASK_ID='evaluate_model' AIRFLOW_CTX_EXECUTION_DATE='2026-02-05T14:49:15.044899+00:00' AIRFLOW_CTX_TRY_NUMBER='1' AIRFLOW_CTX_DAG_RUN_ID='manual__2026-02-05T14:49:15.044899+00:00'
[2026-02-05T14:59:07.092+0000] {logging_mixin.py:188} INFO - Benchmark Accuracy: 0.7029702970297029
[2026-02-05T14:59:07.111+0000] {logging_mixin.py:188} WARNING - /home/***/.local/lib/python3.9/site-packages/sklearn/metrics/_classification.py:1565 UndefinedMetricWarning: Precision is ill-defined and being set to 0.0 in labels with no predicted samples. Use `zero_division` parameter to control this behavior.
[2026-02-05T14:59:07.114+0000] {logging_mixin.py:188} WARNING - /home/***/.local/lib/python3.9/site-packages/sklearn/metrics/_classification.py:1565 UndefinedMetricWarning: Recall is ill-defined and being set to 0.0 in labels with no true samples. Use `zero_division` parameter to control this behavior.
[2026-02-05T14:59:07.117+0000] {logging_mixin.py:188} INFO - Benchmark Accuracy: 0.7030
[2026-02-05T14:59:07.117+0000] {logging_mixin.py:188} INFO - Precision (weighted): 0.8300
[2026-02-05T14:59:07.118+0000] {logging_mixin.py:188} INFO - Recall (weighted): 0.7030
[2026-02-05T14:59:07.118+0000] {logging_mixin.py:188} INFO - F1-score (weighted): 0.7600
[2026-02-05T14:59:07.118+0000] {python.py:201} INFO - Done. Returned value was: None
[2026-02-05T14:59:07.126+0000] {taskinstance.py:1138} INFO - Marking task as SUCCESS. dag_id=arabe, task_id=evaluate_model, execution_date=20260205T144915, start_date=20260205T145906, end_date=20260205T145907
[2026-02-05T14:59:07.221+0000] {local_task_job_runner.py:234} INFO - Task exited with return code 0
[2026-02-05T14:59:07.237+0000] {taskinstance.py:3280} INFO - 0 downstream tasks scheduled from follow-on schedule check
