[2026-02-11T12:04:55.581+0000] {taskinstance.py:1956} INFO - Dependencies all met for dep_context=non-requeueable deps ti=<TaskInstance: arabe_T.load_data manual__2026-02-11T12:04:50.482509+00:00 [queued]>
[2026-02-11T12:04:55.620+0000] {taskinstance.py:1956} INFO - Dependencies all met for dep_context=requeueable deps ti=<TaskInstance: arabe_T.load_data manual__2026-02-11T12:04:50.482509+00:00 [queued]>
[2026-02-11T12:04:55.620+0000] {taskinstance.py:2170} INFO - Starting attempt 1 of 1
[2026-02-11T12:04:55.698+0000] {taskinstance.py:2191} INFO - Executing <Task(PythonOperator): load_data> on 2026-02-11 12:04:50.482509+00:00
[2026-02-11T12:04:55.711+0000] {standard_task_runner.py:60} INFO - Started process 383 to run task
[2026-02-11T12:04:55.714+0000] {standard_task_runner.py:87} INFO - Running: ['***', 'tasks', 'run', 'arabe_T', 'load_data', 'manual__2026-02-11T12:04:50.482509+00:00', '--job-id', '191', '--raw', '--subdir', 'DAGS_FOLDER/arabet.py', '--cfg-path', '/tmp/tmpcjyg9jvc']
[2026-02-11T12:04:55.716+0000] {standard_task_runner.py:88} INFO - Job 191: Subtask load_data
[2026-02-11T12:04:55.789+0000] {task_command.py:423} INFO - Running <TaskInstance: arabe_T.load_data manual__2026-02-11T12:04:50.482509+00:00 [running]> on host 8361b9fb5b8d
[2026-02-11T12:04:56.302+0000] {taskinstance.py:2480} INFO - Exporting env vars: AIRFLOW_CTX_DAG_OWNER='***' AIRFLOW_CTX_DAG_ID='arabe_T' AIRFLOW_CTX_TASK_ID='load_data' AIRFLOW_CTX_EXECUTION_DATE='2026-02-11T12:04:50.482509+00:00' AIRFLOW_CTX_TRY_NUMBER='1' AIRFLOW_CTX_DAG_RUN_ID='manual__2026-02-11T12:04:50.482509+00:00'
[2026-02-11T12:04:56.377+0000] {taskinstance.py:2698} ERROR - Task failed with exception
Traceback (most recent call last):
  File "/home/airflow/.local/lib/python3.9/site-packages/airflow/models/taskinstance.py", line 433, in _execute_task
    result = execute_callable(context=context, **execute_callable_kwargs)
  File "/home/airflow/.local/lib/python3.9/site-packages/airflow/operators/python.py", line 199, in execute
    return_value = self.execute_callable()
  File "/home/airflow/.local/lib/python3.9/site-packages/airflow/operators/python.py", line 216, in execute_callable
    return self.python_callable(*self.op_args, **self.op_kwargs)
  File "/opt/airflow/dags/arabet.py", line 12, in load_data
    df = pd.read_csv("/opt/airflow/data/arabt.csv", header=None)
  File "/home/airflow/.local/lib/python3.9/site-packages/pandas/io/parsers/readers.py", line 948, in read_csv
    return _read(filepath_or_buffer, kwds)
  File "/home/airflow/.local/lib/python3.9/site-packages/pandas/io/parsers/readers.py", line 611, in _read
    parser = TextFileReader(filepath_or_buffer, **kwds)
  File "/home/airflow/.local/lib/python3.9/site-packages/pandas/io/parsers/readers.py", line 1448, in __init__
    self._engine = self._make_engine(f, self.engine)
  File "/home/airflow/.local/lib/python3.9/site-packages/pandas/io/parsers/readers.py", line 1705, in _make_engine
    self.handles = get_handle(
  File "/home/airflow/.local/lib/python3.9/site-packages/pandas/io/common.py", line 863, in get_handle
    handle = open(
FileNotFoundError: [Errno 2] No such file or directory: '/opt/airflow/data/arabt.csv'
[2026-02-11T12:04:56.514+0000] {taskinstance.py:1138} INFO - Marking task as FAILED. dag_id=arabe_T, task_id=load_data, execution_date=20260211T120450, start_date=20260211T120455, end_date=20260211T120456
[2026-02-11T12:04:56.694+0000] {standard_task_runner.py:107} ERROR - Failed to execute job 191 for task load_data ([Errno 2] No such file or directory: '/opt/airflow/data/arabt.csv'; 383)
[2026-02-11T12:04:56.728+0000] {local_task_job_runner.py:234} INFO - Task exited with return code 1
[2026-02-11T12:04:56.758+0000] {taskinstance.py:3280} INFO - 0 downstream tasks scheduled from follow-on schedule check
