[2026-02-11T17:42:50.320+0000] {taskinstance.py:1956} INFO - Dependencies all met for dep_context=non-requeueable deps ti=<TaskInstance: arabe_T.evaluate_model manual__2026-02-11T17:36:39.482252+00:00 [queued]>
[2026-02-11T17:42:50.330+0000] {taskinstance.py:1956} INFO - Dependencies all met for dep_context=requeueable deps ti=<TaskInstance: arabe_T.evaluate_model manual__2026-02-11T17:36:39.482252+00:00 [queued]>
[2026-02-11T17:42:50.330+0000] {taskinstance.py:2170} INFO - Starting attempt 1 of 1
[2026-02-11T17:42:50.425+0000] {taskinstance.py:2191} INFO - Executing <Task(PythonOperator): evaluate_model> on 2026-02-11 17:36:39.482252+00:00
[2026-02-11T17:42:50.436+0000] {standard_task_runner.py:60} INFO - Started process 1553 to run task
[2026-02-11T17:42:50.439+0000] {standard_task_runner.py:87} INFO - Running: ['***', 'tasks', 'run', 'arabe_T', 'evaluate_model', 'manual__2026-02-11T17:36:39.482252+00:00', '--job-id', '279', '--raw', '--subdir', 'DAGS_FOLDER/arabet.py', '--cfg-path', '/tmp/tmpsy8h2140']
[2026-02-11T17:42:50.440+0000] {standard_task_runner.py:88} INFO - Job 279: Subtask evaluate_model
[2026-02-11T17:42:50.522+0000] {task_command.py:423} INFO - Running <TaskInstance: arabe_T.evaluate_model manual__2026-02-11T17:36:39.482252+00:00 [running]> on host 37f5064af6fa
[2026-02-11T17:42:50.679+0000] {taskinstance.py:2480} INFO - Exporting env vars: AIRFLOW_CTX_DAG_OWNER='***' AIRFLOW_CTX_DAG_ID='arabe_T' AIRFLOW_CTX_TASK_ID='evaluate_model' AIRFLOW_CTX_EXECUTION_DATE='2026-02-11T17:36:39.482252+00:00' AIRFLOW_CTX_TRY_NUMBER='1' AIRFLOW_CTX_DAG_RUN_ID='manual__2026-02-11T17:36:39.482252+00:00'
[2026-02-11T17:42:50.771+0000] {logging_mixin.py:188} INFO - Benchmark Accuracy: 0.0
[2026-02-11T17:42:50.841+0000] {logging_mixin.py:188} WARNING - /home/***/.local/lib/python3.9/site-packages/sklearn/metrics/_classification.py:1565 UndefinedMetricWarning: Precision is ill-defined and being set to 0.0 in labels with no predicted samples. Use `zero_division` parameter to control this behavior.
[2026-02-11T17:42:50.869+0000] {logging_mixin.py:188} WARNING - /home/***/.local/lib/python3.9/site-packages/sklearn/metrics/_classification.py:1565 UndefinedMetricWarning: Recall is ill-defined and being set to 0.0 in labels with no true samples. Use `zero_division` parameter to control this behavior.
[2026-02-11T17:42:50.898+0000] {logging_mixin.py:188} INFO - Benchmark Accuracy: 0.0000
[2026-02-11T17:42:50.898+0000] {logging_mixin.py:188} INFO - Precision (weighted): 0.0000
[2026-02-11T17:42:50.898+0000] {logging_mixin.py:188} INFO - Recall (weighted): 0.0000
[2026-02-11T17:42:50.898+0000] {logging_mixin.py:188} INFO - F1-score (weighted): 0.0000
[2026-02-11T17:42:50.899+0000] {python.py:201} INFO - Done. Returned value was: None
[2026-02-11T17:42:50.907+0000] {taskinstance.py:1138} INFO - Marking task as SUCCESS. dag_id=arabe_T, task_id=evaluate_model, execution_date=20260211T173639, start_date=20260211T174250, end_date=20260211T174250
[2026-02-11T17:42:50.972+0000] {local_task_job_runner.py:234} INFO - Task exited with return code 0
[2026-02-11T17:42:50.988+0000] {taskinstance.py:3280} INFO - 0 downstream tasks scheduled from follow-on schedule check
